TN:
SF:C:\Users\charles.barnes\Documents\dev\career-portal\.tmp\serve\app\index.module.js
FN:1,(anonymous_1)
FN:6,__webpack_require__
FN:45,(anonymous_3)
FN:71,(anonymous_4)
FN:163,_interopRequireDefault
FN:166,(anonymous_6)
FN:168,(anonymous_7)
FN:170,(anonymous_8)
FN:172,(anonymous_9)
FN:174,(anonymous_10)
FN:176,(anonymous_11)
FN:178,(anonymous_12)
FN:187,configuration
FN:197,(anonymous_14)
FN:205,routerConfig
FN:219,job
FN:222,(anonymous_17)
FN:228,(anonymous_18)
FN:244,(anonymous_19)
FN:252,localeConfig
FN:271,(anonymous_21)
FN:279,(anonymous_22)
FN:279,defineProperties
FN:279,(anonymous_24)
FN:281,_classCallCheck
FN:283,(anonymous_26)
FN:285,JobListController
FN:298,loadMoreData
FN:304,clearSearchParamsAndLoadData
FN:318,(anonymous_30)
FN:326,(anonymous_31)
FN:326,defineProperties
FN:326,(anonymous_33)
FN:328,_classCallCheck
FN:330,(anonymous_35)
FN:333,JobDetailController
FN:364,(anonymous_37)
FN:371,checkSessionStorage
FN:381,shareFacebook
FN:386,shareTwitter
FN:391,shareLinkedin
FN:396,emailLink
FN:401,print
FN:406,applyModal
FN:411,loadRelatedJobs
FN:420,(anonymous_46)
FN:429,loadJobsWithCategory
FN:446,(anonymous_48)
FN:454,(anonymous_49)
FN:454,defineProperties
FN:454,(anonymous_51)
FN:456,_classCallCheck
FN:458,(anonymous_53)
FN:461,CareerPortalModalController
FN:505,applyWithLinkedIn
FN:510,(anonymous_56)
FN:523,closeModal
FN:539,validateResume
FN:575,updateUploadClass
FN:583,enableSendButton
FN:597,showTooltip
FN:610,hideTooltip
FN:615,formatResume
FN:737,checkNested
FN:749,applySuccess
FN:774,submit
FN:801,(anonymous_67)
FN:804,(anonymous_68)
FN:818,(anonymous_69)
FN:826,(anonymous_70)
FN:826,defineProperties
FN:826,(anonymous_72)
FN:828,_classCallCheck
FN:830,(anonymous_74)
FN:833,CareerPortalSidebarController
FN:863,(anonymous_76)
FN:867,(anonymous_77)
FN:874,updateLocationLimitTo
FN:879,updateCategoryLimitTo
FN:884,setLocations
FN:887,(anonymous_81)
FN:888,(anonymous_82)
FN:895,setCategories
FN:898,(anonymous_84)
FN:899,(anonymous_85)
FN:906,updateCountsByIntersection
FN:911,(anonymous_87)
FN:914,(anonymous_88)
FN:927,(anonymous_89)
FN:945,updateFilterCounts
FN:949,(anonymous_91)
FN:950,(anonymous_92)
FN:957,(anonymous_93)
FN:958,(anonymous_94)
FN:960,(anonymous_95)
FN:968,updateFilterCountsAnonymous
FN:971,(anonymous_97)
FN:977,switchViewStyle
FN:982,searchJobs
FN:990,clearSearchParamsAndLoadData
FN:998,goBack
FN:1005,searchOnDelay
FN:1010,(anonymous_103)
FN:1016,addOrRemoveLocation
FN:1028,addOrRemoveCategory
FN:1040,hasLocationFilter
FN:1046,hasCategoryFilter
FN:1058,(anonymous_108)
FN:1066,(anonymous_109)
FN:1066,defineProperties
FN:1066,(anonymous_111)
FN:1068,_classCallCheck
FN:1070,(anonymous_113)
FN:1072,MainController
FN:1082,closeFilters
FN:1099,Main
FN:1119,(anonymous_117)
FN:1127,_classCallCheck
FN:1129,CareerPortalSidebar
FN:1149,(anonymous_120)
FN:1157,(anonymous_121)
FN:1157,defineProperties
FN:1157,(anonymous_123)
FN:1159,_classCallCheck
FN:1161,(anonymous_125)
FN:1163,CareerPortalHeaderController
FN:1175,toggleFilters
FN:1189,goBack
FN:1197,CareerPortalHeader
FN:1219,(anonymous_130)
FN:1227,_classCallCheck
FN:1229,CareerPortalModal
FN:1249,(anonymous_133)
FN:1257,(anonymous_134)
FN:1257,defineProperties
FN:1257,(anonymous_136)
FN:1259,_classCallCheck
FN:1261,(anonymous_138)
FN:1263,SearchService
FN:1275,getCountByLocation
FN:1280,getCountByCategory
FN:1285,getCountWhereIDs
FN:1291,(anonymous_143)
FN:1293,(anonymous_144)
FN:1297,recursiveSearchForIDs
FN:1301,(anonymous_146)
FN:1303,(anonymous_147)
FN:1307,getCountBy
FN:1308,(anonymous_149)
FN:1315,callbackIfNoMore
FN:1317,(anonymous_151)
FN:1337,searchWhereIDs
FN:1341,(anonymous_153)
FN:1343,(anonymous_154)
FN:1347,recursiveSearchForJobs
FN:1348,(anonymous_156)
FN:1357,findJobs
FN:1374,doneFinding
FN:1385,callbackIfNoMore
FN:1410,loadJobData
FN:1411,(anonymous_161)
FN:1416,(anonymous_162)
FN:1422,(anonymous_163)
FN:1428,loadJobDataByCategory
FN:1434,(anonymous_165)
FN:1440,(anonymous_166)
FN:1448,jobCriteria
FN:1470,get
FN:1475,get
FN:1478,set
FN:1483,get
FN:1486,set
FN:1491,get
FN:1496,emptyCurrentDataList
FN:1499,updateStart
FN:1506,resetStartAndTotal
FN:1511,moreRecordsExist
FN:1514,clearSearchParams
FN:1531,get
FN:1547,get
FN:1552,get
FN:1556,sort
FN:1559,count
FN:1562,start
FN:1565,publishedCategory
FN:1589,location
FN:1619,text
FN:1626,query
FN:1642,whereIDs
FN:1643,(anonymous_190)
FN:1645,(anonymous_191)
FN:1659,relatedJobs
FN:1668,find
FN:1671,assembleForSearchWhereIDs
FN:1676,assembleForQueryForIDs
FN:1679,assembleForSearchForJobs
FN:1682,assembleForGroupByWhereIDs
FN:1685,assembleForSearchForIDs
FN:1688,assembleForRelatedJobs
FN:1691,assembleForFind
FN:1698,get
FN:1712,get
FN:1717,get
FN:1722,get
FN:1727,get
FN:1732,get
FN:1744,(anonymous_207)
FN:1752,(anonymous_208)
FN:1752,defineProperties
FN:1752,(anonymous_210)
FN:1754,_classCallCheck
FN:1756,(anonymous_212)
FN:1758,MobileDetection
FN:1769,getDeviceInfo
FN:1793,(anonymous_215)
FN:1798,(anonymous_216)
FN:1807,deepRegex
FN:1816,(anonymous_218)
FN:1820,(anonymous_219)
FN:1838,(anonymous_220)
FN:1846,(anonymous_221)
FN:1846,defineProperties
FN:1846,(anonymous_223)
FN:1848,_classCallCheck
FN:1850,(anonymous_225)
FN:1852,ShareService
FN:1862,additionalEmailInfo
FN:1886,description
FN:1894,emailLink
FN:1899,facebook
FN:1904,linkedin
FN:1909,sendEmailLink
FN:1915,twitter
FN:1920,get
FN:1925,get
FN:1939,get
FN:1943,additionalEmailInfo
FN:1946,facebook
FN:1949,twitter
FN:1952,linkedin
FN:1955,email
FN:1969,(anonymous_242)
FN:1977,(anonymous_243)
FN:1977,defineProperties
FN:1977,(anonymous_245)
FN:1979,_classCallCheck
FN:1981,(anonymous_247)
FN:1983,ApplyService
FN:1994,submit
FN:1995,(anonymous_250)
FN:1997,(anonymous_251)
FN:2018,(anonymous_252)
FN:2021,(anonymous_253)
FN:2032,get
FN:2037,get
FN:2040,set
FN:2045,get
FN:2050,get
FN:2063,set
FN:2068,get
FN:2084,get
FN:2088,firstName
FN:2091,lastName
FN:2094,email
FN:2097,phone
FN:2100,gender
FN:2103,ethnicity
FN:2106,veteran
FN:2109,disability
FN:2112,assemble
FN:2134,(anonymous_271)
FN:2142,(anonymous_272)
FN:2142,defineProperties
FN:2142,(anonymous_274)
FN:2144,_classCallCheck
FN:2146,(anonymous_276)
FN:2147,SharedData
FN:2153,get
FN:2158,get
FN:2161,set
FN:2166,get
FN:2169,set
FN:2174,get
FN:2177,set
FN:2182,get
FN:2185,set
FN:2197,(anonymous_287)
FN:2205,(anonymous_288)
FN:2205,defineProperties
FN:2205,(anonymous_290)
FN:2207,_classCallCheck
FN:2209,(anonymous_292)
FN:2211,LinkedInService
FN:2232,loadAndInitializeApi
FN:2239,(anonymous_295)
FN:2246,(anonymous_296)
FN:2265,getUser
FN:2272,(anonymous_298)
FN:2274,(anonymous_299)
FN:2286,isUserLoaded
FN:2298,(anonymous_301)
FN:2306,(anonymous_302)
FN:2306,defineProperties
FN:2306,(anonymous_304)
FN:2308,_classCallCheck
FN:2310,(anonymous_306)
FN:2312,VerifyLI
FN:2323,verifyLinkedInIntegration
FN:2336,(anonymous_309)
FN:2344,(anonymous_310)
FN:2344,defineProperties
FN:2344,(anonymous_312)
FN:2346,_classCallCheck
FN:2348,(anonymous_314)
FN:2349,CacheService
FN:2363,getItem
FN:2374,putItem
FN:2382,deleteItem
FN:2390,clearStorage
FN:2404,(anonymous_320)
FN:2412,(anonymous_321)
FN:2412,defineProperties
FN:2412,(anonymous_323)
FN:2414,_classCallCheck
FN:2416,(anonymous_325)
FN:2418,EeocService
FN:2433,isGenderRaceEthnicityEnabled
FN:2438,isEthnicityChecked
FN:2444,getCheckedEthnicities
FN:2446,(anonymous_330)
FN:2455,isVeteranEnabled
FN:2460,isDisabilityEnabled
FN:2472,(anonymous_333)
FN:2480,_classCallCheck
FN:2482,StripHtml
FN:2485,(anonymous_336)
FN:2539,(anonymous_337)
FN:2547,_classCallCheck
FN:2549,OmitFilters
FN:2552,(anonymous_340)
FN:2557,(anonymous_341)
FN:2573,(anonymous_342)
FN:2581,(anonymous_343)
FN:2584,(anonymous_344)
FN:2601,(anonymous_345)
FN:2606,(anonymous_346)
FN:2609,(anonymous_347)
FN:2610,(anonymous_348)
FN:2627,(anonymous_349)
FN:2635,(anonymous_350)
FN:2657,(anonymous_351)
FN:2659,(anonymous_352)
FN:2664,(anonymous_353)
FN:2668,(anonymous_354)
FN:2676,(anonymous_355)
FN:2685,(anonymous_356)
FN:2686,(anonymous_357)
FN:2689,(anonymous_358)
FN:2696,(anonymous_359)
FN:2697,(anonymous_360)
FN:2700,(anonymous_361)
FN:2707,(anonymous_362)
FN:2708,(anonymous_363)
FN:2711,(anonymous_364)
FN:2718,(anonymous_365)
FN:2719,(anonymous_366)
FN:2722,(anonymous_367)
FN:2730,(anonymous_368)
FN:2731,(anonymous_369)
FN:2734,(anonymous_370)
FN:2741,(anonymous_371)
FN:2742,(anonymous_372)
FN:2745,(anonymous_373)
FN:2751,(anonymous_374)
FN:2752,(anonymous_375)
FN:2755,(anonymous_376)
FN:2760,(anonymous_377)
FN:2766,(anonymous_378)
FN:2774,(anonymous_379)
FN:2775,(anonymous_380)
FN:2778,(anonymous_381)
FN:2798,(anonymous_382)
FN:2803,(anonymous_383)
FN:2806,(anonymous_384)
FN:2807,(anonymous_385)
FN:2822,(anonymous_386)
FN:2826,(anonymous_387)
FN:2832,(anonymous_388)
FN:2833,(anonymous_389)
FN:2841,(anonymous_390)
FN:2842,(anonymous_391)
FN:2855,(anonymous_392)
FN:2860,(anonymous_393)
FN:2864,(anonymous_394)
FN:2865,(anonymous_395)
FN:2879,(anonymous_396)
FN:2884,(anonymous_397)
FN:2910,(anonymous_398)
FN:2911,(anonymous_399)
FN:2914,(anonymous_400)
FN:2916,(anonymous_401)
FN:2918,then
FN:2927,(anonymous_403)
FN:2928,(anonymous_404)
FN:2931,(anonymous_405)
FN:2940,(anonymous_406)
FN:2942,(anonymous_407)
FN:2954,(anonymous_408)
FN:2955,(anonymous_409)
FN:2959,(anonymous_410)
FN:2960,(anonymous_411)
FN:2961,(anonymous_412)
FN:2975,(anonymous_413)
FN:2981,(anonymous_414)
FN:2987,(anonymous_415)
FN:2995,(anonymous_416)
FN:2996,(anonymous_417)
FN:3001,(anonymous_418)
FN:3002,(anonymous_419)
FN:3007,(anonymous_420)
FN:3008,(anonymous_421)
FN:3016,(anonymous_422)
FN:3024,(anonymous_423)
FN:3035,(anonymous_424)
FN:3036,(anonymous_425)
FN:3045,(anonymous_426)
FN:3046,(anonymous_427)
FN:3050,(anonymous_428)
FN:3052,(anonymous_429)
FN:3053,(anonymous_430)
FN:3076,(anonymous_431)
FN:3108,(anonymous_432)
FN:3139,(anonymous_433)
FN:3171,(anonymous_434)
FN:3187,(anonymous_435)
FN:3202,(anonymous_436)
FN:3232,(anonymous_437)
FN:3267,(anonymous_438)
FN:3298,(anonymous_439)
FN:3341,(anonymous_440)
FN:3383,(anonymous_441)
FN:3470,(anonymous_442)
FN:3522,(anonymous_443)
FN:3523,(anonymous_444)
FN:3528,(anonymous_445)
FN:3531,(anonymous_446)
FN:3532,(anonymous_447)
FN:3540,(anonymous_448)
FN:3543,(anonymous_449)
FN:3548,(anonymous_450)
FN:3554,(anonymous_451)
FN:3569,(anonymous_452)
FN:3586,(anonymous_453)
FN:3591,(anonymous_454)
FN:3602,(anonymous_455)
FN:3614,(anonymous_456)
FN:3615,(anonymous_457)
FN:3622,(anonymous_458)
FN:3630,(anonymous_459)
FN:3646,(anonymous_460)
FN:3654,(anonymous_461)
FN:3662,(anonymous_462)
FN:3670,(anonymous_463)
FN:3671,(anonymous_464)
FN:3675,(anonymous_465)
FN:3679,(anonymous_466)
FN:3680,(anonymous_467)
FN:3684,(anonymous_468)
FN:3688,(anonymous_469)
FN:3689,(anonymous_470)
FN:3703,(anonymous_471)
FN:3706,(anonymous_472)
FN:3710,(anonymous_473)
FN:3716,(anonymous_474)
FN:3723,(anonymous_475)
FN:3724,(anonymous_476)
FN:3736,(anonymous_477)
FN:3739,(anonymous_478)
FN:3743,(anonymous_479)
FN:3749,(anonymous_480)
FN:3756,(anonymous_481)
FN:3757,(anonymous_482)
FN:3761,(anonymous_483)
FN:3762,(anonymous_484)
FN:3766,(anonymous_485)
FN:3767,(anonymous_486)
FN:3771,(anonymous_487)
FN:3772,(anonymous_488)
FN:3775,(anonymous_489)
FN:3780,(anonymous_490)
FN:3781,(anonymous_491)
FN:3785,(anonymous_492)
FN:3786,(anonymous_493)
FN:3790,(anonymous_494)
FN:3791,(anonymous_495)
FN:3795,(anonymous_496)
FN:3796,(anonymous_497)
FN:3800,(anonymous_498)
FN:3801,(anonymous_499)
FN:3802,(anonymous_500)
FN:3812,(anonymous_501)
FN:3815,(anonymous_502)
FN:3819,(anonymous_503)
FN:3826,(anonymous_504)
FN:3827,(anonymous_505)
FN:3828,(anonymous_506)
FN:3835,(anonymous_507)
FN:3838,(anonymous_508)
FN:3842,(anonymous_509)
FN:3849,(anonymous_510)
FN:3850,(anonymous_511)
FN:3851,(anonymous_512)
FN:3861,(anonymous_513)
FN:3864,(anonymous_514)
FN:3869,(anonymous_515)
FN:3874,(anonymous_516)
FN:3875,(anonymous_517)
FN:3876,(anonymous_518)
FN:3883,(anonymous_519)
FN:3886,(anonymous_520)
FN:3891,(anonymous_521)
FN:3900,(anonymous_522)
FN:3957,(anonymous_523)
FN:3992,(anonymous_524)
FN:3996,(anonymous_525)
FN:3997,(anonymous_526)
FN:3998,(anonymous_527)
FN:4020,(anonymous_528)
FN:4040,(anonymous_529)
FN:4044,(anonymous_530)
FN:4058,(anonymous_531)
FN:4093,(anonymous_532)
FN:4098,(anonymous_533)
FN:4099,(anonymous_534)
FN:4105,(anonymous_535)
FN:4108,(anonymous_536)
FN:4115,(anonymous_537)
FN:4120,(anonymous_538)
FN:4121,(anonymous_539)
FN:4127,(anonymous_540)
FN:4130,(anonymous_541)
FN:4137,(anonymous_542)
FN:4142,(anonymous_543)
FN:4148,(anonymous_544)
FN:4149,(anonymous_545)
FN:4159,(anonymous_546)
FN:4163,(anonymous_547)
FN:4167,(anonymous_548)
FN:4168,(anonymous_549)
FN:4173,(anonymous_550)
FN:4174,(anonymous_551)
FN:4179,(anonymous_552)
FN:4180,(anonymous_553)
FN:4185,(anonymous_554)
FN:4186,(anonymous_555)
FN:4194,(anonymous_556)
FN:4198,(anonymous_557)
FN:4205,(anonymous_558)
FN:4210,(anonymous_559)
FN:4214,(anonymous_560)
FN:4218,(anonymous_561)
FN:4219,(anonymous_562)
FN:4227,(anonymous_563)
FN:4228,(anonymous_564)
FN:4237,(anonymous_565)
FN:4238,(anonymous_566)
FN:4248,(anonymous_567)
FN:4249,(anonymous_568)
FN:4261,(anonymous_569)
FN:4265,(anonymous_570)
FN:4277,(anonymous_571)
FN:4278,(anonymous_572)
FN:4283,(anonymous_573)
FN:4287,(anonymous_574)
FN:4291,(anonymous_575)
FN:4292,(anonymous_576)
FN:4295,(anonymous_577)
FN:4300,(anonymous_578)
FN:4301,(anonymous_579)
FN:4304,(anonymous_580)
FN:4309,(anonymous_581)
FN:4316,(anonymous_582)
FN:4317,(anonymous_583)
FN:4320,(anonymous_584)
FN:4328,(anonymous_585)
FN:4329,(anonymous_586)
FN:4332,(anonymous_587)
FN:4337,(anonymous_588)
FN:4338,(anonymous_589)
FN:4341,(anonymous_590)
FN:4349,(anonymous_591)
FN:4354,(anonymous_592)
FN:4361,(anonymous_593)
FN:4367,(anonymous_594)
FN:4371,(anonymous_595)
FN:4375,(anonymous_596)
FN:4376,(anonymous_597)
FN:4384,(anonymous_598)
FN:4392,(anonymous_599)
FN:4402,(anonymous_600)
FN:4403,(anonymous_601)
FN:4411,(anonymous_602)
FN:4415,(anonymous_603)
FN:4420,(anonymous_604)
FN:4421,(anonymous_605)
FN:4433,(anonymous_606)
FN:4437,(anonymous_607)
FN:4441,(anonymous_608)
FN:4442,(anonymous_609)
FN:4447,(anonymous_610)
FN:4448,(anonymous_611)
FN:4453,(anonymous_612)
FN:4454,(anonymous_613)
FN:4459,(anonymous_614)
FN:4460,(anonymous_615)
FN:4465,(anonymous_616)
FN:4466,(anonymous_617)
FN:4471,(anonymous_618)
FN:4472,(anonymous_619)
FN:4477,(anonymous_620)
FN:4478,(anonymous_621)
FN:4483,(anonymous_622)
FN:4484,(anonymous_623)
FN:4489,(anonymous_624)
FN:4490,(anonymous_625)
FN:4495,(anonymous_626)
FN:4496,(anonymous_627)
FN:4501,(anonymous_628)
FN:4502,(anonymous_629)
FN:4507,(anonymous_630)
FN:4508,(anonymous_631)
FN:4513,(anonymous_632)
FN:4514,(anonymous_633)
FN:4519,(anonymous_634)
FN:4520,(anonymous_635)
FN:4525,(anonymous_636)
FN:4526,(anonymous_637)
FN:4531,(anonymous_638)
FN:4532,(anonymous_639)
FN:4541,(anonymous_640)
FN:4550,(anonymous_641)
FN:4559,(anonymous_642)
FN:4573,(anonymous_643)
FN:4578,(anonymous_644)
FN:4581,(anonymous_645)
FN:4582,(anonymous_646)
FN:4590,(anonymous_647)
FN:4604,(anonymous_648)
FN:4609,(anonymous_649)
FN:4611,(anonymous_650)
FN:4616,(anonymous_651)
FN:4621,(anonymous_652)
FN:4626,(anonymous_653)
FN:4632,(anonymous_654)
FN:4638,(anonymous_655)
FN:4644,(anonymous_656)
FN:4649,(anonymous_657)
FN:4658,(anonymous_658)
FN:4663,(anonymous_659)
FN:4668,(anonymous_660)
FN:4669,(anonymous_661)
FN:4674,(anonymous_662)
FN:4678,(anonymous_663)
FN:4682,(anonymous_664)
FN:4683,(anonymous_665)
FN:4688,(anonymous_666)
FN:4689,(anonymous_667)
FN:4694,(anonymous_668)
FN:4695,(anonymous_669)
FN:4700,(anonymous_670)
FN:4701,(anonymous_671)
FN:4709,(anonymous_672)
FN:4714,(anonymous_673)
FN:4719,(anonymous_674)
FN:4720,(anonymous_675)
FN:4731,(anonymous_676)
FN:4735,(anonymous_677)
FN:4739,(anonymous_678)
FN:4740,(anonymous_679)
FN:4745,(anonymous_680)
FN:4750,(anonymous_681)
FN:4754,(anonymous_682)
FN:4758,(anonymous_683)
FN:4762,(anonymous_684)
FN:4771,(anonymous_685)
FN:4775,(anonymous_686)
FNF:686
FNH:570
FNDA:1,(anonymous_1)
FNDA:43,__webpack_require__
FNDA:1,(anonymous_3)
FNDA:1,(anonymous_4)
FNDA:22,_interopRequireDefault
FNDA:1,(anonymous_6)
FNDA:0,(anonymous_7)
FNDA:0,(anonymous_8)
FNDA:1,(anonymous_9)
FNDA:0,(anonymous_10)
FNDA:0,(anonymous_11)
FNDA:102,(anonymous_12)
FNDA:1,configuration
FNDA:1,(anonymous_14)
FNDA:157,routerConfig
FNDA:0,job
FNDA:0,(anonymous_17)
FNDA:0,(anonymous_18)
FNDA:1,(anonymous_19)
FNDA:157,localeConfig
FNDA:1,(anonymous_21)
FNDA:1,(anonymous_22)
FNDA:1,defineProperties
FNDA:1,(anonymous_24)
FNDA:3,_classCallCheck
FNDA:1,(anonymous_26)
FNDA:3,JobListController
FNDA:1,loadMoreData
FNDA:1,clearSearchParamsAndLoadData
FNDA:1,(anonymous_30)
FNDA:1,(anonymous_31)
FNDA:1,defineProperties
FNDA:1,(anonymous_33)
FNDA:22,_classCallCheck
FNDA:1,(anonymous_35)
FNDA:22,JobDetailController
FNDA:0,(anonymous_37)
FNDA:24,checkSessionStorage
FNDA:1,shareFacebook
FNDA:1,shareTwitter
FNDA:1,shareLinkedin
FNDA:1,emailLink
FNDA:1,print
FNDA:1,applyModal
FNDA:25,loadRelatedJobs
FNDA:0,(anonymous_46)
FNDA:1,loadJobsWithCategory
FNDA:1,(anonymous_48)
FNDA:1,(anonymous_49)
FNDA:1,defineProperties
FNDA:1,(anonymous_51)
FNDA:35,_classCallCheck
FNDA:1,(anonymous_53)
FNDA:35,CareerPortalModalController
FNDA:1,applyWithLinkedIn
FNDA:0,(anonymous_56)
FNDA:38,closeModal
FNDA:15,validateResume
FNDA:15,updateUploadClass
FNDA:20,enableSendButton
FNDA:4,showTooltip
FNDA:1,hideTooltip
FNDA:15,formatResume
FNDA:60,checkNested
FNDA:0,applySuccess
FNDA:3,submit
FNDA:0,(anonymous_67)
FNDA:0,(anonymous_68)
FNDA:1,(anonymous_69)
FNDA:1,(anonymous_70)
FNDA:1,defineProperties
FNDA:1,(anonymous_72)
FNDA:40,_classCallCheck
FNDA:1,(anonymous_74)
FNDA:40,CareerPortalSidebarController
FNDA:0,(anonymous_76)
FNDA:0,(anonymous_77)
FNDA:2,updateLocationLimitTo
FNDA:0,updateCategoryLimitTo
FNDA:44,setLocations
FNDA:3,(anonymous_81)
FNDA:8,(anonymous_82)
FNDA:44,setCategories
FNDA:3,(anonymous_84)
FNDA:8,(anonymous_85)
FNDA:0,updateCountsByIntersection
FNDA:0,(anonymous_87)
FNDA:0,(anonymous_88)
FNDA:0,(anonymous_89)
FNDA:0,updateFilterCounts
FNDA:0,(anonymous_91)
FNDA:0,(anonymous_92)
FNDA:0,(anonymous_93)
FNDA:0,(anonymous_94)
FNDA:0,(anonymous_95)
FNDA:80,updateFilterCountsAnonymous
FNDA:0,(anonymous_97)
FNDA:1,switchViewStyle
FNDA:0,searchJobs
FNDA:0,clearSearchParamsAndLoadData
FNDA:0,goBack
FNDA:0,searchOnDelay
FNDA:0,(anonymous_103)
FNDA:2,addOrRemoveLocation
FNDA:2,addOrRemoveCategory
FNDA:4,hasLocationFilter
FNDA:4,hasCategoryFilter
FNDA:1,(anonymous_108)
FNDA:1,(anonymous_109)
FNDA:1,defineProperties
FNDA:1,(anonymous_111)
FNDA:1,_classCallCheck
FNDA:1,(anonymous_113)
FNDA:0,MainController
FNDA:0,closeFilters
FNDA:1,Main
FNDA:1,(anonymous_117)
FNDA:0,_classCallCheck
FNDA:0,CareerPortalSidebar
FNDA:1,(anonymous_120)
FNDA:1,(anonymous_121)
FNDA:1,defineProperties
FNDA:1,(anonymous_123)
FNDA:0,_classCallCheck
FNDA:1,(anonymous_125)
FNDA:0,CareerPortalHeaderController
FNDA:0,toggleFilters
FNDA:0,goBack
FNDA:0,CareerPortalHeader
FNDA:1,(anonymous_130)
FNDA:1,_classCallCheck
FNDA:1,CareerPortalModal
FNDA:1,(anonymous_133)
FNDA:1,(anonymous_134)
FNDA:2,defineProperties
FNDA:1,(anonymous_136)
FNDA:117,_classCallCheck
FNDA:1,(anonymous_138)
FNDA:117,SearchService
FNDA:40,getCountByLocation
FNDA:40,getCountByCategory
FNDA:0,getCountWhereIDs
FNDA:0,(anonymous_143)
FNDA:0,(anonymous_144)
FNDA:80,recursiveSearchForIDs
FNDA:0,(anonymous_146)
FNDA:0,(anonymous_147)
FNDA:80,getCountBy
FNDA:0,(anonymous_149)
FNDA:0,callbackIfNoMore
FNDA:0,(anonymous_151)
FNDA:0,searchWhereIDs
FNDA:0,(anonymous_153)
FNDA:0,(anonymous_154)
FNDA:43,recursiveSearchForJobs
FNDA:0,(anonymous_156)
FNDA:43,findJobs
FNDA:0,doneFinding
FNDA:0,callbackIfNoMore
FNDA:0,loadJobData
FNDA:0,(anonymous_161)
FNDA:0,(anonymous_162)
FNDA:0,(anonymous_163)
FNDA:24,loadJobDataByCategory
FNDA:0,(anonymous_165)
FNDA:0,(anonymous_166)
FNDA:127,jobCriteria
FNDA:2238,get
FNDA:82,get
FNDA:1,set
FNDA:44,get
FNDA:0,set
FNDA:226,get
FNDA:43,emptyCurrentDataList
FNDA:0,updateStart
FNDA:43,resetStartAndTotal
FNDA:0,moreRecordsExist
FNDA:2,clearSearchParams
FNDA:62,get
FNDA:24,get
FNDA:774,get
FNDA:24,sort
FNDA:43,count
FNDA:43,start
FNDA:123,publishedCategory
FNDA:123,location
FNDA:123,text
FNDA:123,query
FNDA:0,whereIDs
FNDA:0,(anonymous_190)
FNDA:0,(anonymous_191)
FNDA:24,relatedJobs
FNDA:0,find
FNDA:0,assembleForSearchWhereIDs
FNDA:0,assembleForQueryForIDs
FNDA:43,assembleForSearchForJobs
FNDA:0,assembleForGroupByWhereIDs
FNDA:80,assembleForSearchForIDs
FNDA:24,assembleForRelatedJobs
FNDA:0,assembleForFind
FNDA:572,get
FNDA:123,get
FNDA:180,get
FNDA:43,get
FNDA:67,get
FNDA:67,get
FNDA:1,(anonymous_207)
FNDA:1,(anonymous_208)
FNDA:1,defineProperties
FNDA:1,(anonymous_210)
FNDA:27,_classCallCheck
FNDA:1,(anonymous_212)
FNDA:27,MobileDetection
FNDA:36,getDeviceInfo
FNDA:72,(anonymous_215)
FNDA:36,(anonymous_216)
FNDA:568,deepRegex
FNDA:160,(anonymous_218)
FNDA:248,(anonymous_219)
FNDA:1,(anonymous_220)
FNDA:1,(anonymous_221)
FNDA:1,defineProperties
FNDA:1,(anonymous_223)
FNDA:58,_classCallCheck
FNDA:1,(anonymous_225)
FNDA:58,ShareService
FNDA:1,additionalEmailInfo
FNDA:4,description
FNDA:1,emailLink
FNDA:1,facebook
FNDA:1,linkedin
FNDA:1,sendEmailLink
FNDA:1,twitter
FNDA:10,get
FNDA:4,get
FNDA:5,get
FNDA:1,additionalEmailInfo
FNDA:1,facebook
FNDA:1,twitter
FNDA:1,linkedin
FNDA:1,email
FNDA:1,(anonymous_242)
FNDA:1,(anonymous_243)
FNDA:1,defineProperties
FNDA:1,(anonymous_245)
FNDA:40,_classCallCheck
FNDA:1,(anonymous_247)
FNDA:40,ApplyService
FNDA:0,submit
FNDA:0,(anonymous_250)
FNDA:0,(anonymous_251)
FNDA:0,(anonymous_252)
FNDA:0,(anonymous_253)
FNDA:185,get
FNDA:11,get
FNDA:0,set
FNDA:0,get
FNDA:165,get
FNDA:0,set
FNDA:1,get
FNDA:1,get
FNDA:0,firstName
FNDA:0,lastName
FNDA:0,email
FNDA:0,phone
FNDA:0,gender
FNDA:0,ethnicity
FNDA:0,veteran
FNDA:0,disability
FNDA:0,assemble
FNDA:1,(anonymous_271)
FNDA:1,(anonymous_272)
FNDA:1,defineProperties
FNDA:1,(anonymous_274)
FNDA:102,_classCallCheck
FNDA:1,(anonymous_276)
FNDA:102,SharedData
FNDA:119,get
FNDA:3,get
FNDA:25,set
FNDA:6,get
FNDA:41,set
FNDA:3,get
FNDA:40,set
FNDA:1,get
FNDA:0,set
FNDA:1,(anonymous_287)
FNDA:1,(anonymous_288)
FNDA:1,defineProperties
FNDA:1,(anonymous_290)
FNDA:35,_classCallCheck
FNDA:1,(anonymous_292)
FNDA:35,LinkedInService
FNDA:0,loadAndInitializeApi
FNDA:0,(anonymous_295)
FNDA:0,(anonymous_296)
FNDA:0,getUser
FNDA:0,(anonymous_298)
FNDA:0,(anonymous_299)
FNDA:0,isUserLoaded
FNDA:1,(anonymous_301)
FNDA:1,(anonymous_302)
FNDA:1,defineProperties
FNDA:1,(anonymous_304)
FNDA:64,_classCallCheck
FNDA:1,(anonymous_306)
FNDA:64,VerifyLI
FNDA:70,verifyLinkedInIntegration
FNDA:1,(anonymous_309)
FNDA:1,(anonymous_310)
FNDA:1,defineProperties
FNDA:1,(anonymous_312)
FNDA:5,_classCallCheck
FNDA:1,(anonymous_314)
FNDA:5,CacheService
FNDA:8,getItem
FNDA:3,putItem
FNDA:1,deleteItem
FNDA:1,clearStorage
FNDA:1,(anonymous_320)
FNDA:1,(anonymous_321)
FNDA:1,defineProperties
FNDA:1,(anonymous_323)
FNDA:47,_classCallCheck
FNDA:1,(anonymous_325)
FNDA:47,EeocService
FNDA:100,isGenderRaceEthnicityEnabled
FNDA:2,isEthnicityChecked
FNDA:3,getCheckedEthnicities
FNDA:4,(anonymous_330)
FNDA:23,isVeteranEnabled
FNDA:21,isDisabilityEnabled
FNDA:1,(anonymous_333)
FNDA:0,_classCallCheck
FNDA:0,StripHtml
FNDA:0,(anonymous_336)
FNDA:1,(anonymous_337)
FNDA:0,_classCallCheck
FNDA:0,OmitFilters
FNDA:0,(anonymous_340)
FNDA:0,(anonymous_341)
FNDA:1,(anonymous_342)
FNDA:0,(anonymous_343)
FNDA:0,(anonymous_344)
FNDA:1,(anonymous_345)
FNDA:1,(anonymous_346)
FNDA:22,(anonymous_347)
FNDA:22,(anonymous_348)
FNDA:22,(anonymous_349)
FNDA:1,(anonymous_350)
FNDA:1,(anonymous_351)
FNDA:1,(anonymous_352)
FNDA:1,(anonymous_353)
FNDA:1,(anonymous_354)
FNDA:1,(anonymous_355)
FNDA:1,(anonymous_356)
FNDA:1,(anonymous_357)
FNDA:1,(anonymous_358)
FNDA:1,(anonymous_359)
FNDA:1,(anonymous_360)
FNDA:1,(anonymous_361)
FNDA:1,(anonymous_362)
FNDA:1,(anonymous_363)
FNDA:1,(anonymous_364)
FNDA:1,(anonymous_365)
FNDA:1,(anonymous_366)
FNDA:1,(anonymous_367)
FNDA:1,(anonymous_368)
FNDA:1,(anonymous_369)
FNDA:1,(anonymous_370)
FNDA:1,(anonymous_371)
FNDA:1,(anonymous_372)
FNDA:1,(anonymous_373)
FNDA:1,(anonymous_374)
FNDA:1,(anonymous_375)
FNDA:1,(anonymous_376)
FNDA:1,(anonymous_377)
FNDA:1,(anonymous_378)
FNDA:1,(anonymous_379)
FNDA:1,(anonymous_380)
FNDA:1,(anonymous_381)
FNDA:1,(anonymous_382)
FNDA:1,(anonymous_383)
FNDA:3,(anonymous_384)
FNDA:3,(anonymous_385)
FNDA:3,(anonymous_386)
FNDA:1,(anonymous_387)
FNDA:1,(anonymous_388)
FNDA:1,(anonymous_389)
FNDA:1,(anonymous_390)
FNDA:1,(anonymous_391)
FNDA:1,(anonymous_392)
FNDA:1,(anonymous_393)
FNDA:34,(anonymous_394)
FNDA:34,(anonymous_395)
FNDA:34,(anonymous_396)
FNDA:1,(anonymous_397)
FNDA:1,(anonymous_398)
FNDA:1,(anonymous_399)
FNDA:1,(anonymous_400)
FNDA:1,(anonymous_401)
FNDA:1,then
FNDA:1,(anonymous_403)
FNDA:1,(anonymous_404)
FNDA:1,(anonymous_405)
FNDA:1,(anonymous_406)
FNDA:2,(anonymous_407)
FNDA:1,(anonymous_408)
FNDA:1,(anonymous_409)
FNDA:4,(anonymous_410)
FNDA:5,(anonymous_411)
FNDA:5,(anonymous_412)
FNDA:1,(anonymous_413)
FNDA:1,(anonymous_414)
FNDA:1,(anonymous_415)
FNDA:1,(anonymous_416)
FNDA:1,(anonymous_417)
FNDA:1,(anonymous_418)
FNDA:1,(anonymous_419)
FNDA:1,(anonymous_420)
FNDA:1,(anonymous_421)
FNDA:1,(anonymous_422)
FNDA:1,(anonymous_423)
FNDA:1,(anonymous_424)
FNDA:1,(anonymous_425)
FNDA:1,(anonymous_426)
FNDA:1,(anonymous_427)
FNDA:13,(anonymous_428)
FNDA:107,(anonymous_429)
FNDA:107,(anonymous_430)
FNDA:1,(anonymous_431)
FNDA:1,(anonymous_432)
FNDA:1,(anonymous_433)
FNDA:1,(anonymous_434)
FNDA:1,(anonymous_435)
FNDA:1,(anonymous_436)
FNDA:1,(anonymous_437)
FNDA:1,(anonymous_438)
FNDA:1,(anonymous_439)
FNDA:1,(anonymous_440)
FNDA:1,(anonymous_441)
FNDA:1,(anonymous_442)
FNDA:1,(anonymous_443)
FNDA:1,(anonymous_444)
FNDA:1,(anonymous_445)
FNDA:4,(anonymous_446)
FNDA:1,(anonymous_447)
FNDA:1,(anonymous_448)
FNDA:1,(anonymous_449)
FNDA:1,(anonymous_450)
FNDA:1,(anonymous_451)
FNDA:1,(anonymous_452)
FNDA:1,(anonymous_453)
FNDA:1,(anonymous_454)
FNDA:37,(anonymous_455)
FNDA:37,(anonymous_456)
FNDA:37,(anonymous_457)
FNDA:37,(anonymous_458)
FNDA:1,(anonymous_459)
FNDA:1,(anonymous_460)
FNDA:1,(anonymous_461)
FNDA:1,(anonymous_462)
FNDA:1,(anonymous_463)
FNDA:1,(anonymous_464)
FNDA:1,(anonymous_465)
FNDA:1,(anonymous_466)
FNDA:1,(anonymous_467)
FNDA:1,(anonymous_468)
FNDA:1,(anonymous_469)
FNDA:4,(anonymous_470)
FNDA:1,(anonymous_471)
FNDA:1,(anonymous_472)
FNDA:1,(anonymous_473)
FNDA:1,(anonymous_474)
FNDA:1,(anonymous_475)
FNDA:4,(anonymous_476)
FNDA:1,(anonymous_477)
FNDA:1,(anonymous_478)
FNDA:1,(anonymous_479)
FNDA:1,(anonymous_480)
FNDA:1,(anonymous_481)
FNDA:1,(anonymous_482)
FNDA:1,(anonymous_483)
FNDA:1,(anonymous_484)
FNDA:1,(anonymous_485)
FNDA:1,(anonymous_486)
FNDA:1,(anonymous_487)
FNDA:1,(anonymous_488)
FNDA:1,(anonymous_489)
FNDA:1,(anonymous_490)
FNDA:1,(anonymous_491)
FNDA:1,(anonymous_492)
FNDA:1,(anonymous_493)
FNDA:1,(anonymous_494)
FNDA:1,(anonymous_495)
FNDA:1,(anonymous_496)
FNDA:1,(anonymous_497)
FNDA:1,(anonymous_498)
FNDA:3,(anonymous_499)
FNDA:2,(anonymous_500)
FNDA:1,(anonymous_501)
FNDA:1,(anonymous_502)
FNDA:1,(anonymous_503)
FNDA:1,(anonymous_504)
FNDA:3,(anonymous_505)
FNDA:2,(anonymous_506)
FNDA:1,(anonymous_507)
FNDA:1,(anonymous_508)
FNDA:1,(anonymous_509)
FNDA:1,(anonymous_510)
FNDA:3,(anonymous_511)
FNDA:0,(anonymous_512)
FNDA:1,(anonymous_513)
FNDA:1,(anonymous_514)
FNDA:1,(anonymous_515)
FNDA:1,(anonymous_516)
FNDA:3,(anonymous_517)
FNDA:0,(anonymous_518)
FNDA:1,(anonymous_519)
FNDA:1,(anonymous_520)
FNDA:1,(anonymous_521)
FNDA:1,(anonymous_522)
FNDA:1,(anonymous_523)
FNDA:1,(anonymous_524)
FNDA:1,(anonymous_525)
FNDA:1,(anonymous_526)
FNDA:1,(anonymous_527)
FNDA:1,(anonymous_528)
FNDA:1,(anonymous_529)
FNDA:1,(anonymous_530)
FNDA:1,(anonymous_531)
FNDA:1,(anonymous_532)
FNDA:159,(anonymous_533)
FNDA:157,(anonymous_534)
FNDA:1,(anonymous_535)
FNDA:1,(anonymous_536)
FNDA:1,(anonymous_537)
FNDA:159,(anonymous_538)
FNDA:157,(anonymous_539)
FNDA:1,(anonymous_540)
FNDA:1,(anonymous_541)
FNDA:1,(anonymous_542)
FNDA:1,(anonymous_543)
FNDA:5,(anonymous_544)
FNDA:5,(anonymous_545)
FNDA:5,(anonymous_546)
FNDA:1,(anonymous_547)
FNDA:1,(anonymous_548)
FNDA:1,(anonymous_549)
FNDA:1,(anonymous_550)
FNDA:1,(anonymous_551)
FNDA:1,(anonymous_552)
FNDA:1,(anonymous_553)
FNDA:1,(anonymous_554)
FNDA:1,(anonymous_555)
FNDA:1,(anonymous_556)
FNDA:1,(anonymous_557)
FNDA:5,(anonymous_558)
FNDA:5,(anonymous_559)
FNDA:1,(anonymous_560)
FNDA:1,(anonymous_561)
FNDA:1,(anonymous_562)
FNDA:1,(anonymous_563)
FNDA:1,(anonymous_564)
FNDA:1,(anonymous_565)
FNDA:1,(anonymous_566)
FNDA:1,(anonymous_567)
FNDA:1,(anonymous_568)
FNDA:1,(anonymous_569)
FNDA:1,(anonymous_570)
FNDA:12,(anonymous_571)
FNDA:12,(anonymous_572)
FNDA:12,(anonymous_573)
FNDA:1,(anonymous_574)
FNDA:1,(anonymous_575)
FNDA:1,(anonymous_576)
FNDA:1,(anonymous_577)
FNDA:1,(anonymous_578)
FNDA:1,(anonymous_579)
FNDA:1,(anonymous_580)
FNDA:1,(anonymous_581)
FNDA:1,(anonymous_582)
FNDA:1,(anonymous_583)
FNDA:1,(anonymous_584)
FNDA:1,(anonymous_585)
FNDA:1,(anonymous_586)
FNDA:1,(anonymous_587)
FNDA:1,(anonymous_588)
FNDA:1,(anonymous_589)
FNDA:1,(anonymous_590)
FNDA:1,(anonymous_591)
FNDA:1,(anonymous_592)
FNDA:5,(anonymous_593)
FNDA:5,(anonymous_594)
FNDA:1,(anonymous_595)
FNDA:1,(anonymous_596)
FNDA:1,(anonymous_597)
FNDA:1,(anonymous_598)
FNDA:1,(anonymous_599)
FNDA:1,(anonymous_600)
FNDA:1,(anonymous_601)
FNDA:1,(anonymous_602)
FNDA:1,(anonymous_603)
FNDA:20,(anonymous_604)
FNDA:20,(anonymous_605)
FNDA:20,(anonymous_606)
FNDA:1,(anonymous_607)
FNDA:1,(anonymous_608)
FNDA:1,(anonymous_609)
FNDA:1,(anonymous_610)
FNDA:1,(anonymous_611)
FNDA:1,(anonymous_612)
FNDA:1,(anonymous_613)
FNDA:1,(anonymous_614)
FNDA:1,(anonymous_615)
FNDA:1,(anonymous_616)
FNDA:1,(anonymous_617)
FNDA:1,(anonymous_618)
FNDA:1,(anonymous_619)
FNDA:1,(anonymous_620)
FNDA:1,(anonymous_621)
FNDA:1,(anonymous_622)
FNDA:1,(anonymous_623)
FNDA:1,(anonymous_624)
FNDA:1,(anonymous_625)
FNDA:1,(anonymous_626)
FNDA:1,(anonymous_627)
FNDA:1,(anonymous_628)
FNDA:1,(anonymous_629)
FNDA:1,(anonymous_630)
FNDA:1,(anonymous_631)
FNDA:1,(anonymous_632)
FNDA:1,(anonymous_633)
FNDA:1,(anonymous_634)
FNDA:1,(anonymous_635)
FNDA:1,(anonymous_636)
FNDA:1,(anonymous_637)
FNDA:1,(anonymous_638)
FNDA:1,(anonymous_639)
FNDA:1,(anonymous_640)
FNDA:1,(anonymous_641)
FNDA:1,(anonymous_642)
FNDA:1,(anonymous_643)
FNDA:1,(anonymous_644)
FNDA:1,(anonymous_645)
FNDA:1,(anonymous_646)
FNDA:1,(anonymous_647)
FNDA:1,(anonymous_648)
FNDA:1,(anonymous_649)
FNDA:0,(anonymous_650)
FNDA:0,(anonymous_651)
FNDA:0,(anonymous_652)
FNDA:0,(anonymous_653)
FNDA:0,(anonymous_654)
FNDA:0,(anonymous_655)
FNDA:0,(anonymous_656)
FNDA:0,(anonymous_657)
FNDA:1,(anonymous_658)
FNDA:1,(anonymous_659)
FNDA:5,(anonymous_660)
FNDA:5,(anonymous_661)
FNDA:5,(anonymous_662)
FNDA:1,(anonymous_663)
FNDA:1,(anonymous_664)
FNDA:1,(anonymous_665)
FNDA:1,(anonymous_666)
FNDA:1,(anonymous_667)
FNDA:1,(anonymous_668)
FNDA:1,(anonymous_669)
FNDA:1,(anonymous_670)
FNDA:1,(anonymous_671)
FNDA:1,(anonymous_672)
FNDA:1,(anonymous_673)
FNDA:7,(anonymous_674)
FNDA:7,(anonymous_675)
FNDA:7,(anonymous_676)
FNDA:1,(anonymous_677)
FNDA:1,(anonymous_678)
FNDA:1,(anonymous_679)
FNDA:1,(anonymous_680)
FNDA:1,(anonymous_681)
FNDA:1,(anonymous_682)
FNDA:1,(anonymous_683)
FNDA:1,(anonymous_684)
FNDA:1,(anonymous_685)
FNDA:157,(anonymous_686)
DA:1,1
DA:3,1
DA:6,1
DA:9,43
DA:10,0
DA:13,43
DA:20,43
DA:23,43
DA:26,43
DA:31,1
DA:34,1
DA:37,1
DA:40,1
DA:47,1
DA:48,1
DA:49,1
DA:50,1
DA:51,1
DA:52,1
DA:53,1
DA:54,1
DA:55,1
DA:56,1
DA:57,1
DA:58,1
DA:59,1
DA:60,1
DA:61,1
DA:62,1
DA:63,1
DA:64,1
DA:65,1
DA:66,1
DA:75,1
DA:77,1
DA:79,1
DA:81,1
DA:83,1
DA:85,1
DA:87,1
DA:89,1
DA:91,1
DA:93,1
DA:95,1
DA:97,1
DA:99,1
DA:101,1
DA:103,1
DA:105,1
DA:107,1
DA:109,1
DA:111,1
DA:113,1
DA:115,1
DA:117,1
DA:119,1
DA:121,1
DA:123,1
DA:125,1
DA:127,1
DA:129,1
DA:131,1
DA:133,1
DA:135,1
DA:137,1
DA:139,1
DA:141,1
DA:143,1
DA:145,1
DA:147,1
DA:149,1
DA:151,1
DA:153,1
DA:155,1
DA:157,1
DA:159,1
DA:161,1
DA:163,22
DA:166,1
DA:167,1
DA:169,0
DA:171,0
DA:173,1
DA:175,0
DA:177,0
DA:179,102
DA:183,1
DA:188,1
DA:190,1
DA:201,1
DA:202,1
DA:205,1
DA:206,157
DA:208,157
DA:220,0
DA:222,0
DA:224,0
DA:226,0
DA:227,0
DA:229,0
DA:232,0
DA:237,157
DA:240,1
DA:248,1
DA:249,1
DA:252,1
DA:253,157
DA:255,157
DA:256,157
DA:257,157
DA:258,157
DA:259,157
DA:260,157
DA:261,157
DA:262,157
DA:264,157
DA:267,1
DA:275,1
DA:279,2
DA:281,3
DA:283,1
DA:284,1
DA:285,1
DA:286,3
DA:288,3
DA:290,3
DA:291,3
DA:293,3
DA:296,1
DA:299,1
DA:300,1
DA:305,1
DA:306,1
DA:307,1
DA:311,1
DA:314,1
DA:322,1
DA:326,9
DA:328,22
DA:330,1
DA:332,1
DA:333,1
DA:334,22
DA:337,22
DA:339,22
DA:340,22
DA:341,22
DA:344,22
DA:345,22
DA:346,22
DA:347,22
DA:348,22
DA:351,22
DA:352,22
DA:353,22
DA:354,22
DA:355,22
DA:356,22
DA:358,22
DA:361,22
DA:364,22
DA:365,0
DA:369,1
DA:373,24
DA:374,24
DA:375,23
DA:376,23
DA:382,1
DA:387,1
DA:392,1
DA:397,1
DA:402,1
DA:407,1
DA:412,25
DA:414,25
DA:419,25
DA:420,24
DA:421,0
DA:424,1
DA:430,1
DA:431,1
DA:432,1
DA:433,1
DA:434,1
DA:435,1
DA:439,1
DA:442,1
DA:450,1
DA:454,11
DA:456,35
DA:458,1
DA:460,1
DA:461,1
DA:462,35
DA:465,35
DA:467,35
DA:468,35
DA:469,35
DA:470,35
DA:471,35
DA:474,35
DA:475,35
DA:476,35
DA:477,35
DA:478,35
DA:479,35
DA:480,35
DA:481,35
DA:484,35
DA:485,35
DA:486,35
DA:487,35
DA:489,35
DA:491,35
DA:493,35
DA:500,35
DA:503,1
DA:506,1
DA:508,1
DA:510,1
DA:511,0
DA:512,0
DA:513,0
DA:514,0
DA:515,0
DA:517,1
DA:518,0
DA:524,38
DA:525,38
DA:526,38
DA:529,38
DA:530,0
DA:532,38
DA:533,38
DA:534,1
DA:540,15
DA:541,12
DA:542,12
DA:546,3
DA:549,3
DA:550,1
DA:551,1
DA:552,1
DA:553,1
DA:557,2
DA:558,1
DA:559,1
DA:560,1
DA:561,1
DA:562,1
DA:563,1
DA:564,1
DA:565,1
DA:566,1
DA:569,0
DA:570,0
DA:571,0
DA:576,15
DA:577,15
DA:578,0
DA:584,20
DA:586,20
DA:587,0
DA:588,0
DA:590,20
DA:591,0
DA:593,20
DA:603,4
DA:604,3
DA:605,3
DA:611,1
DA:616,15
DA:624,15
DA:626,15
DA:628,15
DA:629,14
DA:630,14
DA:631,13
DA:635,15
DA:637,15
DA:639,3
DA:640,3
DA:641,3
DA:643,5
DA:644,1
DA:647,5
DA:648,1
DA:651,5
DA:652,1
DA:655,5
DA:656,5
DA:659,5
DA:660,1
DA:663,5
DA:664,1
DA:667,5
DA:668,2
DA:672,3
DA:676,15
DA:678,15
DA:679,14
DA:681,15
DA:683,15
DA:684,15
DA:687,15
DA:688,2
DA:690,13
DA:692,13
DA:695,15
DA:697,15
DA:699,15
DA:700,15
DA:702,12
DA:705,15
DA:706,3
DA:708,15
DA:713,15
DA:714,1
DA:715,1
DA:716,1
DA:717,3
DA:718,3
DA:719,3
DA:720,3
DA:721,2
DA:725,1
DA:729,15
DA:730,15
DA:731,15
DA:733,15
DA:738,60
DA:739,60
DA:740,92
DA:741,28
DA:743,64
DA:745,32
DA:751,0
DA:752,0
DA:753,0
DA:755,0
DA:757,0
DA:759,0
DA:761,0
DA:762,0
DA:763,0
DA:764,0
DA:765,0
DA:767,0
DA:770,0
DA:775,3
DA:780,3
DA:782,1
DA:783,1
DA:784,1
DA:785,2
DA:787,1
DA:788,1
DA:789,1
DA:790,1
DA:792,1
DA:793,1
DA:795,0
DA:798,3
DA:799,0
DA:800,0
DA:801,0
DA:802,0
DA:803,0
DA:805,0
DA:811,1
DA:814,1
DA:822,1
DA:826,16
DA:828,40
DA:830,1
DA:832,1
DA:833,1
DA:835,40
DA:837,40
DA:839,40
DA:840,40
DA:841,40
DA:842,40
DA:843,40
DA:845,40
DA:846,40
DA:848,40
DA:849,40
DA:850,40
DA:853,40
DA:855,37
DA:856,37
DA:860,3
DA:863,40
DA:864,0
DA:867,40
DA:868,0
DA:872,1
DA:875,2
DA:880,0
DA:885,44
DA:887,44
DA:888,3
DA:889,8
DA:896,44
DA:898,44
DA:899,3
DA:900,8
DA:907,0
DA:908,0
DA:911,0
DA:912,0
DA:914,0
DA:915,0
DA:916,0
DA:918,0
DA:922,0
DA:923,0
DA:927,0
DA:928,0
DA:929,0
DA:931,0
DA:932,0
DA:933,0
DA:934,0
DA:936,0
DA:937,0
DA:939,0
DA:946,0
DA:948,0
DA:949,0
DA:950,0
DA:951,0
DA:956,0
DA:957,0
DA:958,0
DA:959,0
DA:961,0
DA:969,80
DA:971,80
DA:972,0
DA:978,1
DA:983,0
DA:984,0
DA:986,0
DA:991,0
DA:992,0
DA:993,0
DA:994,0
DA:999,0
DA:1000,0
DA:1006,0
DA:1007,0
DA:1010,0
DA:1011,0
DA:1017,2
DA:1018,2
DA:1019,1
DA:1021,1
DA:1022,1
DA:1024,2
DA:1029,2
DA:1030,2
DA:1031,1
DA:1033,1
DA:1034,1
DA:1036,2
DA:1041,4
DA:1042,4
DA:1047,4
DA:1051,1
DA:1054,1
DA:1062,1
DA:1066,1
DA:1068,1
DA:1070,1
DA:1071,1
DA:1072,1
DA:1073,0
DA:1075,0
DA:1077,0
DA:1080,1
DA:1083,0
DA:1084,0
DA:1086,0
DA:1087,0
DA:1090,0
DA:1091,0
DA:1096,1
DA:1099,1
DA:1100,1
DA:1102,1
DA:1104,1
DA:1115,1
DA:1123,1
DA:1127,1
DA:1129,1
DA:1130,0
DA:1132,0
DA:1134,0
DA:1145,1
DA:1153,1
DA:1157,2
DA:1159,1
DA:1161,1
DA:1162,1
DA:1163,1
DA:1164,0
DA:1166,0
DA:1168,0
DA:1169,0
DA:1170,0
DA:1173,1
DA:1176,0
DA:1177,0
DA:1179,0
DA:1180,0
DA:1183,0
DA:1184,0
DA:1190,0
DA:1194,1
DA:1197,1
DA:1198,0
DA:1200,0
DA:1202,0
DA:1212,0
DA:1215,1
DA:1223,1
DA:1227,1
DA:1229,1
DA:1230,1
DA:1232,1
DA:1234,1
DA:1245,1
DA:1253,1
DA:1257,24
DA:1259,117
DA:1261,1
DA:1262,1
DA:1263,1
DA:1264,117
DA:1266,117
DA:1268,117
DA:1269,117
DA:1270,117
DA:1273,1
DA:1276,40
DA:1281,40
DA:1286,0
DA:1288,0
DA:1292,0
DA:1298,80
DA:1302,0
DA:1308,80
DA:1310,80
DA:1311,80
DA:1313,80
DA:1315,80
DA:1316,0
DA:1317,0
DA:1318,0
DA:1320,0
DA:1321,0
DA:1323,0
DA:1325,0
DA:1329,0
DA:1333,80
DA:1338,0
DA:1342,0
DA:1348,43
DA:1350,43
DA:1358,43
DA:1360,43
DA:1361,42
DA:1362,42
DA:1365,43
DA:1367,43
DA:1368,43
DA:1369,43
DA:1371,43
DA:1372,43
DA:1374,43
DA:1375,0
DA:1376,0
DA:1378,0
DA:1379,0
DA:1381,0
DA:1385,43
DA:1386,0
DA:1387,0
DA:1388,0
DA:1391,0
DA:1392,0
DA:1393,0
DA:1394,0
DA:1395,0
DA:1397,0
DA:1398,0
DA:1399,0
DA:1402,0
DA:1406,43
DA:1411,0
DA:1413,0
DA:1417,0
DA:1418,0
DA:1420,0
DA:1423,0
DA:1429,24
DA:1431,24
DA:1435,0
DA:1436,0
DA:1438,0
DA:1441,0
DA:1444,24
DA:1449,127
DA:1450,127
DA:1451,127
DA:1452,127
DA:1453,127
DA:1455,127
DA:1456,3
DA:1457,4
DA:1458,1
DA:1460,3
DA:1462,4
DA:1464,3
DA:1466,127
DA:1471,2238
DA:1476,82
DA:1479,1
DA:1484,44
DA:1487,0
DA:1492,226
DA:1494,226
DA:1497,43
DA:1500,0
DA:1501,0
DA:1503,0
DA:1507,43
DA:1508,43
DA:1509,43
DA:1512,0
DA:1515,2
DA:1516,0
DA:1517,2
DA:1518,0
DA:1519,2
DA:1520,0
DA:1522,2
DA:1523,2
DA:1524,2
DA:1532,62
DA:1534,62
DA:1535,61
DA:1536,61
DA:1537,61
DA:1538,61
DA:1540,61
DA:1543,62
DA:1548,24
DA:1553,774
DA:1555,774
DA:1557,24
DA:1560,43
DA:1563,43
DA:1566,123
DA:1567,83
DA:1568,1
DA:1570,1
DA:1571,1
DA:1573,1
DA:1574,1
DA:1575,0
DA:1577,1
DA:1580,1
DA:1583,1
DA:1587,122
DA:1590,123
DA:1591,83
DA:1592,0
DA:1593,0
DA:1595,0
DA:1596,0
DA:1598,0
DA:1599,0
DA:1600,0
DA:1602,0
DA:1605,0
DA:1607,0
DA:1608,0
DA:1610,0
DA:1613,0
DA:1617,123
DA:1620,123
DA:1621,0
DA:1624,123
DA:1627,123
DA:1629,123
DA:1630,0
DA:1633,123
DA:1634,123
DA:1637,123
DA:1638,123
DA:1640,123
DA:1643,0
DA:1644,0
DA:1646,0
DA:1648,0
DA:1649,0
DA:1651,0
DA:1653,0
DA:1654,0
DA:1657,0
DA:1660,24
DA:1662,24
DA:1663,24
DA:1666,24
DA:1669,0
DA:1672,0
DA:1674,0
DA:1677,0
DA:1680,43
DA:1683,0
DA:1686,80
DA:1689,24
DA:1692,0
DA:1699,572
DA:1713,123
DA:1718,180
DA:1723,43
DA:1728,67
DA:1733,67
DA:1737,1
DA:1740,1
DA:1748,1
DA:1752,2
DA:1754,27
DA:1756,1
DA:1757,1
DA:1758,1
DA:1759,27
DA:1761,27
DA:1763,27
DA:1764,27
DA:1767,1
DA:1770,36
DA:1772,36
DA:1793,36
DA:1794,72
DA:1795,72
DA:1798,36
DA:1799,36
DA:1800,36
DA:1803,36
DA:1808,568
DA:1810,568
DA:1811,0
DA:1813,568
DA:1814,336
DA:1815,232
DA:1816,108
DA:1817,160
DA:1819,124
DA:1820,72
DA:1821,248
DA:1823,52
DA:1824,52
DA:1826,0
DA:1831,1
DA:1834,1
DA:1842,1
DA:1846,10
DA:1848,58
DA:1850,1
DA:1851,1
DA:1852,1
DA:1853,58
DA:1855,58
DA:1857,58
DA:1860,1
DA:1863,1
DA:1864,1
DA:1865,0
DA:1868,1
DA:1869,0
DA:1872,1
DA:1873,0
DA:1874,0
DA:1875,0
DA:1876,0
DA:1877,0
DA:1878,0
DA:1879,0
DA:1882,1
DA:1887,4
DA:1888,2
DA:1890,2
DA:1895,1
DA:1900,1
DA:1905,1
DA:1910,1
DA:1911,1
DA:1916,1
DA:1921,10
DA:1926,4
DA:1940,5
DA:1942,5
DA:1944,1
DA:1947,1
DA:1950,1
DA:1953,1
DA:1956,1
DA:1962,1
DA:1965,1
DA:1973,1
DA:1977,7
DA:1979,40
DA:1981,1
DA:1982,1
DA:1983,1
DA:1984,40
DA:1986,40
DA:1988,40
DA:1989,40
DA:1992,1
DA:1995,0
DA:1997,0
DA:1999,0
DA:2001,0
DA:2003,0
DA:2004,0
DA:2006,0
DA:2008,0
DA:2010,0
DA:2013,0
DA:2015,0
DA:2019,0
DA:2020,0
DA:2022,0
DA:2023,0
DA:2025,0
DA:2026,0
DA:2033,185
DA:2038,11
DA:2041,0
DA:2046,0
DA:2051,165
DA:2064,0
DA:2069,1
DA:2071,1
DA:2072,1
DA:2073,1
DA:2074,1
DA:2075,1
DA:2077,1
DA:2080,1
DA:2085,1
DA:2087,1
DA:2089,0
DA:2092,0
DA:2095,0
DA:2098,0
DA:2101,0
DA:2104,0
DA:2107,0
DA:2110,0
DA:2113,0
DA:2116,0
DA:2117,0
DA:2118,0
DA:2119,0
DA:2121,0
DA:2127,1
DA:2130,1
DA:2138,1
DA:2142,5
DA:2144,102
DA:2146,1
DA:2147,1
DA:2148,102
DA:2151,1
DA:2154,119
DA:2159,3
DA:2162,25
DA:2167,6
DA:2170,41
DA:2175,3
DA:2178,40
DA:2183,1
DA:2186,0
DA:2190,1
DA:2193,1
DA:2201,1
DA:2205,3
DA:2207,35
DA:2209,1
DA:2210,1
DA:2211,1
DA:2212,35
DA:2214,35
DA:2216,35
DA:2217,35
DA:2219,35
DA:2220,35
DA:2221,35
DA:2230,1
DA:2233,0
DA:2235,0
DA:2237,0
DA:2238,0
DA:2239,0
DA:2241,0
DA:2242,0
DA:2243,0
DA:2246,0
DA:2247,0
DA:2249,0
DA:2252,0
DA:2253,0
DA:2261,0
DA:2266,0
DA:2268,0
DA:2270,0
DA:2272,0
DA:2273,0
DA:2274,0
DA:2275,0
DA:2276,0
DA:2280,0
DA:2282,0
DA:2287,0
DA:2291,1
DA:2294,1
DA:2302,1
DA:2306,1
DA:2308,64
DA:2310,1
DA:2311,1
DA:2312,1
DA:2313,64
DA:2315,64
DA:2317,64
DA:2318,64
DA:2321,1
DA:2324,70
DA:2325,70
DA:2329,1
DA:2332,1
DA:2340,1
DA:2344,4
DA:2346,5
DA:2348,1
DA:2349,1
DA:2350,5
DA:2352,5
DA:2353,5
DA:2354,5
DA:2355,5
DA:2357,0
DA:2361,1
DA:2364,8
DA:2365,8
DA:2366,8
DA:2367,4
DA:2369,4
DA:2375,3
DA:2376,3
DA:2377,3
DA:2383,1
DA:2384,1
DA:2385,1
DA:2391,1
DA:2392,1
DA:2397,1
DA:2400,1
DA:2408,1
DA:2412,5
DA:2414,47
DA:2416,1
DA:2417,1
DA:2418,1
DA:2420,47
DA:2422,47
DA:2424,47
DA:2425,47
DA:2426,47
DA:2428,47
DA:2431,1
DA:2434,100
DA:2439,2
DA:2440,2
DA:2445,3
DA:2446,3
DA:2447,4
DA:2448,4
DA:2451,3
DA:2456,23
DA:2461,21
DA:2465,1
DA:2468,1
DA:2476,1
DA:2480,1
DA:2482,1
DA:2483,0
DA:2485,0
DA:2486,0
DA:2487,0
DA:2488,0
DA:2490,0
DA:2491,0
DA:2492,0
DA:2493,0
DA:2494,0
DA:2495,0
DA:2496,0
DA:2498,0
DA:2499,0
DA:2501,0
DA:2505,0
DA:2507,0
DA:2508,0
DA:2510,0
DA:2511,0
DA:2513,0
DA:2514,0
DA:2516,0
DA:2517,0
DA:2519,0
DA:2520,0
DA:2522,0
DA:2523,0
DA:2526,0
DA:2529,0
DA:2531,0
DA:2535,1
DA:2543,1
DA:2547,1
DA:2549,1
DA:2550,0
DA:2552,0
DA:2553,0
DA:2554,0
DA:2557,0
DA:2558,0
DA:2559,0
DA:2560,0
DA:2562,0
DA:2564,0
DA:2569,1
DA:2577,1
DA:2581,1
DA:2582,0
DA:2584,0
DA:2585,0
DA:2586,0
DA:2588,0
DA:2589,0
DA:2590,0
DA:2592,0
DA:2595,0
DA:2606,1
DA:2607,1
DA:2609,1
DA:2610,22
DA:2611,22
DA:2623,1
DA:2625,1
DA:2627,1
DA:2628,22
DA:2632,22
DA:2635,1
DA:2637,1
DA:2638,1
DA:2639,1
DA:2642,1
DA:2643,1
DA:2644,1
DA:2645,1
DA:2646,1
DA:2649,1
DA:2650,1
DA:2651,1
DA:2652,1
DA:2653,1
DA:2654,1
DA:2657,1
DA:2659,1
DA:2660,1
DA:2661,1
DA:2664,1
DA:2665,1
DA:2668,1
DA:2669,1
DA:2672,1
DA:2673,1
DA:2676,1
DA:2677,1
DA:2680,1
DA:2681,1
DA:2685,1
DA:2686,1
DA:2687,1
DA:2689,1
DA:2690,1
DA:2691,1
DA:2692,1
DA:2696,1
DA:2697,1
DA:2698,1
DA:2700,1
DA:2701,1
DA:2702,1
DA:2703,1
DA:2707,1
DA:2708,1
DA:2709,1
DA:2711,1
DA:2712,1
DA:2713,1
DA:2714,1
DA:2718,1
DA:2719,1
DA:2720,1
DA:2722,1
DA:2723,1
DA:2724,1
DA:2725,1
DA:2726,1
DA:2730,1
DA:2731,1
DA:2732,1
DA:2734,1
DA:2735,1
DA:2736,1
DA:2737,1
DA:2741,1
DA:2742,1
DA:2743,1
DA:2745,1
DA:2746,1
DA:2747,1
DA:2751,1
DA:2752,1
DA:2753,1
DA:2755,1
DA:2756,1
DA:2757,1
DA:2758,1
DA:2760,1
DA:2761,1
DA:2762,1
DA:2763,1
DA:2764,1
DA:2766,1
DA:2767,1
DA:2768,1
DA:2769,1
DA:2770,1
DA:2774,1
DA:2775,1
DA:2776,1
DA:2778,1
DA:2779,1
DA:2780,1
DA:2781,1
DA:2782,1
DA:2783,1
DA:2784,1
DA:2785,1
DA:2786,1
DA:2787,1
DA:2788,1
DA:2789,1
DA:2790,1
DA:2791,1
DA:2803,1
DA:2804,1
DA:2806,1
DA:2807,3
DA:2808,3
DA:2820,1
DA:2822,1
DA:2823,3
DA:2826,1
DA:2827,1
DA:2828,1
DA:2829,1
DA:2832,1
DA:2833,1
DA:2834,1
DA:2835,1
DA:2836,1
DA:2837,1
DA:2841,1
DA:2842,1
DA:2843,1
DA:2844,1
DA:2845,1
DA:2846,1
DA:2847,1
DA:2848,1
DA:2860,1
DA:2861,1
DA:2864,1
DA:2865,34
DA:2866,34
DA:2877,1
DA:2879,1
DA:2880,34
DA:2881,34
DA:2884,1
DA:2887,1
DA:2888,1
DA:2889,1
DA:2890,1
DA:2893,1
DA:2894,1
DA:2895,1
DA:2896,1
DA:2897,1
DA:2898,1
DA:2899,1
DA:2900,1
DA:2903,1
DA:2904,1
DA:2905,1
DA:2906,1
DA:2907,1
DA:2910,1
DA:2911,1
DA:2912,1
DA:2914,1
DA:2916,1
DA:2917,1
DA:2921,1
DA:2922,1
DA:2923,1
DA:2927,1
DA:2928,1
DA:2929,1
DA:2931,1
DA:2932,1
DA:2933,1
DA:2934,1
DA:2935,1
DA:2936,1
DA:2937,1
DA:2938,1
DA:2940,1
DA:2941,1
DA:2942,1
DA:2943,2
DA:2945,1
DA:2946,1
DA:2948,1
DA:2950,1
DA:2954,1
DA:2955,1
DA:2956,1
DA:2959,1
DA:2960,4
DA:2961,5
DA:2962,5
DA:2969,5
DA:2970,5
DA:2975,1
DA:2976,1
DA:2977,1
DA:2978,1
DA:2979,1
DA:2981,1
DA:2982,1
DA:2983,1
DA:2984,1
DA:2985,1
DA:2987,1
DA:2988,1
DA:2989,1
DA:2990,1
DA:2991,1
DA:2995,1
DA:2996,1
DA:2997,1
DA:3001,1
DA:3002,1
DA:3003,1
DA:3007,1
DA:3008,1
DA:3009,1
DA:3010,1
DA:3011,1
DA:3012,1
DA:3013,1
DA:3014,1
DA:3016,1
DA:3017,1
DA:3018,1
DA:3019,1
DA:3020,1
DA:3021,1
DA:3022,1
DA:3024,1
DA:3025,1
DA:3026,1
DA:3027,1
DA:3028,1
DA:3029,1
DA:3030,1
DA:3031,1
DA:3035,1
DA:3036,1
DA:3037,1
DA:3038,1
DA:3039,1
DA:3040,1
DA:3041,1
DA:3045,1
DA:3046,1
DA:3047,1
DA:3050,1
DA:3052,13
DA:3053,107
DA:3054,107
DA:3065,107
DA:3066,107
DA:3076,1
DA:3077,1
DA:3103,1
DA:3104,1
DA:3105,1
DA:3108,1
DA:3109,1
DA:3134,1
DA:3135,1
DA:3136,1
DA:3139,1
DA:3140,1
DA:3166,1
DA:3167,1
DA:3168,1
DA:3171,1
DA:3172,1
DA:3182,1
DA:3183,1
DA:3184,1
DA:3187,1
DA:3188,1
DA:3197,1
DA:3198,1
DA:3199,1
DA:3202,1
DA:3203,1
DA:3227,1
DA:3228,1
DA:3229,1
DA:3232,1
DA:3233,1
DA:3259,1
DA:3260,1
DA:3261,1
DA:3262,1
DA:3263,1
DA:3264,1
DA:3267,1
DA:3268,1
DA:3293,1
DA:3294,1
DA:3295,1
DA:3298,1
DA:3299,1
DA:3336,1
DA:3337,1
DA:3338,1
DA:3341,1
DA:3342,1
DA:3378,1
DA:3379,1
DA:3380,1
DA:3383,1
DA:3384,1
DA:3465,1
DA:3466,1
DA:3467,1
DA:3470,1
DA:3471,1
DA:3516,1
DA:3517,1
DA:3518,1
DA:3522,1
DA:3523,1
DA:3524,1
DA:3528,1
DA:3531,1
DA:3532,4
DA:3533,1
DA:3540,1
DA:3541,1
DA:3543,1
DA:3544,1
DA:3545,1
DA:3546,1
DA:3547,1
DA:3548,1
DA:3549,1
DA:3551,1
DA:3552,1
DA:3554,1
DA:3555,1
DA:3556,1
DA:3562,1
DA:3563,1
DA:3564,1
DA:3565,1
DA:3566,1
DA:3569,1
DA:3570,1
DA:3571,1
DA:3572,1
DA:3574,1
DA:3575,1
DA:3576,1
DA:3577,1
DA:3579,1
DA:3591,1
DA:3592,1
DA:3602,1
DA:3603,37
DA:3614,1
DA:3615,37
DA:3616,37
DA:3620,1
DA:3622,1
DA:3623,37
DA:3624,37
DA:3625,37
DA:3630,1
DA:3632,1
DA:3633,1
DA:3636,1
DA:3637,1
DA:3638,1
DA:3641,1
DA:3642,1
DA:3643,1
DA:3644,1
DA:3646,1
DA:3647,1
DA:3648,1
DA:3652,1
DA:3654,1
DA:3655,1
DA:3656,1
DA:3660,1
DA:3662,1
DA:3663,1
DA:3664,1
DA:3668,1
DA:3670,1
DA:3671,1
DA:3672,1
DA:3673,1
DA:3675,1
DA:3676,1
DA:3679,1
DA:3680,1
DA:3681,1
DA:3682,1
DA:3684,1
DA:3685,1
DA:3688,1
DA:3689,1
DA:3690,4
DA:3701,4
DA:3703,1
DA:3704,1
DA:3706,1
DA:3707,1
DA:3708,1
DA:3710,1
DA:3711,1
DA:3712,1
DA:3713,1
DA:3714,1
DA:3716,1
DA:3717,1
DA:3718,1
DA:3719,1
DA:3720,1
DA:3723,1
DA:3724,1
DA:3725,4
DA:3734,4
DA:3736,1
DA:3737,1
DA:3739,1
DA:3740,1
DA:3741,1
DA:3743,1
DA:3744,1
DA:3745,1
DA:3746,1
DA:3747,1
DA:3749,1
DA:3750,1
DA:3751,1
DA:3752,1
DA:3753,1
DA:3756,1
DA:3757,1
DA:3758,1
DA:3761,1
DA:3762,1
DA:3763,1
DA:3766,1
DA:3767,1
DA:3768,1
DA:3771,1
DA:3772,1
DA:3773,1
DA:3775,1
DA:3776,1
DA:3777,1
DA:3780,1
DA:3781,1
DA:3782,1
DA:3785,1
DA:3786,1
DA:3787,1
DA:3790,1
DA:3791,1
DA:3792,1
DA:3795,1
DA:3796,1
DA:3797,1
DA:3800,1
DA:3801,1
DA:3802,3
DA:3804,3
DA:3812,1
DA:3813,1
DA:3815,1
DA:3816,1
DA:3817,1
DA:3819,1
DA:3820,1
DA:3821,1
DA:3822,1
DA:3823,1
DA:3826,1
DA:3827,1
DA:3828,3
DA:3829,3
DA:3835,1
DA:3836,1
DA:3838,1
DA:3839,1
DA:3840,1
DA:3842,1
DA:3843,1
DA:3844,1
DA:3845,1
DA:3846,1
DA:3849,1
DA:3850,1
DA:3851,3
DA:3853,3
DA:3861,1
DA:3862,1
DA:3864,1
DA:3865,1
DA:3866,1
DA:3867,1
DA:3869,1
DA:3870,1
DA:3871,1
DA:3874,1
DA:3875,1
DA:3876,3
DA:3877,3
DA:3883,1
DA:3884,1
DA:3886,1
DA:3887,1
DA:3888,1
DA:3889,1
DA:3891,1
DA:3892,1
DA:3893,1
DA:3996,1
DA:3997,1
DA:3998,1
DA:3999,1
DA:4009,1
DA:4011,1
DA:4020,1
DA:4022,1
DA:4023,1
DA:4024,1
DA:4025,1
DA:4027,1
DA:4029,1
DA:4031,1
DA:4032,1
DA:4033,1
DA:4034,1
DA:4036,1
DA:4037,1
DA:4040,1
DA:4041,1
DA:4044,1
DA:4045,1
DA:4046,1
DA:4047,1
DA:4048,1
DA:4049,1
DA:4050,1
DA:4051,1
DA:4052,1
DA:4098,1
DA:4099,159
DA:4100,157
DA:4101,157
DA:4105,1
DA:4106,1
DA:4108,1
DA:4109,1
DA:4120,1
DA:4121,159
DA:4122,157
DA:4123,157
DA:4127,1
DA:4128,1
DA:4130,1
DA:4131,1
DA:4142,1
DA:4144,1
DA:4146,1
DA:4148,1
DA:4149,5
DA:4150,5
DA:4159,1
DA:4160,5
DA:4163,1
DA:4164,1
DA:4167,1
DA:4168,1
DA:4169,1
DA:4173,1
DA:4174,1
DA:4175,1
DA:4179,1
DA:4180,1
DA:4181,1
DA:4185,1
DA:4186,1
DA:4187,1
DA:4198,1
DA:4199,1
DA:4201,1
DA:4205,1
DA:4206,5
DA:4207,5
DA:4210,1
DA:4211,5
DA:4214,1
DA:4215,1
DA:4218,1
DA:4219,1
DA:4220,1
DA:4221,1
DA:4222,1
DA:4223,1
DA:4227,1
DA:4228,1
DA:4229,1
DA:4230,1
DA:4231,1
DA:4232,1
DA:4233,1
DA:4237,1
DA:4238,1
DA:4239,1
DA:4240,1
DA:4241,1
DA:4242,1
DA:4243,1
DA:4244,1
DA:4248,1
DA:4249,1
DA:4250,1
DA:4251,1
DA:4252,1
DA:4253,1
DA:4254,1
DA:4265,1
DA:4266,1
DA:4268,1
DA:4269,1
DA:4277,1
DA:4278,12
DA:4279,12
DA:4283,1
DA:4284,12
DA:4287,1
DA:4288,1
DA:4291,1
DA:4292,1
DA:4293,1
DA:4295,1
DA:4296,1
DA:4300,1
DA:4301,1
DA:4302,1
DA:4304,1
DA:4305,1
DA:4307,1
DA:4309,1
DA:4310,1
DA:4312,1
DA:4316,1
DA:4317,1
DA:4318,1
DA:4320,1
DA:4321,1
DA:4322,1
DA:4324,1
DA:4328,1
DA:4329,1
DA:4330,1
DA:4332,1
DA:4333,1
DA:4337,1
DA:4338,1
DA:4339,1
DA:4341,1
DA:4342,1
DA:4354,1
DA:4355,1
DA:4357,1
DA:4361,1
DA:4362,5
DA:4363,5
DA:4364,5
DA:4367,1
DA:4368,5
DA:4371,1
DA:4372,1
DA:4375,1
DA:4376,1
DA:4377,1
DA:4380,1
DA:4381,1
DA:4382,1
DA:4384,1
DA:4385,1
DA:4388,1
DA:4389,1
DA:4390,1
DA:4392,1
DA:4393,1
DA:4396,1
DA:4397,1
DA:4398,1
DA:4402,1
DA:4403,1
DA:4404,1
DA:4415,1
DA:4416,1
DA:4418,1
DA:4420,1
DA:4421,20
DA:4422,20
DA:4433,1
DA:4434,20
DA:4437,1
DA:4438,1
DA:4441,1
DA:4442,1
DA:4443,1
DA:4447,1
DA:4448,1
DA:4449,1
DA:4453,1
DA:4454,1
DA:4455,1
DA:4459,1
DA:4460,1
DA:4461,1
DA:4465,1
DA:4466,1
DA:4467,1
DA:4471,1
DA:4472,1
DA:4473,1
DA:4477,1
DA:4478,1
DA:4479,1
DA:4483,1
DA:4484,1
DA:4485,1
DA:4489,1
DA:4490,1
DA:4491,1
DA:4495,1
DA:4496,1
DA:4497,1
DA:4501,1
DA:4502,1
DA:4503,1
DA:4507,1
DA:4508,1
DA:4509,1
DA:4513,1
DA:4514,1
DA:4515,1
DA:4519,1
DA:4520,1
DA:4521,1
DA:4525,1
DA:4526,1
DA:4527,1
DA:4531,1
DA:4532,1
DA:4533,1
DA:4539,1
DA:4541,1
DA:4542,1
DA:4548,1
DA:4550,1
DA:4551,1
DA:4557,1
DA:4559,1
DA:4560,1
DA:4566,1
DA:4578,1
DA:4579,1
DA:4581,1
DA:4582,1
DA:4583,1
DA:4587,1
DA:4590,1
DA:4591,1
DA:4592,1
DA:4604,1
DA:4605,1
DA:4609,1
DA:4611,1
DA:4612,0
DA:4613,0
DA:4616,1
DA:4617,0
DA:4618,0
DA:4621,1
DA:4622,0
DA:4623,0
DA:4626,1
DA:4627,0
DA:4628,0
DA:4629,0
DA:4632,1
DA:4633,0
DA:4634,0
DA:4635,0
DA:4638,1
DA:4639,0
DA:4640,0
DA:4641,0
DA:4644,1
DA:4645,0
DA:4646,0
DA:4649,1
DA:4650,0
DA:4651,0
DA:4663,1
DA:4664,1
DA:4666,1
DA:4668,1
DA:4669,5
DA:4670,5
DA:4674,1
DA:4675,5
DA:4678,1
DA:4679,1
DA:4682,1
DA:4683,1
DA:4684,1
DA:4688,1
DA:4689,1
DA:4690,1
DA:4694,1
DA:4695,1
DA:4696,1
DA:4700,1
DA:4701,1
DA:4702,1
DA:4714,1
DA:4715,1
DA:4717,1
DA:4719,1
DA:4720,7
DA:4721,7
DA:4731,1
DA:4732,7
DA:4735,1
DA:4736,1
DA:4739,1
DA:4740,1
DA:4741,1
DA:4742,1
DA:4745,1
DA:4746,1
DA:4747,1
DA:4750,1
DA:4751,1
DA:4752,1
DA:4754,1
DA:4755,1
DA:4756,1
DA:4758,1
DA:4759,1
DA:4760,1
DA:4762,1
DA:4763,1
DA:4764,1
DA:4775,1
DA:4776,157
DA:4777,157
DA:4778,157
DA:4779,157
DA:4780,157
DA:4781,157
LF:1931
LH:1587
BRDA:9,1,0,0
BRDA:9,1,1,43
BRDA:163,2,0,22
BRDA:163,2,1,0
BRDA:163,3,0,22
BRDA:163,3,1,22
BRDA:279,4,0,2
BRDA:279,4,1,2
BRDA:279,5,0,2
BRDA:279,5,1,0
BRDA:279,6,0,1
BRDA:279,6,1,0
BRDA:279,7,0,0
BRDA:279,7,1,1
BRDA:281,8,0,0
BRDA:281,8,1,3
BRDA:326,9,0,9
BRDA:326,9,1,9
BRDA:326,10,0,9
BRDA:326,10,1,0
BRDA:326,11,0,1
BRDA:326,11,1,0
BRDA:326,12,0,0
BRDA:326,12,1,1
BRDA:328,13,0,0
BRDA:328,13,1,22
BRDA:351,14,0,22
BRDA:351,14,1,0
BRDA:351,15,0,0
BRDA:351,15,1,0
BRDA:374,16,0,23
BRDA:374,16,1,1
BRDA:414,17,0,25
BRDA:414,17,1,1
BRDA:415,18,0,25
BRDA:415,18,1,2
BRDA:416,19,0,23
BRDA:416,19,1,2
BRDA:419,20,0,24
BRDA:419,20,1,1
BRDA:419,21,0,25
BRDA:419,21,1,2
BRDA:454,22,0,11
BRDA:454,22,1,11
BRDA:454,23,0,11
BRDA:454,23,1,0
BRDA:454,24,0,1
BRDA:454,24,1,0
BRDA:454,25,0,0
BRDA:454,25,1,1
BRDA:456,26,0,0
BRDA:456,26,1,35
BRDA:511,27,0,0
BRDA:511,27,1,0
BRDA:512,28,0,0
BRDA:512,28,1,0
BRDA:513,29,0,0
BRDA:513,29,1,0
BRDA:514,30,0,0
BRDA:514,30,1,0
BRDA:517,31,0,0
BRDA:517,31,1,1
BRDA:529,32,0,0
BRDA:529,32,1,38
BRDA:533,33,0,1
BRDA:533,33,1,37
BRDA:540,34,0,12
BRDA:540,34,1,3
BRDA:540,35,0,15
BRDA:540,35,1,4
BRDA:549,36,0,1
BRDA:549,36,1,2
BRDA:549,37,0,3
BRDA:549,37,1,0
BRDA:550,38,0,1
BRDA:550,38,1,0
BRDA:557,39,0,1
BRDA:557,39,1,1
BRDA:562,40,0,1
BRDA:562,40,1,0
BRDA:577,41,0,0
BRDA:577,41,1,15
BRDA:586,42,0,0
BRDA:586,42,1,20
BRDA:586,43,0,20
BRDA:586,43,1,0
BRDA:586,43,2,0
BRDA:587,44,0,0
BRDA:587,44,1,0
BRDA:587,45,0,0
BRDA:587,45,1,0
BRDA:590,46,0,0
BRDA:590,46,1,20
BRDA:603,47,0,3
BRDA:603,47,1,1
BRDA:603,48,0,4
BRDA:603,48,1,2
BRDA:624,49,0,15
BRDA:624,49,1,0
BRDA:626,50,0,15
BRDA:626,50,1,1
BRDA:628,51,0,14
BRDA:628,51,1,1
BRDA:629,52,0,14
BRDA:629,52,1,0
BRDA:630,53,0,13
BRDA:630,53,1,1
BRDA:631,54,0,13
BRDA:631,54,1,0
BRDA:637,55,0,3
BRDA:637,55,1,12
BRDA:643,56,0,1
BRDA:643,56,1,4
BRDA:647,57,0,1
BRDA:647,57,1,4
BRDA:651,58,0,1
BRDA:651,58,1,4
BRDA:651,59,0,5
BRDA:651,59,1,4
BRDA:655,60,0,5
BRDA:655,60,1,0
BRDA:659,61,0,1
BRDA:659,61,1,4
BRDA:663,62,0,1
BRDA:663,62,1,4
BRDA:667,63,0,2
BRDA:667,63,1,3
BRDA:667,64,0,5
BRDA:667,64,1,0
BRDA:667,64,2,0
BRDA:667,64,3,5
BRDA:678,65,0,14
BRDA:678,65,1,1
BRDA:681,66,0,15
BRDA:681,66,1,0
BRDA:681,67,0,15
BRDA:681,67,1,0
BRDA:683,68,0,15
BRDA:683,68,1,0
BRDA:684,69,0,15
BRDA:684,69,1,0
BRDA:687,70,0,2
BRDA:687,70,1,13
BRDA:688,71,0,2
BRDA:688,71,1,0
BRDA:690,72,0,13
BRDA:690,72,1,0
BRDA:697,73,0,15
BRDA:697,73,1,0
BRDA:699,74,0,14
BRDA:699,74,1,1
BRDA:700,75,0,12
BRDA:700,75,1,3
BRDA:700,76,0,15
BRDA:700,76,1,12
BRDA:702,77,0,12
BRDA:702,77,1,0
BRDA:705,78,0,3
BRDA:705,78,1,12
BRDA:706,79,0,3
BRDA:706,79,1,0
BRDA:713,80,0,1
BRDA:713,80,1,14
BRDA:718,81,0,3
BRDA:718,81,1,0
BRDA:718,82,0,3
BRDA:718,82,1,3
BRDA:720,83,0,2
BRDA:720,83,1,1
BRDA:730,84,0,15
BRDA:730,84,1,0
BRDA:731,85,0,15
BRDA:731,85,1,0
BRDA:740,86,0,28
BRDA:740,86,1,64
BRDA:740,87,0,92
BRDA:740,87,1,92
BRDA:762,88,0,0
BRDA:762,88,1,0
BRDA:780,89,0,1
BRDA:780,89,1,2
BRDA:780,90,0,3
BRDA:780,90,1,2
BRDA:785,91,0,1
BRDA:785,91,1,1
BRDA:785,92,0,2
BRDA:785,92,1,1
BRDA:790,93,0,1
BRDA:790,93,1,0
BRDA:790,94,0,1
BRDA:790,94,1,1
BRDA:798,95,0,0
BRDA:798,95,1,3
BRDA:798,96,0,3
BRDA:798,96,1,0
BRDA:826,97,0,16
BRDA:826,97,1,16
BRDA:826,98,0,16
BRDA:826,98,1,0
BRDA:826,99,0,1
BRDA:826,99,1,0
BRDA:826,100,0,0
BRDA:826,100,1,1
BRDA:828,101,0,0
BRDA:828,101,1,40
BRDA:843,102,0,40
BRDA:843,102,1,0
BRDA:853,103,0,37
BRDA:853,103,1,1
BRDA:853,103,2,3
BRDA:889,104,0,8
BRDA:889,104,1,8
BRDA:889,104,2,8
BRDA:889,104,3,7
BRDA:900,105,0,8
BRDA:900,105,1,8
BRDA:900,105,2,7
BRDA:900,105,3,6
BRDA:907,106,0,0
BRDA:907,106,1,0
BRDA:915,107,0,0
BRDA:915,107,1,0
BRDA:922,108,0,0
BRDA:922,108,1,0
BRDA:931,109,0,0
BRDA:931,109,1,0
BRDA:933,110,0,0
BRDA:933,110,1,0
BRDA:948,111,0,0
BRDA:948,111,1,0
BRDA:956,112,0,0
BRDA:956,112,1,0
BRDA:959,113,0,0
BRDA:959,113,1,0
BRDA:961,114,0,0
BRDA:961,114,1,0
BRDA:999,115,0,0
BRDA:999,115,1,0
BRDA:1006,116,0,0
BRDA:1006,116,1,0
BRDA:1018,117,0,1
BRDA:1018,117,1,1
BRDA:1030,118,0,1
BRDA:1030,118,1,1
BRDA:1066,119,0,1
BRDA:1066,119,1,1
BRDA:1066,120,0,1
BRDA:1066,120,1,0
BRDA:1066,121,0,1
BRDA:1066,121,1,0
BRDA:1066,122,0,0
BRDA:1066,122,1,1
BRDA:1068,123,0,0
BRDA:1068,123,1,1
BRDA:1086,124,0,0
BRDA:1086,124,1,0
BRDA:1090,125,0,0
BRDA:1090,125,1,0
BRDA:1127,126,0,0
BRDA:1127,126,1,0
BRDA:1157,127,0,2
BRDA:1157,127,1,2
BRDA:1157,128,0,2
BRDA:1157,128,1,0
BRDA:1157,129,0,1
BRDA:1157,129,1,0
BRDA:1157,130,0,0
BRDA:1157,130,1,1
BRDA:1159,131,0,0
BRDA:1159,131,1,0
BRDA:1179,132,0,0
BRDA:1179,132,1,0
BRDA:1183,133,0,0
BRDA:1183,133,1,0
BRDA:1227,134,0,0
BRDA:1227,134,1,1
BRDA:1257,135,0,24
BRDA:1257,135,1,24
BRDA:1257,136,0,11
BRDA:1257,136,1,13
BRDA:1257,137,0,1
BRDA:1257,137,1,0
BRDA:1257,138,0,1
BRDA:1257,138,1,0
BRDA:1259,139,0,0
BRDA:1259,139,1,117
BRDA:1308,140,0,80
BRDA:1308,140,1,80
BRDA:1316,141,0,0
BRDA:1316,141,1,0
BRDA:1320,142,0,0
BRDA:1320,142,1,0
BRDA:1348,143,0,43
BRDA:1348,143,1,43
BRDA:1360,144,0,42
BRDA:1360,144,1,1
BRDA:1378,145,0,0
BRDA:1378,145,1,0
BRDA:1386,146,0,0
BRDA:1386,146,1,0
BRDA:1391,147,0,0
BRDA:1391,147,1,0
BRDA:1393,148,0,0
BRDA:1393,148,1,0
BRDA:1411,149,0,0
BRDA:1411,149,1,0
BRDA:1417,150,0,0
BRDA:1417,150,1,0
BRDA:1417,151,0,0
BRDA:1417,151,1,0
BRDA:1417,151,2,0
BRDA:1435,152,0,0
BRDA:1435,152,1,0
BRDA:1435,153,0,0
BRDA:1435,153,1,0
BRDA:1435,153,2,0
BRDA:1452,154,0,126
BRDA:1452,154,1,1
BRDA:1453,155,0,126
BRDA:1453,155,1,1
BRDA:1455,156,0,3
BRDA:1455,156,1,124
BRDA:1455,157,0,127
BRDA:1455,157,1,127
BRDA:1455,157,2,127
BRDA:1455,157,3,3
BRDA:1457,158,0,1
BRDA:1457,158,1,3
BRDA:1471,159,0,2238
BRDA:1471,159,1,68
BRDA:1476,160,0,82
BRDA:1476,160,1,2
BRDA:1484,161,0,44
BRDA:1484,161,1,40
BRDA:1494,162,0,226
BRDA:1494,162,1,41
BRDA:1500,163,0,0
BRDA:1500,163,1,0
BRDA:1515,164,0,0
BRDA:1515,164,1,2
BRDA:1517,165,0,0
BRDA:1517,165,1,2
BRDA:1519,166,0,0
BRDA:1519,166,1,2
BRDA:1534,167,0,61
BRDA:1534,167,1,1
BRDA:1536,168,0,61
BRDA:1536,168,1,0
BRDA:1537,169,0,0
BRDA:1537,169,1,61
BRDA:1548,170,0,24
BRDA:1548,170,1,22
BRDA:1555,171,0,774
BRDA:1555,171,1,62
BRDA:1557,172,0,24
BRDA:1557,172,1,24
BRDA:1560,173,0,43
BRDA:1560,173,1,43
BRDA:1563,174,0,43
BRDA:1563,174,1,43
BRDA:1566,175,0,83
BRDA:1566,175,1,40
BRDA:1567,176,0,1
BRDA:1567,176,1,82
BRDA:1568,177,0,1
BRDA:1568,177,1,0
BRDA:1574,178,0,0
BRDA:1574,178,1,1
BRDA:1590,179,0,83
BRDA:1590,179,1,40
BRDA:1591,180,0,0
BRDA:1591,180,1,83
BRDA:1592,181,0,0
BRDA:1592,181,1,0
BRDA:1593,182,0,0
BRDA:1593,182,1,0
BRDA:1599,183,0,0
BRDA:1599,183,1,0
BRDA:1607,184,0,0
BRDA:1607,184,1,0
BRDA:1620,185,0,0
BRDA:1620,185,1,123
BRDA:1627,186,0,123
BRDA:1627,186,1,0
BRDA:1627,187,0,123
BRDA:1627,187,1,0
BRDA:1629,188,0,0
BRDA:1629,188,1,123
BRDA:1633,189,0,123
BRDA:1633,189,1,0
BRDA:1643,190,0,0
BRDA:1643,190,1,0
BRDA:1648,191,0,0
BRDA:1648,191,1,0
BRDA:1649,192,0,0
BRDA:1649,192,1,0
BRDA:1662,193,0,24
BRDA:1662,193,1,0
BRDA:1662,194,0,24
BRDA:1662,194,1,24
BRDA:1699,195,0,572
BRDA:1699,195,1,62
BRDA:1713,196,0,123
BRDA:1713,196,1,40
BRDA:1718,197,0,180
BRDA:1718,197,1,1
BRDA:1723,198,0,43
BRDA:1723,198,1,1
BRDA:1728,199,0,67
BRDA:1728,199,1,1
BRDA:1733,200,0,67
BRDA:1733,200,1,1
BRDA:1752,201,0,2
BRDA:1752,201,1,2
BRDA:1752,202,0,2
BRDA:1752,202,1,0
BRDA:1752,203,0,1
BRDA:1752,203,1,0
BRDA:1752,204,0,0
BRDA:1752,204,1,1
BRDA:1754,205,0,0
BRDA:1754,205,1,27
BRDA:1810,206,0,0
BRDA:1810,206,1,568
BRDA:1810,207,0,568
BRDA:1810,207,1,568
BRDA:1813,208,0,336
BRDA:1813,208,1,232
BRDA:1815,209,0,108
BRDA:1815,209,1,124
BRDA:1815,210,0,232
BRDA:1815,210,1,232
BRDA:1819,211,0,72
BRDA:1819,211,1,52
BRDA:1819,212,0,124
BRDA:1819,212,1,124
BRDA:1823,213,0,52
BRDA:1823,213,1,0
BRDA:1823,214,0,52
BRDA:1823,214,1,52
BRDA:1846,215,0,10
BRDA:1846,215,1,10
BRDA:1846,216,0,7
BRDA:1846,216,1,3
BRDA:1846,217,0,1
BRDA:1846,217,1,0
BRDA:1846,218,0,0
BRDA:1846,218,1,1
BRDA:1848,219,0,0
BRDA:1848,219,1,58
BRDA:1864,220,0,0
BRDA:1864,220,1,1
BRDA:1868,221,0,0
BRDA:1868,221,1,1
BRDA:1868,222,0,1
BRDA:1868,222,1,0
BRDA:1872,223,0,0
BRDA:1872,223,1,1
BRDA:1874,224,0,0
BRDA:1874,224,1,0
BRDA:1874,225,0,0
BRDA:1874,225,1,0
BRDA:1876,226,0,0
BRDA:1876,226,1,0
BRDA:1878,227,0,0
BRDA:1878,227,1,0
BRDA:1887,228,0,2
BRDA:1887,228,1,2
BRDA:1910,229,0,1
BRDA:1910,229,1,0
BRDA:1921,230,0,10
BRDA:1921,230,1,5
BRDA:1942,231,0,5
BRDA:1942,231,1,5
BRDA:1977,232,0,7
BRDA:1977,232,1,7
BRDA:1977,233,0,1
BRDA:1977,233,1,6
BRDA:1977,234,0,1
BRDA:1977,234,1,0
BRDA:1977,235,0,0
BRDA:1977,235,1,1
BRDA:1979,236,0,0
BRDA:1979,236,1,40
BRDA:1995,237,0,0
BRDA:1995,237,1,0
BRDA:1997,238,0,0
BRDA:1997,238,1,0
BRDA:2003,239,0,0
BRDA:2003,239,1,0
BRDA:2006,240,0,0
BRDA:2006,240,1,0
BRDA:2022,241,0,0
BRDA:2022,241,1,0
BRDA:2033,242,0,185
BRDA:2033,242,1,7
BRDA:2046,243,0,0
BRDA:2046,243,1,0
BRDA:2051,244,0,165
BRDA:2051,244,1,5
BRDA:2071,245,0,1
BRDA:2071,245,1,0
BRDA:2073,246,0,1
BRDA:2073,246,1,0
BRDA:2074,247,0,0
BRDA:2074,247,1,1
BRDA:2087,248,0,1
BRDA:2087,248,1,1
BRDA:2098,249,0,0
BRDA:2098,249,1,0
BRDA:2113,250,0,0
BRDA:2113,250,1,0
BRDA:2116,251,0,0
BRDA:2116,251,1,0
BRDA:2142,252,0,5
BRDA:2142,252,1,5
BRDA:2142,253,0,0
BRDA:2142,253,1,5
BRDA:2142,254,0,1
BRDA:2142,254,1,0
BRDA:2142,255,0,0
BRDA:2142,255,1,1
BRDA:2144,256,0,0
BRDA:2144,256,1,102
BRDA:2154,257,0,119
BRDA:2154,257,1,101
BRDA:2159,258,0,3
BRDA:2159,258,1,1
BRDA:2167,259,0,6
BRDA:2167,259,1,1
BRDA:2175,260,0,3
BRDA:2175,260,1,1
BRDA:2183,261,0,1
BRDA:2183,261,1,1
BRDA:2205,262,0,3
BRDA:2205,262,1,3
BRDA:2205,263,0,3
BRDA:2205,263,1,0
BRDA:2205,264,0,1
BRDA:2205,264,1,0
BRDA:2205,265,0,0
BRDA:2205,265,1,1
BRDA:2207,266,0,0
BRDA:2207,266,1,35
BRDA:2241,267,0,0
BRDA:2241,267,1,0
BRDA:2241,268,0,0
BRDA:2241,268,1,0
BRDA:2241,268,2,0
BRDA:2252,269,0,0
BRDA:2252,269,1,0
BRDA:2268,270,0,0
BRDA:2268,270,1,0
BRDA:2270,271,0,0
BRDA:2270,271,1,0
BRDA:2306,272,0,1
BRDA:2306,272,1,1
BRDA:2306,273,0,1
BRDA:2306,273,1,0
BRDA:2306,274,0,1
BRDA:2306,274,1,0
BRDA:2306,275,0,0
BRDA:2306,275,1,1
BRDA:2308,276,0,0
BRDA:2308,276,1,64
BRDA:2324,277,0,70
BRDA:2324,277,1,66
BRDA:2325,278,0,70
BRDA:2325,278,1,4
BRDA:2325,278,2,3
BRDA:2325,278,3,2
BRDA:2344,279,0,4
BRDA:2344,279,1,4
BRDA:2344,280,0,4
BRDA:2344,280,1,0
BRDA:2344,281,0,1
BRDA:2344,281,1,0
BRDA:2344,282,0,0
BRDA:2344,282,1,1
BRDA:2346,283,0,0
BRDA:2346,283,1,5
BRDA:2364,284,0,8
BRDA:2364,284,1,0
BRDA:2366,285,0,4
BRDA:2366,285,1,4
BRDA:2375,286,0,3
BRDA:2375,286,1,0
BRDA:2383,287,0,1
BRDA:2383,287,1,0
BRDA:2391,288,0,1
BRDA:2391,288,1,0
BRDA:2412,289,0,5
BRDA:2412,289,1,5
BRDA:2412,290,0,5
BRDA:2412,290,1,0
BRDA:2412,291,0,1
BRDA:2412,291,1,0
BRDA:2412,292,0,0
BRDA:2412,292,1,1
BRDA:2414,293,0,0
BRDA:2414,293,1,47
BRDA:2424,294,0,47
BRDA:2424,294,1,12
BRDA:2425,295,0,47
BRDA:2425,295,1,12
BRDA:2426,296,0,47
BRDA:2426,296,1,12
BRDA:2447,297,0,4
BRDA:2447,297,1,0
BRDA:2480,298,0,0
BRDA:2480,298,1,0
BRDA:2492,299,0,0
BRDA:2492,299,1,0
BRDA:2494,300,0,0
BRDA:2494,300,1,0
BRDA:2496,301,0,0
BRDA:2496,301,1,0
BRDA:2496,302,0,0
BRDA:2496,302,1,0
BRDA:2498,303,0,0
BRDA:2498,303,1,0
BRDA:2498,304,0,0
BRDA:2498,304,1,0
BRDA:2505,305,0,0
BRDA:2505,305,1,0
BRDA:2505,305,2,0
BRDA:2505,305,3,0
BRDA:2505,305,4,0
BRDA:2505,305,5,0
BRDA:2547,306,0,0
BRDA:2547,306,1,0
BRDA:2553,307,0,0
BRDA:2553,307,1,0
BRDA:2553,308,0,0
BRDA:2553,308,1,0
BRDA:2559,309,0,0
BRDA:2559,309,1,0
BRDA:2560,310,0,0
BRDA:2560,310,1,0
BRDA:2562,311,0,0
BRDA:2562,311,1,0
BRDA:2564,312,0,0
BRDA:2564,312,1,0
BRDA:2588,313,0,0
BRDA:2588,313,1,0
BRDA:2589,314,0,0
BRDA:2589,314,1,0
BRDA:3534,315,0,1
BRDA:3534,315,1,0
BRDA:3535,316,0,1
BRDA:3535,316,1,0
BRF:651
BRH:363
end_of_record
