TN:
SF:/Users/ksween/Documents/git/career-portal/.tmp/serve/app/index.module.js
FN:1,(anonymous_1)
FN:6,__webpack_require__
FN:45,(anonymous_3)
FN:70,(anonymous_4)
FN:158,_interopRequireDefault
FN:160,(anonymous_6)
FN:162,(anonymous_7)
FN:164,(anonymous_8)
FN:166,(anonymous_9)
FN:168,(anonymous_10)
FN:170,(anonymous_11)
FN:172,(anonymous_12)
FN:182,configuration
FN:192,(anonymous_14)
FN:200,routerConfig
FN:214,job
FN:217,(anonymous_17)
FN:223,(anonymous_18)
FN:239,(anonymous_19)
FN:247,localeConfig
FN:266,(anonymous_21)
FN:274,(anonymous_22)
FN:274,defineProperties
FN:274,(anonymous_24)
FN:276,_classCallCheck
FN:278,(anonymous_26)
FN:280,JobListController
FN:293,loadMoreData
FN:299,clearSearchParamsAndLoadData
FN:313,(anonymous_30)
FN:321,(anonymous_31)
FN:321,defineProperties
FN:321,(anonymous_33)
FN:323,_classCallCheck
FN:325,(anonymous_35)
FN:328,JobDetailController
FN:360,(anonymous_37)
FN:367,checkSessionStorage
FN:377,shareFacebook
FN:382,shareTwitter
FN:387,shareLinkedin
FN:392,emailLink
FN:397,print
FN:402,applyModal
FN:407,loadRelatedJobs
FN:416,(anonymous_46)
FN:425,loadJobsWithCategory
FN:442,(anonymous_48)
FN:450,(anonymous_49)
FN:450,defineProperties
FN:450,(anonymous_51)
FN:452,_classCallCheck
FN:454,(anonymous_53)
FN:457,CareerPortalModalController
FN:499,applyWithLinkedIn
FN:504,(anonymous_56)
FN:517,closeModal
FN:529,validateResume
FN:565,updateUploadClass
FN:573,enableSendButton
FN:587,getTooltipText
FN:589,(anonymous_62)
FN:597,formatResume
FN:719,checkNested
FN:731,applySuccess
FN:756,submit
FN:783,(anonymous_67)
FN:786,(anonymous_68)
FN:800,(anonymous_69)
FN:808,(anonymous_70)
FN:808,defineProperties
FN:808,(anonymous_72)
FN:810,_classCallCheck
FN:812,(anonymous_74)
FN:815,CareerPortalSidebarController
FN:845,(anonymous_76)
FN:849,(anonymous_77)
FN:856,updateLocationLimitTo
FN:861,updateCategoryLimitTo
FN:866,setLocations
FN:869,(anonymous_81)
FN:870,(anonymous_82)
FN:877,setCategories
FN:880,(anonymous_84)
FN:881,(anonymous_85)
FN:888,updateCountsByIntersection
FN:893,(anonymous_87)
FN:896,(anonymous_88)
FN:909,(anonymous_89)
FN:927,updateFilterCounts
FN:931,(anonymous_91)
FN:932,(anonymous_92)
FN:939,(anonymous_93)
FN:940,(anonymous_94)
FN:942,(anonymous_95)
FN:950,updateFilterCountsAnonymous
FN:953,(anonymous_97)
FN:959,switchViewStyle
FN:964,searchJobs
FN:972,clearSearchParamsAndLoadData
FN:980,goBack
FN:987,searchOnDelay
FN:992,(anonymous_103)
FN:998,addOrRemoveLocation
FN:1010,addOrRemoveCategory
FN:1022,hasLocationFilter
FN:1028,hasCategoryFilter
FN:1040,(anonymous_108)
FN:1048,(anonymous_109)
FN:1048,defineProperties
FN:1048,(anonymous_111)
FN:1050,_classCallCheck
FN:1052,(anonymous_113)
FN:1054,MainController
FN:1064,closeFilters
FN:1081,Main
FN:1101,(anonymous_117)
FN:1109,_classCallCheck
FN:1111,CareerPortalSidebar
FN:1133,(anonymous_120)
FN:1141,(anonymous_121)
FN:1141,defineProperties
FN:1141,(anonymous_123)
FN:1143,_classCallCheck
FN:1145,(anonymous_125)
FN:1147,CareerPortalHeaderController
FN:1159,toggleFilters
FN:1173,goBack
FN:1181,CareerPortalHeader
FN:1203,(anonymous_130)
FN:1211,_classCallCheck
FN:1213,CareerPortalModal
FN:1233,(anonymous_133)
FN:1241,(anonymous_134)
FN:1241,defineProperties
FN:1241,(anonymous_136)
FN:1243,_classCallCheck
FN:1245,(anonymous_138)
FN:1247,SearchService
FN:1259,getCountByLocation
FN:1264,getCountByCategory
FN:1269,getCountWhereIDs
FN:1275,(anonymous_143)
FN:1277,(anonymous_144)
FN:1281,recursiveSearchForIDs
FN:1285,(anonymous_146)
FN:1287,(anonymous_147)
FN:1291,getCountBy
FN:1292,(anonymous_149)
FN:1299,callbackIfNoMore
FN:1301,(anonymous_151)
FN:1321,searchWhereIDs
FN:1325,(anonymous_153)
FN:1327,(anonymous_154)
FN:1331,recursiveQueryForIDs
FN:1332,(anonymous_156)
FN:1341,findJobs
FN:1358,doneFinding
FN:1369,callbackIfNoMore
FN:1371,(anonymous_160)
FN:1400,loadJobData
FN:1401,(anonymous_162)
FN:1406,(anonymous_163)
FN:1412,(anonymous_164)
FN:1418,loadJobDataByCategory
FN:1424,(anonymous_166)
FN:1430,(anonymous_167)
FN:1438,get
FN:1443,get
FN:1446,set
FN:1451,get
FN:1454,set
FN:1459,get
FN:1464,emptyCurrentDataList
FN:1467,updateStart
FN:1474,resetStartAndTotal
FN:1479,moreRecordsExist
FN:1482,clearSearchParams
FN:1499,get
FN:1515,get
FN:1520,get
FN:1524,sort
FN:1527,count
FN:1530,start
FN:1533,publishedCategory
FN:1557,location
FN:1587,text
FN:1594,query
FN:1610,whereIDs
FN:1611,(anonymous_190)
FN:1613,(anonymous_191)
FN:1627,relatedJobs
FN:1636,find
FN:1639,assembleForSearchWhereIDs
FN:1644,assembleForQueryForIDs
FN:1647,assembleForGroupByWhereIDs
FN:1650,assembleForSearchForIDs
FN:1653,assembleForRelatedJobs
FN:1656,assembleForFind
FN:1663,get
FN:1677,get
FN:1682,get
FN:1687,get
FN:1692,get
FN:1697,get
FN:1709,(anonymous_206)
FN:1717,(anonymous_207)
FN:1717,defineProperties
FN:1717,(anonymous_209)
FN:1719,_classCallCheck
FN:1721,(anonymous_211)
FN:1723,MobileDetection
FN:1734,getDeviceInfo
FN:1758,(anonymous_214)
FN:1763,(anonymous_215)
FN:1772,deepRegex
FN:1781,(anonymous_217)
FN:1785,(anonymous_218)
FN:1803,(anonymous_219)
FN:1811,(anonymous_220)
FN:1811,defineProperties
FN:1811,(anonymous_222)
FN:1813,_classCallCheck
FN:1815,(anonymous_224)
FN:1817,ShareService
FN:1827,additionalEmailInfo
FN:1851,description
FN:1859,emailLink
FN:1864,facebook
FN:1869,linkedin
FN:1874,sendEmailLink
FN:1880,twitter
FN:1885,get
FN:1890,get
FN:1904,get
FN:1908,additionalEmailInfo
FN:1911,facebook
FN:1914,twitter
FN:1917,linkedin
FN:1920,email
FN:1934,(anonymous_241)
FN:1942,(anonymous_242)
FN:1942,defineProperties
FN:1942,(anonymous_244)
FN:1944,_classCallCheck
FN:1946,(anonymous_246)
FN:1948,ApplyService
FN:1959,submit
FN:1960,(anonymous_249)
FN:1962,(anonymous_250)
FN:1983,(anonymous_251)
FN:1986,(anonymous_252)
FN:1997,get
FN:2002,get
FN:2005,set
FN:2010,get
FN:2015,get
FN:2024,set
FN:2029,get
FN:2045,get
FN:2049,firstName
FN:2052,lastName
FN:2055,email
FN:2058,phone
FN:2061,assemble
FN:2082,(anonymous_266)
FN:2090,(anonymous_267)
FN:2090,defineProperties
FN:2090,(anonymous_269)
FN:2092,_classCallCheck
FN:2094,(anonymous_271)
FN:2095,SharedData
FN:2101,get
FN:2106,get
FN:2109,set
FN:2114,get
FN:2117,set
FN:2122,get
FN:2125,set
FN:2130,get
FN:2133,set
FN:2145,(anonymous_282)
FN:2153,(anonymous_283)
FN:2153,defineProperties
FN:2153,(anonymous_285)
FN:2155,_classCallCheck
FN:2157,(anonymous_287)
FN:2159,LinkedInService
FN:2180,loadAndInitializeApi
FN:2187,(anonymous_290)
FN:2194,(anonymous_291)
FN:2213,getUser
FN:2220,(anonymous_293)
FN:2222,(anonymous_294)
FN:2234,isUserLoaded
FN:2246,(anonymous_296)
FN:2254,(anonymous_297)
FN:2254,defineProperties
FN:2254,(anonymous_299)
FN:2256,_classCallCheck
FN:2258,(anonymous_301)
FN:2260,VerifyLI
FN:2271,verifyLinkedInIntegration
FN:2284,(anonymous_304)
FN:2292,(anonymous_305)
FN:2292,defineProperties
FN:2292,(anonymous_307)
FN:2294,_classCallCheck
FN:2296,(anonymous_309)
FN:2297,CacheService
FN:2311,getItem
FN:2322,putItem
FN:2330,deleteItem
FN:2338,clearStorage
FN:2352,(anonymous_315)
FN:2360,_classCallCheck
FN:2362,StripHtml
FN:2365,(anonymous_318)
FN:2419,(anonymous_319)
FN:2427,_classCallCheck
FN:2429,OmitFilters
FN:2432,(anonymous_322)
FN:2437,(anonymous_323)
FN:2453,(anonymous_324)
FN:2461,(anonymous_325)
FN:2464,(anonymous_326)
FN:2481,(anonymous_327)
FN:2486,(anonymous_328)
FN:2489,(anonymous_329)
FN:2490,(anonymous_330)
FN:2503,(anonymous_331)
FN:2511,(anonymous_332)
FN:2532,(anonymous_333)
FN:2534,(anonymous_334)
FN:2539,(anonymous_335)
FN:2543,(anonymous_336)
FN:2551,(anonymous_337)
FN:2560,(anonymous_338)
FN:2561,(anonymous_339)
FN:2564,(anonymous_340)
FN:2571,(anonymous_341)
FN:2572,(anonymous_342)
FN:2575,(anonymous_343)
FN:2582,(anonymous_344)
FN:2583,(anonymous_345)
FN:2586,(anonymous_346)
FN:2593,(anonymous_347)
FN:2594,(anonymous_348)
FN:2597,(anonymous_349)
FN:2605,(anonymous_350)
FN:2606,(anonymous_351)
FN:2609,(anonymous_352)
FN:2616,(anonymous_353)
FN:2617,(anonymous_354)
FN:2620,(anonymous_355)
FN:2626,(anonymous_356)
FN:2627,(anonymous_357)
FN:2630,(anonymous_358)
FN:2635,(anonymous_359)
FN:2641,(anonymous_360)
FN:2649,(anonymous_361)
FN:2650,(anonymous_362)
FN:2653,(anonymous_363)
FN:2673,(anonymous_364)
FN:2678,(anonymous_365)
FN:2681,(anonymous_366)
FN:2682,(anonymous_367)
FN:2693,(anonymous_368)
FN:2697,(anonymous_369)
FN:2703,(anonymous_370)
FN:2704,(anonymous_371)
FN:2712,(anonymous_372)
FN:2713,(anonymous_373)
FN:2726,(anonymous_374)
FN:2731,(anonymous_375)
FN:2735,(anonymous_376)
FN:2736,(anonymous_377)
FN:2750,(anonymous_378)
FN:2755,(anonymous_379)
FN:2781,(anonymous_380)
FN:2782,(anonymous_381)
FN:2785,(anonymous_382)
FN:2787,(anonymous_383)
FN:2789,then
FN:2798,(anonymous_385)
FN:2799,(anonymous_386)
FN:2802,(anonymous_387)
FN:2813,(anonymous_388)
FN:2814,(anonymous_389)
FN:2818,(anonymous_390)
FN:2819,(anonymous_391)
FN:2820,(anonymous_392)
FN:2834,(anonymous_393)
FN:2840,(anonymous_394)
FN:2846,(anonymous_395)
FN:2854,(anonymous_396)
FN:2855,(anonymous_397)
FN:2860,(anonymous_398)
FN:2861,(anonymous_399)
FN:2866,(anonymous_400)
FN:2867,(anonymous_401)
FN:2870,(anonymous_402)
FN:2879,(anonymous_403)
FN:2880,(anonymous_404)
FN:2884,(anonymous_405)
FN:2886,(anonymous_406)
FN:2887,(anonymous_407)
FN:2910,(anonymous_408)
FN:2942,(anonymous_409)
FN:2973,(anonymous_410)
FN:3005,(anonymous_411)
FN:3021,(anonymous_412)
FN:3036,(anonymous_413)
FN:3066,(anonymous_414)
FN:3101,(anonymous_415)
FN:3132,(anonymous_416)
FN:3175,(anonymous_417)
FN:3217,(anonymous_418)
FN:3304,(anonymous_419)
FN:3356,(anonymous_420)
FN:3357,(anonymous_421)
FN:3362,(anonymous_422)
FN:3365,(anonymous_423)
FN:3366,(anonymous_424)
FN:3374,(anonymous_425)
FN:3377,(anonymous_426)
FN:3382,(anonymous_427)
FN:3388,(anonymous_428)
FN:3403,(anonymous_429)
FN:3420,(anonymous_430)
FN:3425,(anonymous_431)
FN:3436,(anonymous_432)
FN:3444,(anonymous_433)
FN:3445,(anonymous_434)
FN:3452,(anonymous_435)
FN:3460,(anonymous_436)
FN:3476,(anonymous_437)
FN:3484,(anonymous_438)
FN:3492,(anonymous_439)
FN:3500,(anonymous_440)
FN:3501,(anonymous_441)
FN:3505,(anonymous_442)
FN:3509,(anonymous_443)
FN:3510,(anonymous_444)
FN:3514,(anonymous_445)
FN:3518,(anonymous_446)
FN:3519,(anonymous_447)
FN:3533,(anonymous_448)
FN:3536,(anonymous_449)
FN:3540,(anonymous_450)
FN:3546,(anonymous_451)
FN:3553,(anonymous_452)
FN:3554,(anonymous_453)
FN:3566,(anonymous_454)
FN:3569,(anonymous_455)
FN:3573,(anonymous_456)
FN:3579,(anonymous_457)
FN:3586,(anonymous_458)
FN:3587,(anonymous_459)
FN:3591,(anonymous_460)
FN:3592,(anonymous_461)
FN:3596,(anonymous_462)
FN:3597,(anonymous_463)
FN:3601,(anonymous_464)
FN:3602,(anonymous_465)
FN:3605,(anonymous_466)
FN:3610,(anonymous_467)
FN:3611,(anonymous_468)
FN:3615,(anonymous_469)
FN:3616,(anonymous_470)
FN:3620,(anonymous_471)
FN:3621,(anonymous_472)
FN:3625,(anonymous_473)
FN:3626,(anonymous_474)
FN:3630,(anonymous_475)
FN:3631,(anonymous_476)
FN:3632,(anonymous_477)
FN:3642,(anonymous_478)
FN:3645,(anonymous_479)
FN:3649,(anonymous_480)
FN:3656,(anonymous_481)
FN:3657,(anonymous_482)
FN:3658,(anonymous_483)
FN:3665,(anonymous_484)
FN:3668,(anonymous_485)
FN:3672,(anonymous_486)
FN:3679,(anonymous_487)
FN:3680,(anonymous_488)
FN:3681,(anonymous_489)
FN:3691,(anonymous_490)
FN:3694,(anonymous_491)
FN:3699,(anonymous_492)
FN:3704,(anonymous_493)
FN:3705,(anonymous_494)
FN:3706,(anonymous_495)
FN:3713,(anonymous_496)
FN:3716,(anonymous_497)
FN:3721,(anonymous_498)
FN:3730,(anonymous_499)
FN:3787,(anonymous_500)
FN:3822,(anonymous_501)
FN:3826,(anonymous_502)
FN:3827,(anonymous_503)
FN:3828,(anonymous_504)
FN:3850,(anonymous_505)
FN:3869,(anonymous_506)
FN:3873,(anonymous_507)
FN:3887,(anonymous_508)
FN:3922,(anonymous_509)
FN:3927,(anonymous_510)
FN:3928,(anonymous_511)
FN:3934,(anonymous_512)
FN:3937,(anonymous_513)
FN:3944,(anonymous_514)
FN:3949,(anonymous_515)
FN:3950,(anonymous_516)
FN:3956,(anonymous_517)
FN:3959,(anonymous_518)
FN:3966,(anonymous_519)
FN:3971,(anonymous_520)
FN:3977,(anonymous_521)
FN:3978,(anonymous_522)
FN:3988,(anonymous_523)
FN:3992,(anonymous_524)
FN:3996,(anonymous_525)
FN:3997,(anonymous_526)
FN:4002,(anonymous_527)
FN:4003,(anonymous_528)
FN:4008,(anonymous_529)
FN:4009,(anonymous_530)
FN:4014,(anonymous_531)
FN:4015,(anonymous_532)
FN:4023,(anonymous_533)
FN:4027,(anonymous_534)
FN:4034,(anonymous_535)
FN:4039,(anonymous_536)
FN:4043,(anonymous_537)
FN:4047,(anonymous_538)
FN:4048,(anonymous_539)
FN:4056,(anonymous_540)
FN:4057,(anonymous_541)
FN:4066,(anonymous_542)
FN:4067,(anonymous_543)
FN:4077,(anonymous_544)
FN:4078,(anonymous_545)
FN:4090,(anonymous_546)
FN:4095,(anonymous_547)
FN:4102,(anonymous_548)
FN:4108,(anonymous_549)
FN:4112,(anonymous_550)
FN:4116,(anonymous_551)
FN:4117,(anonymous_552)
FN:4125,(anonymous_553)
FN:4133,(anonymous_554)
FN:4143,(anonymous_555)
FN:4144,(anonymous_556)
FN:4152,(anonymous_557)
FN:4156,(anonymous_558)
FN:4161,(anonymous_559)
FN:4162,(anonymous_560)
FN:4168,(anonymous_561)
FN:4172,(anonymous_562)
FN:4176,(anonymous_563)
FN:4177,(anonymous_564)
FN:4182,(anonymous_565)
FN:4183,(anonymous_566)
FN:4188,(anonymous_567)
FN:4189,(anonymous_568)
FN:4194,(anonymous_569)
FN:4195,(anonymous_570)
FN:4200,(anonymous_571)
FN:4201,(anonymous_572)
FN:4206,(anonymous_573)
FN:4207,(anonymous_574)
FN:4212,(anonymous_575)
FN:4213,(anonymous_576)
FN:4218,(anonymous_577)
FN:4219,(anonymous_578)
FN:4224,(anonymous_579)
FN:4225,(anonymous_580)
FN:4230,(anonymous_581)
FN:4231,(anonymous_582)
FN:4236,(anonymous_583)
FN:4237,(anonymous_584)
FN:4242,(anonymous_585)
FN:4243,(anonymous_586)
FN:4248,(anonymous_587)
FN:4249,(anonymous_588)
FN:4254,(anonymous_589)
FN:4255,(anonymous_590)
FN:4260,(anonymous_591)
FN:4261,(anonymous_592)
FN:4269,(anonymous_593)
FN:4274,(anonymous_594)
FN:4277,(anonymous_595)
FN:4278,(anonymous_596)
FN:4286,(anonymous_597)
FN:4300,(anonymous_598)
FN:4305,(anonymous_599)
FN:4307,(anonymous_600)
FN:4312,(anonymous_601)
FN:4317,(anonymous_602)
FN:4322,(anonymous_603)
FN:4328,(anonymous_604)
FN:4334,(anonymous_605)
FN:4340,(anonymous_606)
FN:4345,(anonymous_607)
FN:4354,(anonymous_608)
FN:4359,(anonymous_609)
FN:4364,(anonymous_610)
FN:4365,(anonymous_611)
FN:4370,(anonymous_612)
FN:4374,(anonymous_613)
FN:4378,(anonymous_614)
FN:4379,(anonymous_615)
FN:4384,(anonymous_616)
FN:4385,(anonymous_617)
FN:4390,(anonymous_618)
FN:4391,(anonymous_619)
FN:4396,(anonymous_620)
FN:4397,(anonymous_621)
FN:4405,(anonymous_622)
FN:4410,(anonymous_623)
FN:4415,(anonymous_624)
FN:4416,(anonymous_625)
FN:4427,(anonymous_626)
FN:4431,(anonymous_627)
FN:4435,(anonymous_628)
FN:4436,(anonymous_629)
FN:4441,(anonymous_630)
FN:4446,(anonymous_631)
FN:4450,(anonymous_632)
FN:4454,(anonymous_633)
FN:4458,(anonymous_634)
FN:4467,(anonymous_635)
FN:4471,(anonymous_636)
FNF:636
FNH:524
FNDA:1,(anonymous_1)
FNDA:41,__webpack_require__
FNDA:1,(anonymous_3)
FNDA:1,(anonymous_4)
FNDA:21,_interopRequireDefault
FNDA:1,(anonymous_6)
FNDA:0,(anonymous_7)
FNDA:0,(anonymous_8)
FNDA:1,(anonymous_9)
FNDA:0,(anonymous_10)
FNDA:0,(anonymous_11)
FNDA:99,(anonymous_12)
FNDA:1,configuration
FNDA:1,(anonymous_14)
FNDA:138,routerConfig
FNDA:0,job
FNDA:0,(anonymous_17)
FNDA:0,(anonymous_18)
FNDA:1,(anonymous_19)
FNDA:138,localeConfig
FNDA:1,(anonymous_21)
FNDA:1,(anonymous_22)
FNDA:1,defineProperties
FNDA:1,(anonymous_24)
FNDA:3,_classCallCheck
FNDA:1,(anonymous_26)
FNDA:3,JobListController
FNDA:1,loadMoreData
FNDA:1,clearSearchParamsAndLoadData
FNDA:1,(anonymous_30)
FNDA:1,(anonymous_31)
FNDA:1,defineProperties
FNDA:1,(anonymous_33)
FNDA:22,_classCallCheck
FNDA:1,(anonymous_35)
FNDA:22,JobDetailController
FNDA:0,(anonymous_37)
FNDA:24,checkSessionStorage
FNDA:1,shareFacebook
FNDA:1,shareTwitter
FNDA:1,shareLinkedin
FNDA:1,emailLink
FNDA:1,print
FNDA:1,applyModal
FNDA:25,loadRelatedJobs
FNDA:0,(anonymous_46)
FNDA:1,loadJobsWithCategory
FNDA:1,(anonymous_48)
FNDA:1,(anonymous_49)
FNDA:1,defineProperties
FNDA:1,(anonymous_51)
FNDA:32,_classCallCheck
FNDA:1,(anonymous_53)
FNDA:32,CareerPortalModalController
FNDA:1,applyWithLinkedIn
FNDA:0,(anonymous_56)
FNDA:34,closeModal
FNDA:14,validateResume
FNDA:14,updateUploadClass
FNDA:20,enableSendButton
FNDA:9,getTooltipText
FNDA:4,(anonymous_62)
FNDA:15,formatResume
FNDA:60,checkNested
FNDA:0,applySuccess
FNDA:3,submit
FNDA:0,(anonymous_67)
FNDA:0,(anonymous_68)
FNDA:1,(anonymous_69)
FNDA:1,(anonymous_70)
FNDA:1,defineProperties
FNDA:1,(anonymous_72)
FNDA:40,_classCallCheck
FNDA:1,(anonymous_74)
FNDA:40,CareerPortalSidebarController
FNDA:0,(anonymous_76)
FNDA:0,(anonymous_77)
FNDA:2,updateLocationLimitTo
FNDA:0,updateCategoryLimitTo
FNDA:44,setLocations
FNDA:3,(anonymous_81)
FNDA:8,(anonymous_82)
FNDA:44,setCategories
FNDA:3,(anonymous_84)
FNDA:8,(anonymous_85)
FNDA:0,updateCountsByIntersection
FNDA:0,(anonymous_87)
FNDA:0,(anonymous_88)
FNDA:0,(anonymous_89)
FNDA:0,updateFilterCounts
FNDA:0,(anonymous_91)
FNDA:0,(anonymous_92)
FNDA:0,(anonymous_93)
FNDA:0,(anonymous_94)
FNDA:0,(anonymous_95)
FNDA:80,updateFilterCountsAnonymous
FNDA:0,(anonymous_97)
FNDA:1,switchViewStyle
FNDA:0,searchJobs
FNDA:0,clearSearchParamsAndLoadData
FNDA:0,goBack
FNDA:0,searchOnDelay
FNDA:0,(anonymous_103)
FNDA:2,addOrRemoveLocation
FNDA:2,addOrRemoveCategory
FNDA:4,hasLocationFilter
FNDA:4,hasCategoryFilter
FNDA:1,(anonymous_108)
FNDA:1,(anonymous_109)
FNDA:1,defineProperties
FNDA:1,(anonymous_111)
FNDA:1,_classCallCheck
FNDA:1,(anonymous_113)
FNDA:0,MainController
FNDA:0,closeFilters
FNDA:1,Main
FNDA:1,(anonymous_117)
FNDA:0,_classCallCheck
FNDA:0,CareerPortalSidebar
FNDA:1,(anonymous_120)
FNDA:1,(anonymous_121)
FNDA:1,defineProperties
FNDA:1,(anonymous_123)
FNDA:0,_classCallCheck
FNDA:1,(anonymous_125)
FNDA:0,CareerPortalHeaderController
FNDA:0,toggleFilters
FNDA:0,goBack
FNDA:0,CareerPortalHeader
FNDA:1,(anonymous_130)
FNDA:1,_classCallCheck
FNDA:1,CareerPortalModal
FNDA:1,(anonymous_133)
FNDA:1,(anonymous_134)
FNDA:2,defineProperties
FNDA:1,(anonymous_136)
FNDA:110,_classCallCheck
FNDA:1,(anonymous_138)
FNDA:110,SearchService
FNDA:40,getCountByLocation
FNDA:40,getCountByCategory
FNDA:0,getCountWhereIDs
FNDA:0,(anonymous_143)
FNDA:0,(anonymous_144)
FNDA:80,recursiveSearchForIDs
FNDA:0,(anonymous_146)
FNDA:0,(anonymous_147)
FNDA:80,getCountBy
FNDA:0,(anonymous_149)
FNDA:0,callbackIfNoMore
FNDA:0,(anonymous_151)
FNDA:0,searchWhereIDs
FNDA:0,(anonymous_153)
FNDA:0,(anonymous_154)
FNDA:43,recursiveQueryForIDs
FNDA:0,(anonymous_156)
FNDA:43,findJobs
FNDA:0,doneFinding
FNDA:0,callbackIfNoMore
FNDA:0,(anonymous_160)
FNDA:0,loadJobData
FNDA:0,(anonymous_162)
FNDA:0,(anonymous_163)
FNDA:0,(anonymous_164)
FNDA:24,loadJobDataByCategory
FNDA:0,(anonymous_166)
FNDA:0,(anonymous_167)
FNDA:2224,get
FNDA:82,get
FNDA:1,set
FNDA:44,get
FNDA:0,set
FNDA:226,get
FNDA:43,emptyCurrentDataList
FNDA:0,updateStart
FNDA:43,resetStartAndTotal
FNDA:0,moreRecordsExist
FNDA:2,clearSearchParams
FNDA:98,get
FNDA:67,get
FNDA:731,get
FNDA:24,sort
FNDA:43,count
FNDA:43,start
FNDA:123,publishedCategory
FNDA:123,location
FNDA:80,text
FNDA:123,query
FNDA:0,whereIDs
FNDA:0,(anonymous_190)
FNDA:0,(anonymous_191)
FNDA:24,relatedJobs
FNDA:0,find
FNDA:0,assembleForSearchWhereIDs
FNDA:43,assembleForQueryForIDs
FNDA:0,assembleForGroupByWhereIDs
FNDA:80,assembleForSearchForIDs
FNDA:24,assembleForRelatedJobs
FNDA:0,assembleForFind
FNDA:529,get
FNDA:80,get
FNDA:180,get
FNDA:43,get
FNDA:67,get
FNDA:67,get
FNDA:1,(anonymous_206)
FNDA:1,(anonymous_207)
FNDA:1,defineProperties
FNDA:1,(anonymous_209)
FNDA:37,_classCallCheck
FNDA:1,(anonymous_211)
FNDA:37,MobileDetection
FNDA:46,getDeviceInfo
FNDA:92,(anonymous_214)
FNDA:46,(anonymous_215)
FNDA:786,deepRegex
FNDA:234,(anonymous_217)
FNDA:318,(anonymous_218)
FNDA:1,(anonymous_219)
FNDA:1,(anonymous_220)
FNDA:1,defineProperties
FNDA:1,(anonymous_222)
FNDA:55,_classCallCheck
FNDA:1,(anonymous_224)
FNDA:55,ShareService
FNDA:1,additionalEmailInfo
FNDA:4,description
FNDA:1,emailLink
FNDA:1,facebook
FNDA:1,linkedin
FNDA:1,sendEmailLink
FNDA:1,twitter
FNDA:10,get
FNDA:4,get
FNDA:5,get
FNDA:1,additionalEmailInfo
FNDA:1,facebook
FNDA:1,twitter
FNDA:1,linkedin
FNDA:1,email
FNDA:1,(anonymous_241)
FNDA:1,(anonymous_242)
FNDA:1,defineProperties
FNDA:1,(anonymous_244)
FNDA:37,_classCallCheck
FNDA:1,(anonymous_246)
FNDA:37,ApplyService
FNDA:0,submit
FNDA:0,(anonymous_249)
FNDA:0,(anonymous_250)
FNDA:0,(anonymous_251)
FNDA:0,(anonymous_252)
FNDA:141,get
FNDA:10,get
FNDA:0,set
FNDA:0,get
FNDA:122,get
FNDA:0,set
FNDA:1,get
FNDA:1,get
FNDA:0,firstName
FNDA:0,lastName
FNDA:0,email
FNDA:0,phone
FNDA:0,assemble
FNDA:1,(anonymous_266)
FNDA:1,(anonymous_267)
FNDA:1,defineProperties
FNDA:1,(anonymous_269)
FNDA:99,_classCallCheck
FNDA:1,(anonymous_271)
FNDA:99,SharedData
FNDA:115,get
FNDA:3,get
FNDA:25,set
FNDA:6,get
FNDA:41,set
FNDA:3,get
FNDA:36,set
FNDA:1,get
FNDA:0,set
FNDA:1,(anonymous_282)
FNDA:1,(anonymous_283)
FNDA:1,defineProperties
FNDA:1,(anonymous_285)
FNDA:32,_classCallCheck
FNDA:1,(anonymous_287)
FNDA:32,LinkedInService
FNDA:0,loadAndInitializeApi
FNDA:0,(anonymous_290)
FNDA:0,(anonymous_291)
FNDA:0,getUser
FNDA:0,(anonymous_293)
FNDA:0,(anonymous_294)
FNDA:0,isUserLoaded
FNDA:1,(anonymous_296)
FNDA:1,(anonymous_297)
FNDA:1,defineProperties
FNDA:1,(anonymous_299)
FNDA:61,_classCallCheck
FNDA:1,(anonymous_301)
FNDA:61,VerifyLI
FNDA:67,verifyLinkedInIntegration
FNDA:1,(anonymous_304)
FNDA:1,(anonymous_305)
FNDA:1,defineProperties
FNDA:1,(anonymous_307)
FNDA:5,_classCallCheck
FNDA:1,(anonymous_309)
FNDA:5,CacheService
FNDA:8,getItem
FNDA:3,putItem
FNDA:1,deleteItem
FNDA:1,clearStorage
FNDA:1,(anonymous_315)
FNDA:0,_classCallCheck
FNDA:0,StripHtml
FNDA:0,(anonymous_318)
FNDA:1,(anonymous_319)
FNDA:0,_classCallCheck
FNDA:0,OmitFilters
FNDA:0,(anonymous_322)
FNDA:0,(anonymous_323)
FNDA:1,(anonymous_324)
FNDA:0,(anonymous_325)
FNDA:0,(anonymous_326)
FNDA:1,(anonymous_327)
FNDA:1,(anonymous_328)
FNDA:22,(anonymous_329)
FNDA:22,(anonymous_330)
FNDA:22,(anonymous_331)
FNDA:1,(anonymous_332)
FNDA:1,(anonymous_333)
FNDA:1,(anonymous_334)
FNDA:1,(anonymous_335)
FNDA:1,(anonymous_336)
FNDA:1,(anonymous_337)
FNDA:1,(anonymous_338)
FNDA:1,(anonymous_339)
FNDA:1,(anonymous_340)
FNDA:1,(anonymous_341)
FNDA:1,(anonymous_342)
FNDA:1,(anonymous_343)
FNDA:1,(anonymous_344)
FNDA:1,(anonymous_345)
FNDA:1,(anonymous_346)
FNDA:1,(anonymous_347)
FNDA:1,(anonymous_348)
FNDA:1,(anonymous_349)
FNDA:1,(anonymous_350)
FNDA:1,(anonymous_351)
FNDA:1,(anonymous_352)
FNDA:1,(anonymous_353)
FNDA:1,(anonymous_354)
FNDA:1,(anonymous_355)
FNDA:1,(anonymous_356)
FNDA:1,(anonymous_357)
FNDA:1,(anonymous_358)
FNDA:1,(anonymous_359)
FNDA:1,(anonymous_360)
FNDA:1,(anonymous_361)
FNDA:1,(anonymous_362)
FNDA:1,(anonymous_363)
FNDA:1,(anonymous_364)
FNDA:1,(anonymous_365)
FNDA:3,(anonymous_366)
FNDA:3,(anonymous_367)
FNDA:3,(anonymous_368)
FNDA:1,(anonymous_369)
FNDA:1,(anonymous_370)
FNDA:1,(anonymous_371)
FNDA:1,(anonymous_372)
FNDA:1,(anonymous_373)
FNDA:1,(anonymous_374)
FNDA:1,(anonymous_375)
FNDA:31,(anonymous_376)
FNDA:31,(anonymous_377)
FNDA:31,(anonymous_378)
FNDA:1,(anonymous_379)
FNDA:1,(anonymous_380)
FNDA:1,(anonymous_381)
FNDA:1,(anonymous_382)
FNDA:1,(anonymous_383)
FNDA:1,then
FNDA:1,(anonymous_385)
FNDA:1,(anonymous_386)
FNDA:1,(anonymous_387)
FNDA:1,(anonymous_388)
FNDA:1,(anonymous_389)
FNDA:4,(anonymous_390)
FNDA:5,(anonymous_391)
FNDA:5,(anonymous_392)
FNDA:1,(anonymous_393)
FNDA:1,(anonymous_394)
FNDA:1,(anonymous_395)
FNDA:1,(anonymous_396)
FNDA:1,(anonymous_397)
FNDA:1,(anonymous_398)
FNDA:1,(anonymous_399)
FNDA:1,(anonymous_400)
FNDA:1,(anonymous_401)
FNDA:1,(anonymous_402)
FNDA:1,(anonymous_403)
FNDA:1,(anonymous_404)
FNDA:13,(anonymous_405)
FNDA:107,(anonymous_406)
FNDA:107,(anonymous_407)
FNDA:1,(anonymous_408)
FNDA:1,(anonymous_409)
FNDA:1,(anonymous_410)
FNDA:1,(anonymous_411)
FNDA:1,(anonymous_412)
FNDA:1,(anonymous_413)
FNDA:1,(anonymous_414)
FNDA:1,(anonymous_415)
FNDA:1,(anonymous_416)
FNDA:1,(anonymous_417)
FNDA:1,(anonymous_418)
FNDA:1,(anonymous_419)
FNDA:1,(anonymous_420)
FNDA:1,(anonymous_421)
FNDA:1,(anonymous_422)
FNDA:4,(anonymous_423)
FNDA:1,(anonymous_424)
FNDA:1,(anonymous_425)
FNDA:1,(anonymous_426)
FNDA:1,(anonymous_427)
FNDA:1,(anonymous_428)
FNDA:1,(anonymous_429)
FNDA:1,(anonymous_430)
FNDA:1,(anonymous_431)
FNDA:37,(anonymous_432)
FNDA:37,(anonymous_433)
FNDA:37,(anonymous_434)
FNDA:37,(anonymous_435)
FNDA:1,(anonymous_436)
FNDA:1,(anonymous_437)
FNDA:1,(anonymous_438)
FNDA:1,(anonymous_439)
FNDA:1,(anonymous_440)
FNDA:1,(anonymous_441)
FNDA:1,(anonymous_442)
FNDA:1,(anonymous_443)
FNDA:1,(anonymous_444)
FNDA:1,(anonymous_445)
FNDA:1,(anonymous_446)
FNDA:4,(anonymous_447)
FNDA:1,(anonymous_448)
FNDA:1,(anonymous_449)
FNDA:1,(anonymous_450)
FNDA:1,(anonymous_451)
FNDA:1,(anonymous_452)
FNDA:4,(anonymous_453)
FNDA:1,(anonymous_454)
FNDA:1,(anonymous_455)
FNDA:1,(anonymous_456)
FNDA:1,(anonymous_457)
FNDA:1,(anonymous_458)
FNDA:1,(anonymous_459)
FNDA:1,(anonymous_460)
FNDA:1,(anonymous_461)
FNDA:1,(anonymous_462)
FNDA:1,(anonymous_463)
FNDA:1,(anonymous_464)
FNDA:1,(anonymous_465)
FNDA:1,(anonymous_466)
FNDA:1,(anonymous_467)
FNDA:1,(anonymous_468)
FNDA:1,(anonymous_469)
FNDA:1,(anonymous_470)
FNDA:1,(anonymous_471)
FNDA:1,(anonymous_472)
FNDA:1,(anonymous_473)
FNDA:1,(anonymous_474)
FNDA:1,(anonymous_475)
FNDA:3,(anonymous_476)
FNDA:2,(anonymous_477)
FNDA:1,(anonymous_478)
FNDA:1,(anonymous_479)
FNDA:1,(anonymous_480)
FNDA:1,(anonymous_481)
FNDA:3,(anonymous_482)
FNDA:2,(anonymous_483)
FNDA:1,(anonymous_484)
FNDA:1,(anonymous_485)
FNDA:1,(anonymous_486)
FNDA:1,(anonymous_487)
FNDA:3,(anonymous_488)
FNDA:0,(anonymous_489)
FNDA:1,(anonymous_490)
FNDA:1,(anonymous_491)
FNDA:1,(anonymous_492)
FNDA:1,(anonymous_493)
FNDA:3,(anonymous_494)
FNDA:0,(anonymous_495)
FNDA:1,(anonymous_496)
FNDA:1,(anonymous_497)
FNDA:1,(anonymous_498)
FNDA:1,(anonymous_499)
FNDA:1,(anonymous_500)
FNDA:1,(anonymous_501)
FNDA:1,(anonymous_502)
FNDA:1,(anonymous_503)
FNDA:1,(anonymous_504)
FNDA:1,(anonymous_505)
FNDA:1,(anonymous_506)
FNDA:1,(anonymous_507)
FNDA:1,(anonymous_508)
FNDA:1,(anonymous_509)
FNDA:140,(anonymous_510)
FNDA:138,(anonymous_511)
FNDA:1,(anonymous_512)
FNDA:1,(anonymous_513)
FNDA:1,(anonymous_514)
FNDA:140,(anonymous_515)
FNDA:138,(anonymous_516)
FNDA:1,(anonymous_517)
FNDA:1,(anonymous_518)
FNDA:1,(anonymous_519)
FNDA:1,(anonymous_520)
FNDA:5,(anonymous_521)
FNDA:5,(anonymous_522)
FNDA:5,(anonymous_523)
FNDA:1,(anonymous_524)
FNDA:1,(anonymous_525)
FNDA:1,(anonymous_526)
FNDA:1,(anonymous_527)
FNDA:1,(anonymous_528)
FNDA:1,(anonymous_529)
FNDA:1,(anonymous_530)
FNDA:1,(anonymous_531)
FNDA:1,(anonymous_532)
FNDA:1,(anonymous_533)
FNDA:1,(anonymous_534)
FNDA:5,(anonymous_535)
FNDA:5,(anonymous_536)
FNDA:1,(anonymous_537)
FNDA:1,(anonymous_538)
FNDA:1,(anonymous_539)
FNDA:1,(anonymous_540)
FNDA:1,(anonymous_541)
FNDA:1,(anonymous_542)
FNDA:1,(anonymous_543)
FNDA:1,(anonymous_544)
FNDA:1,(anonymous_545)
FNDA:1,(anonymous_546)
FNDA:1,(anonymous_547)
FNDA:5,(anonymous_548)
FNDA:5,(anonymous_549)
FNDA:1,(anonymous_550)
FNDA:1,(anonymous_551)
FNDA:1,(anonymous_552)
FNDA:1,(anonymous_553)
FNDA:1,(anonymous_554)
FNDA:1,(anonymous_555)
FNDA:1,(anonymous_556)
FNDA:1,(anonymous_557)
FNDA:1,(anonymous_558)
FNDA:16,(anonymous_559)
FNDA:16,(anonymous_560)
FNDA:16,(anonymous_561)
FNDA:1,(anonymous_562)
FNDA:1,(anonymous_563)
FNDA:1,(anonymous_564)
FNDA:1,(anonymous_565)
FNDA:1,(anonymous_566)
FNDA:1,(anonymous_567)
FNDA:1,(anonymous_568)
FNDA:1,(anonymous_569)
FNDA:1,(anonymous_570)
FNDA:1,(anonymous_571)
FNDA:1,(anonymous_572)
FNDA:1,(anonymous_573)
FNDA:1,(anonymous_574)
FNDA:1,(anonymous_575)
FNDA:1,(anonymous_576)
FNDA:1,(anonymous_577)
FNDA:1,(anonymous_578)
FNDA:1,(anonymous_579)
FNDA:1,(anonymous_580)
FNDA:1,(anonymous_581)
FNDA:1,(anonymous_582)
FNDA:1,(anonymous_583)
FNDA:1,(anonymous_584)
FNDA:1,(anonymous_585)
FNDA:1,(anonymous_586)
FNDA:1,(anonymous_587)
FNDA:1,(anonymous_588)
FNDA:1,(anonymous_589)
FNDA:1,(anonymous_590)
FNDA:1,(anonymous_591)
FNDA:1,(anonymous_592)
FNDA:1,(anonymous_593)
FNDA:1,(anonymous_594)
FNDA:1,(anonymous_595)
FNDA:1,(anonymous_596)
FNDA:1,(anonymous_597)
FNDA:1,(anonymous_598)
FNDA:1,(anonymous_599)
FNDA:0,(anonymous_600)
FNDA:0,(anonymous_601)
FNDA:0,(anonymous_602)
FNDA:0,(anonymous_603)
FNDA:0,(anonymous_604)
FNDA:0,(anonymous_605)
FNDA:0,(anonymous_606)
FNDA:0,(anonymous_607)
FNDA:1,(anonymous_608)
FNDA:1,(anonymous_609)
FNDA:5,(anonymous_610)
FNDA:5,(anonymous_611)
FNDA:5,(anonymous_612)
FNDA:1,(anonymous_613)
FNDA:1,(anonymous_614)
FNDA:1,(anonymous_615)
FNDA:1,(anonymous_616)
FNDA:1,(anonymous_617)
FNDA:1,(anonymous_618)
FNDA:1,(anonymous_619)
FNDA:1,(anonymous_620)
FNDA:1,(anonymous_621)
FNDA:1,(anonymous_622)
FNDA:1,(anonymous_623)
FNDA:7,(anonymous_624)
FNDA:7,(anonymous_625)
FNDA:7,(anonymous_626)
FNDA:1,(anonymous_627)
FNDA:1,(anonymous_628)
FNDA:1,(anonymous_629)
FNDA:1,(anonymous_630)
FNDA:1,(anonymous_631)
FNDA:1,(anonymous_632)
FNDA:1,(anonymous_633)
FNDA:1,(anonymous_634)
FNDA:1,(anonymous_635)
FNDA:138,(anonymous_636)
DA:1,1
DA:3,1
DA:6,1
DA:9,41
DA:10,0
DA:13,41
DA:20,41
DA:23,41
DA:26,41
DA:31,1
DA:34,1
DA:37,1
DA:40,1
DA:47,1
DA:48,1
DA:49,1
DA:50,1
DA:51,1
DA:52,1
DA:53,1
DA:54,1
DA:55,1
DA:56,1
DA:57,1
DA:58,1
DA:59,1
DA:60,1
DA:61,1
DA:62,1
DA:63,1
DA:64,1
DA:65,1
DA:74,1
DA:76,1
DA:78,1
DA:80,1
DA:82,1
DA:84,1
DA:86,1
DA:88,1
DA:90,1
DA:92,1
DA:94,1
DA:96,1
DA:98,1
DA:100,1
DA:102,1
DA:104,1
DA:106,1
DA:108,1
DA:110,1
DA:112,1
DA:114,1
DA:116,1
DA:118,1
DA:120,1
DA:122,1
DA:124,1
DA:126,1
DA:128,1
DA:130,1
DA:132,1
DA:134,1
DA:136,1
DA:138,1
DA:140,1
DA:142,1
DA:144,1
DA:146,1
DA:148,1
DA:150,1
DA:152,1
DA:154,1
DA:156,1
DA:158,21
DA:160,1
DA:161,1
DA:163,0
DA:165,0
DA:167,1
DA:169,0
DA:171,0
DA:173,99
DA:178,1
DA:183,1
DA:185,1
DA:196,1
DA:197,1
DA:200,1
DA:201,138
DA:203,138
DA:215,0
DA:217,0
DA:219,0
DA:221,0
DA:222,0
DA:224,0
DA:227,0
DA:232,138
DA:235,1
DA:243,1
DA:244,1
DA:247,1
DA:248,138
DA:250,138
DA:251,138
DA:252,138
DA:253,138
DA:254,138
DA:255,138
DA:256,138
DA:257,138
DA:259,138
DA:262,1
DA:270,1
DA:274,2
DA:276,3
DA:278,1
DA:279,1
DA:280,1
DA:281,3
DA:283,3
DA:285,3
DA:286,3
DA:288,3
DA:291,1
DA:294,1
DA:295,1
DA:300,1
DA:301,1
DA:302,1
DA:306,1
DA:309,1
DA:317,1
DA:321,9
DA:323,22
DA:325,1
DA:327,1
DA:328,1
DA:329,22
DA:332,22
DA:334,22
DA:335,22
DA:336,22
DA:339,22
DA:340,22
DA:341,22
DA:342,22
DA:343,22
DA:346,22
DA:347,22
DA:348,22
DA:349,22
DA:350,22
DA:351,22
DA:354,22
DA:357,22
DA:360,22
DA:361,0
DA:365,1
DA:369,24
DA:370,24
DA:371,23
DA:372,23
DA:378,1
DA:383,1
DA:388,1
DA:393,1
DA:398,1
DA:403,1
DA:408,25
DA:410,25
DA:415,25
DA:416,24
DA:417,0
DA:420,1
DA:426,1
DA:427,1
DA:428,1
DA:429,1
DA:430,1
DA:431,1
DA:435,1
DA:438,1
DA:446,1
DA:450,10
DA:452,32
DA:454,1
DA:456,1
DA:457,1
DA:458,32
DA:461,32
DA:463,32
DA:464,32
DA:465,32
DA:466,32
DA:467,32
DA:470,32
DA:471,32
DA:472,32
DA:473,32
DA:474,32
DA:475,32
DA:476,32
DA:479,32
DA:480,32
DA:481,32
DA:483,32
DA:485,32
DA:487,32
DA:494,32
DA:497,1
DA:500,1
DA:502,1
DA:504,1
DA:505,0
DA:506,0
DA:507,0
DA:508,0
DA:509,0
DA:511,1
DA:512,0
DA:518,34
DA:519,34
DA:520,34
DA:523,34
DA:524,0
DA:530,14
DA:531,11
DA:532,11
DA:536,3
DA:539,3
DA:540,1
DA:541,1
DA:542,1
DA:543,1
DA:547,2
DA:548,1
DA:549,1
DA:550,1
DA:551,1
DA:552,1
DA:553,1
DA:554,1
DA:555,1
DA:556,1
DA:559,0
DA:560,0
DA:561,0
DA:566,14
DA:567,14
DA:568,0
DA:574,20
DA:576,20
DA:577,0
DA:578,0
DA:580,20
DA:581,0
DA:583,20
DA:588,9
DA:589,9
DA:590,4
DA:592,9
DA:593,9
DA:598,15
DA:606,15
DA:608,15
DA:610,15
DA:611,14
DA:612,14
DA:613,13
DA:617,15
DA:619,15
DA:621,3
DA:622,3
DA:623,3
DA:625,5
DA:626,1
DA:629,5
DA:630,1
DA:633,5
DA:634,1
DA:637,5
DA:638,5
DA:641,5
DA:642,1
DA:645,5
DA:646,1
DA:649,5
DA:650,2
DA:654,3
DA:658,15
DA:660,15
DA:661,14
DA:663,15
DA:665,15
DA:666,15
DA:669,15
DA:670,2
DA:672,13
DA:674,13
DA:677,15
DA:679,15
DA:681,15
DA:682,15
DA:684,12
DA:687,15
DA:688,3
DA:690,15
DA:695,15
DA:696,1
DA:697,1
DA:698,1
DA:699,3
DA:700,3
DA:701,3
DA:702,3
DA:703,2
DA:707,1
DA:711,15
DA:712,15
DA:713,15
DA:715,15
DA:720,60
DA:721,60
DA:722,92
DA:723,28
DA:725,64
DA:727,32
DA:733,0
DA:734,0
DA:735,0
DA:737,0
DA:739,0
DA:741,0
DA:743,0
DA:744,0
DA:745,0
DA:746,0
DA:747,0
DA:749,0
DA:752,0
DA:757,3
DA:762,3
DA:764,1
DA:765,1
DA:766,1
DA:767,2
DA:769,1
DA:770,1
DA:771,1
DA:772,1
DA:774,1
DA:775,1
DA:777,0
DA:780,3
DA:781,0
DA:782,0
DA:783,0
DA:784,0
DA:785,0
DA:787,0
DA:793,1
DA:796,1
DA:804,1
DA:808,16
DA:810,40
DA:812,1
DA:814,1
DA:815,1
DA:817,40
DA:819,40
DA:821,40
DA:822,40
DA:823,40
DA:824,40
DA:825,40
DA:827,40
DA:828,40
DA:830,40
DA:831,40
DA:832,40
DA:835,40
DA:837,37
DA:838,37
DA:842,3
DA:845,40
DA:846,0
DA:849,40
DA:850,0
DA:854,1
DA:857,2
DA:862,0
DA:867,44
DA:869,44
DA:870,3
DA:871,8
DA:878,44
DA:880,44
DA:881,3
DA:882,8
DA:889,0
DA:890,0
DA:893,0
DA:894,0
DA:896,0
DA:897,0
DA:898,0
DA:900,0
DA:904,0
DA:905,0
DA:909,0
DA:910,0
DA:911,0
DA:913,0
DA:914,0
DA:915,0
DA:916,0
DA:918,0
DA:919,0
DA:921,0
DA:928,0
DA:930,0
DA:931,0
DA:932,0
DA:933,0
DA:938,0
DA:939,0
DA:940,0
DA:941,0
DA:943,0
DA:951,80
DA:953,80
DA:954,0
DA:960,1
DA:965,0
DA:966,0
DA:968,0
DA:973,0
DA:974,0
DA:975,0
DA:976,0
DA:981,0
DA:982,0
DA:988,0
DA:989,0
DA:992,0
DA:993,0
DA:999,2
DA:1000,2
DA:1001,1
DA:1003,1
DA:1004,1
DA:1006,2
DA:1011,2
DA:1012,2
DA:1013,1
DA:1015,1
DA:1016,1
DA:1018,2
DA:1023,4
DA:1024,4
DA:1029,4
DA:1033,1
DA:1036,1
DA:1044,1
DA:1048,1
DA:1050,1
DA:1052,1
DA:1053,1
DA:1054,1
DA:1055,0
DA:1057,0
DA:1059,0
DA:1062,1
DA:1065,0
DA:1066,0
DA:1068,0
DA:1069,0
DA:1072,0
DA:1073,0
DA:1078,1
DA:1081,1
DA:1082,1
DA:1084,1
DA:1086,1
DA:1097,1
DA:1105,1
DA:1109,1
DA:1111,1
DA:1112,0
DA:1114,0
DA:1116,0
DA:1126,0
DA:1129,1
DA:1137,1
DA:1141,2
DA:1143,1
DA:1145,1
DA:1146,1
DA:1147,1
DA:1148,0
DA:1150,0
DA:1152,0
DA:1153,0
DA:1154,0
DA:1157,1
DA:1160,0
DA:1161,0
DA:1163,0
DA:1164,0
DA:1167,0
DA:1168,0
DA:1174,0
DA:1178,1
DA:1181,1
DA:1182,0
DA:1184,0
DA:1186,0
DA:1196,0
DA:1199,1
DA:1207,1
DA:1211,1
DA:1213,1
DA:1214,1
DA:1216,1
DA:1218,1
DA:1229,1
DA:1237,1
DA:1241,23
DA:1243,110
DA:1245,1
DA:1246,1
DA:1247,1
DA:1248,110
DA:1250,110
DA:1252,110
DA:1253,110
DA:1254,110
DA:1257,1
DA:1260,40
DA:1265,40
DA:1270,0
DA:1272,0
DA:1276,0
DA:1282,80
DA:1286,0
DA:1292,80
DA:1294,80
DA:1295,80
DA:1297,80
DA:1299,80
DA:1300,0
DA:1301,0
DA:1302,0
DA:1304,0
DA:1305,0
DA:1307,0
DA:1309,0
DA:1313,0
DA:1317,80
DA:1322,0
DA:1326,0
DA:1332,43
DA:1334,43
DA:1342,43
DA:1344,43
DA:1345,42
DA:1346,42
DA:1349,43
DA:1351,43
DA:1352,43
DA:1353,43
DA:1355,43
DA:1356,43
DA:1358,43
DA:1359,0
DA:1360,0
DA:1362,0
DA:1363,0
DA:1365,0
DA:1369,43
DA:1370,0
DA:1371,0
DA:1372,0
DA:1373,0
DA:1374,0
DA:1375,0
DA:1380,0
DA:1381,0
DA:1382,0
DA:1383,0
DA:1384,0
DA:1386,0
DA:1387,0
DA:1388,0
DA:1392,0
DA:1396,43
DA:1401,0
DA:1403,0
DA:1407,0
DA:1408,0
DA:1410,0
DA:1413,0
DA:1419,24
DA:1421,24
DA:1425,0
DA:1426,0
DA:1428,0
DA:1431,0
DA:1434,24
DA:1439,2224
DA:1444,82
DA:1447,1
DA:1452,44
DA:1455,0
DA:1460,226
DA:1462,226
DA:1465,43
DA:1468,0
DA:1469,0
DA:1471,0
DA:1475,43
DA:1476,43
DA:1477,43
DA:1480,0
DA:1483,2
DA:1484,0
DA:1485,2
DA:1486,0
DA:1487,2
DA:1488,0
DA:1490,2
DA:1491,2
DA:1492,2
DA:1500,98
DA:1502,98
DA:1503,61
DA:1504,61
DA:1505,61
DA:1506,61
DA:1508,61
DA:1511,98
DA:1516,67
DA:1521,731
DA:1523,731
DA:1525,24
DA:1528,43
DA:1531,43
DA:1534,123
DA:1535,83
DA:1536,1
DA:1538,1
DA:1539,1
DA:1541,1
DA:1542,1
DA:1543,0
DA:1545,1
DA:1548,1
DA:1551,1
DA:1555,122
DA:1558,123
DA:1559,83
DA:1560,0
DA:1561,0
DA:1563,0
DA:1564,0
DA:1566,0
DA:1567,0
DA:1568,0
DA:1570,0
DA:1573,0
DA:1575,0
DA:1576,0
DA:1578,0
DA:1581,0
DA:1585,123
DA:1588,80
DA:1589,0
DA:1592,80
DA:1595,123
DA:1597,123
DA:1598,0
DA:1601,123
DA:1602,80
DA:1605,123
DA:1606,123
DA:1608,123
DA:1611,0
DA:1612,0
DA:1614,0
DA:1616,0
DA:1617,0
DA:1619,0
DA:1621,0
DA:1622,0
DA:1625,0
DA:1628,24
DA:1630,24
DA:1631,24
DA:1634,24
DA:1637,0
DA:1640,0
DA:1642,0
DA:1645,43
DA:1648,0
DA:1651,80
DA:1654,24
DA:1657,0
DA:1664,529
DA:1678,80
DA:1683,180
DA:1688,43
DA:1693,67
DA:1698,67
DA:1702,1
DA:1705,1
DA:1713,1
DA:1717,2
DA:1719,37
DA:1721,1
DA:1722,1
DA:1723,1
DA:1724,37
DA:1726,37
DA:1728,37
DA:1729,37
DA:1732,1
DA:1735,46
DA:1737,46
DA:1758,46
DA:1759,92
DA:1760,92
DA:1763,46
DA:1764,46
DA:1765,46
DA:1768,46
DA:1773,786
DA:1775,786
DA:1776,0
DA:1778,786
DA:1779,460
DA:1780,326
DA:1781,138
DA:1782,234
DA:1784,188
DA:1785,92
DA:1786,318
DA:1788,96
DA:1789,96
DA:1791,0
DA:1796,1
DA:1799,1
DA:1807,1
DA:1811,10
DA:1813,55
DA:1815,1
DA:1816,1
DA:1817,1
DA:1818,55
DA:1820,55
DA:1822,55
DA:1825,1
DA:1828,1
DA:1829,1
DA:1830,0
DA:1833,1
DA:1834,0
DA:1837,1
DA:1838,0
DA:1839,0
DA:1840,0
DA:1841,0
DA:1842,0
DA:1843,0
DA:1844,0
DA:1847,1
DA:1852,4
DA:1853,2
DA:1855,2
DA:1860,1
DA:1865,1
DA:1870,1
DA:1875,1
DA:1876,1
DA:1881,1
DA:1886,10
DA:1891,4
DA:1905,5
DA:1907,5
DA:1909,1
DA:1912,1
DA:1915,1
DA:1918,1
DA:1921,1
DA:1927,1
DA:1930,1
DA:1938,1
DA:1942,7
DA:1944,37
DA:1946,1
DA:1947,1
DA:1948,1
DA:1949,37
DA:1951,37
DA:1953,37
DA:1954,37
DA:1957,1
DA:1960,0
DA:1962,0
DA:1964,0
DA:1966,0
DA:1968,0
DA:1969,0
DA:1971,0
DA:1973,0
DA:1975,0
DA:1978,0
DA:1980,0
DA:1984,0
DA:1985,0
DA:1987,0
DA:1988,0
DA:1990,0
DA:1991,0
DA:1998,141
DA:2003,10
DA:2006,0
DA:2011,0
DA:2016,122
DA:2025,0
DA:2030,1
DA:2032,1
DA:2033,1
DA:2034,1
DA:2035,1
DA:2036,1
DA:2038,1
DA:2041,1
DA:2046,1
DA:2048,1
DA:2050,0
DA:2053,0
DA:2056,0
DA:2059,0
DA:2062,0
DA:2064,0
DA:2065,0
DA:2066,0
DA:2067,0
DA:2069,0
DA:2075,1
DA:2078,1
DA:2086,1
DA:2090,5
DA:2092,99
DA:2094,1
DA:2095,1
DA:2096,99
DA:2099,1
DA:2102,115
DA:2107,3
DA:2110,25
DA:2115,6
DA:2118,41
DA:2123,3
DA:2126,36
DA:2131,1
DA:2134,0
DA:2138,1
DA:2141,1
DA:2149,1
DA:2153,3
DA:2155,32
DA:2157,1
DA:2158,1
DA:2159,1
DA:2160,32
DA:2162,32
DA:2164,32
DA:2165,32
DA:2167,32
DA:2168,32
DA:2169,32
DA:2178,1
DA:2181,0
DA:2183,0
DA:2185,0
DA:2186,0
DA:2187,0
DA:2189,0
DA:2190,0
DA:2191,0
DA:2194,0
DA:2195,0
DA:2197,0
DA:2200,0
DA:2201,0
DA:2209,0
DA:2214,0
DA:2216,0
DA:2218,0
DA:2220,0
DA:2221,0
DA:2222,0
DA:2223,0
DA:2224,0
DA:2228,0
DA:2230,0
DA:2235,0
DA:2239,1
DA:2242,1
DA:2250,1
DA:2254,1
DA:2256,61
DA:2258,1
DA:2259,1
DA:2260,1
DA:2261,61
DA:2263,61
DA:2265,61
DA:2266,61
DA:2269,1
DA:2272,67
DA:2273,67
DA:2277,1
DA:2280,1
DA:2288,1
DA:2292,4
DA:2294,5
DA:2296,1
DA:2297,1
DA:2298,5
DA:2300,5
DA:2301,5
DA:2302,5
DA:2303,5
DA:2305,0
DA:2309,1
DA:2312,8
DA:2313,8
DA:2314,8
DA:2315,4
DA:2317,4
DA:2323,3
DA:2324,3
DA:2325,3
DA:2331,1
DA:2332,1
DA:2333,1
DA:2339,1
DA:2340,1
DA:2345,1
DA:2348,1
DA:2356,1
DA:2360,1
DA:2362,1
DA:2363,0
DA:2365,0
DA:2366,0
DA:2367,0
DA:2368,0
DA:2370,0
DA:2371,0
DA:2372,0
DA:2373,0
DA:2374,0
DA:2375,0
DA:2376,0
DA:2378,0
DA:2379,0
DA:2381,0
DA:2385,0
DA:2387,0
DA:2388,0
DA:2390,0
DA:2391,0
DA:2393,0
DA:2394,0
DA:2396,0
DA:2397,0
DA:2399,0
DA:2400,0
DA:2402,0
DA:2403,0
DA:2406,0
DA:2409,0
DA:2411,0
DA:2415,1
DA:2423,1
DA:2427,1
DA:2429,1
DA:2430,0
DA:2432,0
DA:2433,0
DA:2434,0
DA:2437,0
DA:2438,0
DA:2439,0
DA:2440,0
DA:2442,0
DA:2444,0
DA:2449,1
DA:2457,1
DA:2461,1
DA:2462,0
DA:2464,0
DA:2465,0
DA:2466,0
DA:2468,0
DA:2469,0
DA:2470,0
DA:2472,0
DA:2475,0
DA:2486,1
DA:2487,1
DA:2489,1
DA:2490,22
DA:2491,22
DA:2499,1
DA:2501,1
DA:2503,1
DA:2504,22
DA:2508,22
DA:2511,1
DA:2513,1
DA:2514,1
DA:2515,1
DA:2518,1
DA:2519,1
DA:2520,1
DA:2521,1
DA:2522,1
DA:2525,1
DA:2526,1
DA:2527,1
DA:2528,1
DA:2529,1
DA:2532,1
DA:2534,1
DA:2535,1
DA:2536,1
DA:2539,1
DA:2540,1
DA:2543,1
DA:2544,1
DA:2547,1
DA:2548,1
DA:2551,1
DA:2552,1
DA:2555,1
DA:2556,1
DA:2560,1
DA:2561,1
DA:2562,1
DA:2564,1
DA:2565,1
DA:2566,1
DA:2567,1
DA:2571,1
DA:2572,1
DA:2573,1
DA:2575,1
DA:2576,1
DA:2577,1
DA:2578,1
DA:2582,1
DA:2583,1
DA:2584,1
DA:2586,1
DA:2587,1
DA:2588,1
DA:2589,1
DA:2593,1
DA:2594,1
DA:2595,1
DA:2597,1
DA:2598,1
DA:2599,1
DA:2600,1
DA:2601,1
DA:2605,1
DA:2606,1
DA:2607,1
DA:2609,1
DA:2610,1
DA:2611,1
DA:2612,1
DA:2616,1
DA:2617,1
DA:2618,1
DA:2620,1
DA:2621,1
DA:2622,1
DA:2626,1
DA:2627,1
DA:2628,1
DA:2630,1
DA:2631,1
DA:2632,1
DA:2633,1
DA:2635,1
DA:2636,1
DA:2637,1
DA:2638,1
DA:2639,1
DA:2641,1
DA:2642,1
DA:2643,1
DA:2644,1
DA:2645,1
DA:2649,1
DA:2650,1
DA:2651,1
DA:2653,1
DA:2654,1
DA:2655,1
DA:2656,1
DA:2657,1
DA:2658,1
DA:2659,1
DA:2660,1
DA:2661,1
DA:2662,1
DA:2663,1
DA:2664,1
DA:2665,1
DA:2666,1
DA:2678,1
DA:2679,1
DA:2681,1
DA:2682,3
DA:2683,3
DA:2691,1
DA:2693,1
DA:2694,3
DA:2697,1
DA:2698,1
DA:2699,1
DA:2700,1
DA:2703,1
DA:2704,1
DA:2705,1
DA:2706,1
DA:2707,1
DA:2708,1
DA:2712,1
DA:2713,1
DA:2714,1
DA:2715,1
DA:2716,1
DA:2717,1
DA:2718,1
DA:2719,1
DA:2731,1
DA:2732,1
DA:2735,1
DA:2736,31
DA:2737,31
DA:2748,1
DA:2750,1
DA:2751,31
DA:2752,31
DA:2755,1
DA:2758,1
DA:2759,1
DA:2760,1
DA:2761,1
DA:2764,1
DA:2765,1
DA:2766,1
DA:2767,1
DA:2768,1
DA:2769,1
DA:2770,1
DA:2773,1
DA:2774,1
DA:2775,1
DA:2776,1
DA:2777,1
DA:2778,1
DA:2781,1
DA:2782,1
DA:2783,1
DA:2785,1
DA:2787,1
DA:2788,1
DA:2792,1
DA:2793,1
DA:2794,1
DA:2798,1
DA:2799,1
DA:2800,1
DA:2802,1
DA:2803,1
DA:2804,1
DA:2805,1
DA:2806,1
DA:2807,1
DA:2808,1
DA:2809,1
DA:2813,1
DA:2814,1
DA:2815,1
DA:2818,1
DA:2819,4
DA:2820,5
DA:2821,5
DA:2828,5
DA:2829,5
DA:2834,1
DA:2835,1
DA:2836,1
DA:2837,1
DA:2838,1
DA:2840,1
DA:2841,1
DA:2842,1
DA:2843,1
DA:2844,1
DA:2846,1
DA:2847,1
DA:2848,1
DA:2849,1
DA:2850,1
DA:2854,1
DA:2855,1
DA:2856,1
DA:2860,1
DA:2861,1
DA:2862,1
DA:2866,1
DA:2867,1
DA:2868,1
DA:2870,1
DA:2871,1
DA:2872,1
DA:2873,1
DA:2874,1
DA:2875,1
DA:2879,1
DA:2880,1
DA:2881,1
DA:2884,1
DA:2886,13
DA:2887,107
DA:2888,107
DA:2899,107
DA:2900,107
DA:2910,1
DA:2911,1
DA:2937,1
DA:2938,1
DA:2939,1
DA:2942,1
DA:2943,1
DA:2968,1
DA:2969,1
DA:2970,1
DA:2973,1
DA:2974,1
DA:3000,1
DA:3001,1
DA:3002,1
DA:3005,1
DA:3006,1
DA:3016,1
DA:3017,1
DA:3018,1
DA:3021,1
DA:3022,1
DA:3031,1
DA:3032,1
DA:3033,1
DA:3036,1
DA:3037,1
DA:3061,1
DA:3062,1
DA:3063,1
DA:3066,1
DA:3067,1
DA:3093,1
DA:3094,1
DA:3095,1
DA:3096,1
DA:3097,1
DA:3098,1
DA:3101,1
DA:3102,1
DA:3127,1
DA:3128,1
DA:3129,1
DA:3132,1
DA:3133,1
DA:3170,1
DA:3171,1
DA:3172,1
DA:3175,1
DA:3176,1
DA:3212,1
DA:3213,1
DA:3214,1
DA:3217,1
DA:3218,1
DA:3299,1
DA:3300,1
DA:3301,1
DA:3304,1
DA:3305,1
DA:3350,1
DA:3351,1
DA:3352,1
DA:3356,1
DA:3357,1
DA:3358,1
DA:3362,1
DA:3365,1
DA:3366,4
DA:3367,1
DA:3374,1
DA:3375,1
DA:3377,1
DA:3378,1
DA:3379,1
DA:3380,1
DA:3381,1
DA:3382,1
DA:3383,1
DA:3385,1
DA:3386,1
DA:3388,1
DA:3389,1
DA:3390,1
DA:3396,1
DA:3397,1
DA:3398,1
DA:3399,1
DA:3400,1
DA:3403,1
DA:3404,1
DA:3405,1
DA:3406,1
DA:3408,1
DA:3409,1
DA:3410,1
DA:3411,1
DA:3413,1
DA:3425,1
DA:3426,1
DA:3436,1
DA:3437,37
DA:3444,1
DA:3445,37
DA:3446,37
DA:3450,1
DA:3452,1
DA:3453,37
DA:3454,37
DA:3455,37
DA:3460,1
DA:3462,1
DA:3463,1
DA:3466,1
DA:3467,1
DA:3468,1
DA:3471,1
DA:3472,1
DA:3473,1
DA:3474,1
DA:3476,1
DA:3477,1
DA:3478,1
DA:3482,1
DA:3484,1
DA:3485,1
DA:3486,1
DA:3490,1
DA:3492,1
DA:3493,1
DA:3494,1
DA:3498,1
DA:3500,1
DA:3501,1
DA:3502,1
DA:3503,1
DA:3505,1
DA:3506,1
DA:3509,1
DA:3510,1
DA:3511,1
DA:3512,1
DA:3514,1
DA:3515,1
DA:3518,1
DA:3519,1
DA:3520,4
DA:3531,4
DA:3533,1
DA:3534,1
DA:3536,1
DA:3537,1
DA:3538,1
DA:3540,1
DA:3541,1
DA:3542,1
DA:3543,1
DA:3544,1
DA:3546,1
DA:3547,1
DA:3548,1
DA:3549,1
DA:3550,1
DA:3553,1
DA:3554,1
DA:3555,4
DA:3564,4
DA:3566,1
DA:3567,1
DA:3569,1
DA:3570,1
DA:3571,1
DA:3573,1
DA:3574,1
DA:3575,1
DA:3576,1
DA:3577,1
DA:3579,1
DA:3580,1
DA:3581,1
DA:3582,1
DA:3583,1
DA:3586,1
DA:3587,1
DA:3588,1
DA:3591,1
DA:3592,1
DA:3593,1
DA:3596,1
DA:3597,1
DA:3598,1
DA:3601,1
DA:3602,1
DA:3603,1
DA:3605,1
DA:3606,1
DA:3607,1
DA:3610,1
DA:3611,1
DA:3612,1
DA:3615,1
DA:3616,1
DA:3617,1
DA:3620,1
DA:3621,1
DA:3622,1
DA:3625,1
DA:3626,1
DA:3627,1
DA:3630,1
DA:3631,1
DA:3632,3
DA:3634,3
DA:3642,1
DA:3643,1
DA:3645,1
DA:3646,1
DA:3647,1
DA:3649,1
DA:3650,1
DA:3651,1
DA:3652,1
DA:3653,1
DA:3656,1
DA:3657,1
DA:3658,3
DA:3659,3
DA:3665,1
DA:3666,1
DA:3668,1
DA:3669,1
DA:3670,1
DA:3672,1
DA:3673,1
DA:3674,1
DA:3675,1
DA:3676,1
DA:3679,1
DA:3680,1
DA:3681,3
DA:3683,3
DA:3691,1
DA:3692,1
DA:3694,1
DA:3695,1
DA:3696,1
DA:3697,1
DA:3699,1
DA:3700,1
DA:3701,1
DA:3704,1
DA:3705,1
DA:3706,3
DA:3707,3
DA:3713,1
DA:3714,1
DA:3716,1
DA:3717,1
DA:3718,1
DA:3719,1
DA:3721,1
DA:3722,1
DA:3723,1
DA:3826,1
DA:3827,1
DA:3828,1
DA:3829,1
DA:3839,1
DA:3841,1
DA:3850,1
DA:3852,1
DA:3853,1
DA:3854,1
DA:3855,1
DA:3857,1
DA:3859,1
DA:3861,1
DA:3862,1
DA:3863,1
DA:3865,1
DA:3866,1
DA:3869,1
DA:3870,1
DA:3873,1
DA:3874,1
DA:3875,1
DA:3876,1
DA:3877,1
DA:3878,1
DA:3879,1
DA:3880,1
DA:3881,1
DA:3927,1
DA:3928,140
DA:3929,138
DA:3930,138
DA:3934,1
DA:3935,1
DA:3937,1
DA:3938,1
DA:3949,1
DA:3950,140
DA:3951,138
DA:3952,138
DA:3956,1
DA:3957,1
DA:3959,1
DA:3960,1
DA:3971,1
DA:3973,1
DA:3975,1
DA:3977,1
DA:3978,5
DA:3979,5
DA:3988,1
DA:3989,5
DA:3992,1
DA:3993,1
DA:3996,1
DA:3997,1
DA:3998,1
DA:4002,1
DA:4003,1
DA:4004,1
DA:4008,1
DA:4009,1
DA:4010,1
DA:4014,1
DA:4015,1
DA:4016,1
DA:4027,1
DA:4028,1
DA:4030,1
DA:4034,1
DA:4035,5
DA:4036,5
DA:4039,1
DA:4040,5
DA:4043,1
DA:4044,1
DA:4047,1
DA:4048,1
DA:4049,1
DA:4050,1
DA:4051,1
DA:4052,1
DA:4056,1
DA:4057,1
DA:4058,1
DA:4059,1
DA:4060,1
DA:4061,1
DA:4062,1
DA:4066,1
DA:4067,1
DA:4068,1
DA:4069,1
DA:4070,1
DA:4071,1
DA:4072,1
DA:4073,1
DA:4077,1
DA:4078,1
DA:4079,1
DA:4080,1
DA:4081,1
DA:4082,1
DA:4083,1
DA:4095,1
DA:4096,1
DA:4098,1
DA:4102,1
DA:4103,5
DA:4104,5
DA:4105,5
DA:4108,1
DA:4109,5
DA:4112,1
DA:4113,1
DA:4116,1
DA:4117,1
DA:4118,1
DA:4121,1
DA:4122,1
DA:4123,1
DA:4125,1
DA:4126,1
DA:4129,1
DA:4130,1
DA:4131,1
DA:4133,1
DA:4134,1
DA:4137,1
DA:4138,1
DA:4139,1
DA:4143,1
DA:4144,1
DA:4145,1
DA:4156,1
DA:4157,1
DA:4159,1
DA:4161,1
DA:4162,16
DA:4163,16
DA:4168,1
DA:4169,16
DA:4172,1
DA:4173,1
DA:4176,1
DA:4177,1
DA:4178,1
DA:4182,1
DA:4183,1
DA:4184,1
DA:4188,1
DA:4189,1
DA:4190,1
DA:4194,1
DA:4195,1
DA:4196,1
DA:4200,1
DA:4201,1
DA:4202,1
DA:4206,1
DA:4207,1
DA:4208,1
DA:4212,1
DA:4213,1
DA:4214,1
DA:4218,1
DA:4219,1
DA:4220,1
DA:4224,1
DA:4225,1
DA:4226,1
DA:4230,1
DA:4231,1
DA:4232,1
DA:4236,1
DA:4237,1
DA:4238,1
DA:4242,1
DA:4243,1
DA:4244,1
DA:4248,1
DA:4249,1
DA:4250,1
DA:4254,1
DA:4255,1
DA:4256,1
DA:4260,1
DA:4261,1
DA:4262,1
DA:4274,1
DA:4275,1
DA:4277,1
DA:4278,1
DA:4279,1
DA:4283,1
DA:4286,1
DA:4287,1
DA:4288,1
DA:4300,1
DA:4301,1
DA:4305,1
DA:4307,1
DA:4308,0
DA:4309,0
DA:4312,1
DA:4313,0
DA:4314,0
DA:4317,1
DA:4318,0
DA:4319,0
DA:4322,1
DA:4323,0
DA:4324,0
DA:4325,0
DA:4328,1
DA:4329,0
DA:4330,0
DA:4331,0
DA:4334,1
DA:4335,0
DA:4336,0
DA:4337,0
DA:4340,1
DA:4341,0
DA:4342,0
DA:4345,1
DA:4346,0
DA:4347,0
DA:4359,1
DA:4360,1
DA:4362,1
DA:4364,1
DA:4365,5
DA:4366,5
DA:4370,1
DA:4371,5
DA:4374,1
DA:4375,1
DA:4378,1
DA:4379,1
DA:4380,1
DA:4384,1
DA:4385,1
DA:4386,1
DA:4390,1
DA:4391,1
DA:4392,1
DA:4396,1
DA:4397,1
DA:4398,1
DA:4410,1
DA:4411,1
DA:4413,1
DA:4415,1
DA:4416,7
DA:4417,7
DA:4427,1
DA:4428,7
DA:4431,1
DA:4432,1
DA:4435,1
DA:4436,1
DA:4437,1
DA:4438,1
DA:4441,1
DA:4442,1
DA:4443,1
DA:4446,1
DA:4447,1
DA:4448,1
DA:4450,1
DA:4451,1
DA:4452,1
DA:4454,1
DA:4455,1
DA:4456,1
DA:4458,1
DA:4459,1
DA:4460,1
DA:4471,1
DA:4472,138
DA:4473,138
DA:4474,138
DA:4475,138
DA:4476,138
DA:4477,138
LF:1799
LH:1456
BRDA:9,1,0,0
BRDA:9,1,1,41
BRDA:158,2,0,21
BRDA:158,2,1,0
BRDA:158,3,0,21
BRDA:158,3,1,21
BRDA:274,4,0,2
BRDA:274,4,1,2
BRDA:274,5,0,2
BRDA:274,5,1,0
BRDA:274,6,0,1
BRDA:274,6,1,0
BRDA:274,7,0,0
BRDA:274,7,1,1
BRDA:276,8,0,0
BRDA:276,8,1,3
BRDA:321,9,0,9
BRDA:321,9,1,9
BRDA:321,10,0,9
BRDA:321,10,1,0
BRDA:321,11,0,1
BRDA:321,11,1,0
BRDA:321,12,0,0
BRDA:321,12,1,1
BRDA:323,13,0,0
BRDA:323,13,1,22
BRDA:370,14,0,23
BRDA:370,14,1,1
BRDA:410,15,0,25
BRDA:410,15,1,1
BRDA:411,16,0,25
BRDA:411,16,1,2
BRDA:412,17,0,23
BRDA:412,17,1,2
BRDA:415,18,0,24
BRDA:415,18,1,1
BRDA:415,19,0,25
BRDA:415,19,1,2
BRDA:450,20,0,10
BRDA:450,20,1,10
BRDA:450,21,0,10
BRDA:450,21,1,0
BRDA:450,22,0,1
BRDA:450,22,1,0
BRDA:450,23,0,0
BRDA:450,23,1,1
BRDA:452,24,0,0
BRDA:452,24,1,32
BRDA:481,25,0,32
BRDA:481,25,1,0
BRDA:505,26,0,0
BRDA:505,26,1,0
BRDA:506,27,0,0
BRDA:506,27,1,0
BRDA:507,28,0,0
BRDA:507,28,1,0
BRDA:508,29,0,0
BRDA:508,29,1,0
BRDA:511,30,0,0
BRDA:511,30,1,1
BRDA:523,31,0,0
BRDA:523,31,1,34
BRDA:530,32,0,11
BRDA:530,32,1,3
BRDA:530,33,0,14
BRDA:530,33,1,4
BRDA:539,34,0,1
BRDA:539,34,1,2
BRDA:539,35,0,3
BRDA:539,35,1,0
BRDA:540,36,0,1
BRDA:540,36,1,0
BRDA:547,37,0,1
BRDA:547,37,1,1
BRDA:552,38,0,1
BRDA:552,38,1,0
BRDA:567,39,0,0
BRDA:567,39,1,14
BRDA:576,40,0,0
BRDA:576,40,1,20
BRDA:576,41,0,20
BRDA:576,41,1,0
BRDA:576,41,2,0
BRDA:577,42,0,0
BRDA:577,42,1,0
BRDA:577,43,0,0
BRDA:577,43,1,0
BRDA:580,44,0,0
BRDA:580,44,1,20
BRDA:606,45,0,15
BRDA:606,45,1,0
BRDA:608,46,0,15
BRDA:608,46,1,1
BRDA:610,47,0,14
BRDA:610,47,1,1
BRDA:611,48,0,14
BRDA:611,48,1,0
BRDA:612,49,0,13
BRDA:612,49,1,1
BRDA:613,50,0,13
BRDA:613,50,1,0
BRDA:619,51,0,3
BRDA:619,51,1,12
BRDA:625,52,0,1
BRDA:625,52,1,4
BRDA:629,53,0,1
BRDA:629,53,1,4
BRDA:633,54,0,1
BRDA:633,54,1,4
BRDA:633,55,0,5
BRDA:633,55,1,4
BRDA:637,56,0,5
BRDA:637,56,1,0
BRDA:641,57,0,1
BRDA:641,57,1,4
BRDA:645,58,0,1
BRDA:645,58,1,4
BRDA:649,59,0,2
BRDA:649,59,1,3
BRDA:649,60,0,5
BRDA:649,60,1,0
BRDA:649,60,2,0
BRDA:649,60,3,5
BRDA:660,61,0,14
BRDA:660,61,1,1
BRDA:663,62,0,15
BRDA:663,62,1,0
BRDA:663,63,0,15
BRDA:663,63,1,0
BRDA:665,64,0,15
BRDA:665,64,1,0
BRDA:666,65,0,15
BRDA:666,65,1,0
BRDA:669,66,0,2
BRDA:669,66,1,13
BRDA:670,67,0,2
BRDA:670,67,1,0
BRDA:672,68,0,13
BRDA:672,68,1,0
BRDA:679,69,0,15
BRDA:679,69,1,0
BRDA:681,70,0,14
BRDA:681,70,1,1
BRDA:682,71,0,12
BRDA:682,71,1,3
BRDA:682,72,0,15
BRDA:682,72,1,12
BRDA:684,73,0,12
BRDA:684,73,1,0
BRDA:687,74,0,3
BRDA:687,74,1,12
BRDA:688,75,0,3
BRDA:688,75,1,0
BRDA:695,76,0,1
BRDA:695,76,1,14
BRDA:700,77,0,3
BRDA:700,77,1,0
BRDA:700,78,0,3
BRDA:700,78,1,3
BRDA:702,79,0,2
BRDA:702,79,1,1
BRDA:712,80,0,15
BRDA:712,80,1,0
BRDA:713,81,0,15
BRDA:713,81,1,0
BRDA:722,82,0,28
BRDA:722,82,1,64
BRDA:722,83,0,92
BRDA:722,83,1,92
BRDA:744,84,0,0
BRDA:744,84,1,0
BRDA:762,85,0,1
BRDA:762,85,1,2
BRDA:762,86,0,3
BRDA:762,86,1,2
BRDA:767,87,0,1
BRDA:767,87,1,1
BRDA:767,88,0,2
BRDA:767,88,1,1
BRDA:772,89,0,1
BRDA:772,89,1,0
BRDA:772,90,0,1
BRDA:772,90,1,1
BRDA:780,91,0,0
BRDA:780,91,1,3
BRDA:780,92,0,3
BRDA:780,92,1,0
BRDA:808,93,0,16
BRDA:808,93,1,16
BRDA:808,94,0,16
BRDA:808,94,1,0
BRDA:808,95,0,1
BRDA:808,95,1,0
BRDA:808,96,0,0
BRDA:808,96,1,1
BRDA:810,97,0,0
BRDA:810,97,1,40
BRDA:825,98,0,40
BRDA:825,98,1,0
BRDA:835,99,0,37
BRDA:835,99,1,1
BRDA:835,99,2,3
BRDA:871,100,0,8
BRDA:871,100,1,8
BRDA:871,100,2,8
BRDA:871,100,3,7
BRDA:882,101,0,8
BRDA:882,101,1,8
BRDA:882,101,2,7
BRDA:882,101,3,6
BRDA:889,102,0,0
BRDA:889,102,1,0
BRDA:897,103,0,0
BRDA:897,103,1,0
BRDA:904,104,0,0
BRDA:904,104,1,0
BRDA:913,105,0,0
BRDA:913,105,1,0
BRDA:915,106,0,0
BRDA:915,106,1,0
BRDA:930,107,0,0
BRDA:930,107,1,0
BRDA:938,108,0,0
BRDA:938,108,1,0
BRDA:941,109,0,0
BRDA:941,109,1,0
BRDA:943,110,0,0
BRDA:943,110,1,0
BRDA:981,111,0,0
BRDA:981,111,1,0
BRDA:988,112,0,0
BRDA:988,112,1,0
BRDA:1000,113,0,1
BRDA:1000,113,1,1
BRDA:1012,114,0,1
BRDA:1012,114,1,1
BRDA:1048,115,0,1
BRDA:1048,115,1,1
BRDA:1048,116,0,1
BRDA:1048,116,1,0
BRDA:1048,117,0,1
BRDA:1048,117,1,0
BRDA:1048,118,0,0
BRDA:1048,118,1,1
BRDA:1050,119,0,0
BRDA:1050,119,1,1
BRDA:1068,120,0,0
BRDA:1068,120,1,0
BRDA:1072,121,0,0
BRDA:1072,121,1,0
BRDA:1109,122,0,0
BRDA:1109,122,1,0
BRDA:1141,123,0,2
BRDA:1141,123,1,2
BRDA:1141,124,0,2
BRDA:1141,124,1,0
BRDA:1141,125,0,1
BRDA:1141,125,1,0
BRDA:1141,126,0,0
BRDA:1141,126,1,1
BRDA:1143,127,0,0
BRDA:1143,127,1,0
BRDA:1163,128,0,0
BRDA:1163,128,1,0
BRDA:1167,129,0,0
BRDA:1167,129,1,0
BRDA:1211,130,0,0
BRDA:1211,130,1,1
BRDA:1241,131,0,23
BRDA:1241,131,1,23
BRDA:1241,132,0,10
BRDA:1241,132,1,13
BRDA:1241,133,0,1
BRDA:1241,133,1,0
BRDA:1241,134,0,1
BRDA:1241,134,1,0
BRDA:1243,135,0,0
BRDA:1243,135,1,110
BRDA:1292,136,0,80
BRDA:1292,136,1,80
BRDA:1300,137,0,0
BRDA:1300,137,1,0
BRDA:1304,138,0,0
BRDA:1304,138,1,0
BRDA:1332,139,0,43
BRDA:1332,139,1,43
BRDA:1344,140,0,42
BRDA:1344,140,1,1
BRDA:1362,141,0,0
BRDA:1362,141,1,0
BRDA:1370,142,0,0
BRDA:1370,142,1,0
BRDA:1374,143,0,0
BRDA:1374,143,1,0
BRDA:1380,144,0,0
BRDA:1380,144,1,0
BRDA:1382,145,0,0
BRDA:1382,145,1,0
BRDA:1401,146,0,0
BRDA:1401,146,1,0
BRDA:1407,147,0,0
BRDA:1407,147,1,0
BRDA:1407,148,0,0
BRDA:1407,148,1,0
BRDA:1407,148,2,0
BRDA:1425,149,0,0
BRDA:1425,149,1,0
BRDA:1425,150,0,0
BRDA:1425,150,1,0
BRDA:1425,150,2,0
BRDA:1439,151,0,2224
BRDA:1439,151,1,68
BRDA:1444,152,0,82
BRDA:1444,152,1,2
BRDA:1452,153,0,44
BRDA:1452,153,1,40
BRDA:1462,154,0,226
BRDA:1462,154,1,41
BRDA:1468,155,0,0
BRDA:1468,155,1,0
BRDA:1483,156,0,0
BRDA:1483,156,1,2
BRDA:1485,157,0,0
BRDA:1485,157,1,2
BRDA:1487,158,0,0
BRDA:1487,158,1,2
BRDA:1502,159,0,61
BRDA:1502,159,1,37
BRDA:1504,160,0,61
BRDA:1504,160,1,0
BRDA:1505,161,0,0
BRDA:1505,161,1,61
BRDA:1516,162,0,67
BRDA:1516,162,1,61
BRDA:1523,163,0,731
BRDA:1523,163,1,62
BRDA:1525,164,0,24
BRDA:1525,164,1,24
BRDA:1528,165,0,43
BRDA:1528,165,1,43
BRDA:1531,166,0,43
BRDA:1531,166,1,43
BRDA:1534,167,0,83
BRDA:1534,167,1,40
BRDA:1535,168,0,1
BRDA:1535,168,1,82
BRDA:1536,169,0,0
BRDA:1536,169,1,1
BRDA:1542,170,0,0
BRDA:1542,170,1,1
BRDA:1558,171,0,83
BRDA:1558,171,1,40
BRDA:1559,172,0,0
BRDA:1559,172,1,83
BRDA:1560,173,0,0
BRDA:1560,173,1,0
BRDA:1561,174,0,0
BRDA:1561,174,1,0
BRDA:1567,175,0,0
BRDA:1567,175,1,0
BRDA:1575,176,0,0
BRDA:1575,176,1,0
BRDA:1588,177,0,0
BRDA:1588,177,1,80
BRDA:1595,178,0,80
BRDA:1595,178,1,43
BRDA:1597,179,0,0
BRDA:1597,179,1,123
BRDA:1601,180,0,80
BRDA:1601,180,1,43
BRDA:1611,181,0,0
BRDA:1611,181,1,0
BRDA:1616,182,0,0
BRDA:1616,182,1,0
BRDA:1617,183,0,0
BRDA:1617,183,1,0
BRDA:1630,184,0,24
BRDA:1630,184,1,0
BRDA:1630,185,0,24
BRDA:1630,185,1,24
BRDA:1664,186,0,529
BRDA:1664,186,1,62
BRDA:1678,187,0,80
BRDA:1678,187,1,37
BRDA:1683,188,0,180
BRDA:1683,188,1,1
BRDA:1688,189,0,43
BRDA:1688,189,1,1
BRDA:1693,190,0,67
BRDA:1693,190,1,1
BRDA:1698,191,0,67
BRDA:1698,191,1,1
BRDA:1717,192,0,2
BRDA:1717,192,1,2
BRDA:1717,193,0,2
BRDA:1717,193,1,0
BRDA:1717,194,0,1
BRDA:1717,194,1,0
BRDA:1717,195,0,0
BRDA:1717,195,1,1
BRDA:1719,196,0,0
BRDA:1719,196,1,37
BRDA:1775,197,0,0
BRDA:1775,197,1,786
BRDA:1775,198,0,786
BRDA:1775,198,1,786
BRDA:1778,199,0,460
BRDA:1778,199,1,326
BRDA:1780,200,0,138
BRDA:1780,200,1,188
BRDA:1780,201,0,326
BRDA:1780,201,1,326
BRDA:1784,202,0,92
BRDA:1784,202,1,96
BRDA:1784,203,0,188
BRDA:1784,203,1,188
BRDA:1788,204,0,96
BRDA:1788,204,1,0
BRDA:1788,205,0,96
BRDA:1788,205,1,96
BRDA:1811,206,0,10
BRDA:1811,206,1,10
BRDA:1811,207,0,7
BRDA:1811,207,1,3
BRDA:1811,208,0,1
BRDA:1811,208,1,0
BRDA:1811,209,0,0
BRDA:1811,209,1,1
BRDA:1813,210,0,0
BRDA:1813,210,1,55
BRDA:1829,211,0,0
BRDA:1829,211,1,1
BRDA:1833,212,0,0
BRDA:1833,212,1,1
BRDA:1833,213,0,1
BRDA:1833,213,1,0
BRDA:1837,214,0,0
BRDA:1837,214,1,1
BRDA:1839,215,0,0
BRDA:1839,215,1,0
BRDA:1839,216,0,0
BRDA:1839,216,1,0
BRDA:1841,217,0,0
BRDA:1841,217,1,0
BRDA:1843,218,0,0
BRDA:1843,218,1,0
BRDA:1852,219,0,2
BRDA:1852,219,1,2
BRDA:1875,220,0,1
BRDA:1875,220,1,0
BRDA:1886,221,0,10
BRDA:1886,221,1,5
BRDA:1907,222,0,5
BRDA:1907,222,1,5
BRDA:1942,223,0,7
BRDA:1942,223,1,7
BRDA:1942,224,0,1
BRDA:1942,224,1,6
BRDA:1942,225,0,1
BRDA:1942,225,1,0
BRDA:1942,226,0,0
BRDA:1942,226,1,1
BRDA:1944,227,0,0
BRDA:1944,227,1,37
BRDA:1960,228,0,0
BRDA:1960,228,1,0
BRDA:1962,229,0,0
BRDA:1962,229,1,0
BRDA:1968,230,0,0
BRDA:1968,230,1,0
BRDA:1971,231,0,0
BRDA:1971,231,1,0
BRDA:1987,232,0,0
BRDA:1987,232,1,0
BRDA:1998,233,0,141
BRDA:1998,233,1,7
BRDA:2011,234,0,0
BRDA:2011,234,1,0
BRDA:2016,235,0,122
BRDA:2016,235,1,5
BRDA:2032,236,0,1
BRDA:2032,236,1,0
BRDA:2034,237,0,1
BRDA:2034,237,1,0
BRDA:2035,238,0,0
BRDA:2035,238,1,1
BRDA:2048,239,0,1
BRDA:2048,239,1,1
BRDA:2059,240,0,0
BRDA:2059,240,1,0
BRDA:2062,241,0,0
BRDA:2062,241,1,0
BRDA:2064,242,0,0
BRDA:2064,242,1,0
BRDA:2090,243,0,5
BRDA:2090,243,1,5
BRDA:2090,244,0,0
BRDA:2090,244,1,5
BRDA:2090,245,0,1
BRDA:2090,245,1,0
BRDA:2090,246,0,0
BRDA:2090,246,1,1
BRDA:2092,247,0,0
BRDA:2092,247,1,99
BRDA:2102,248,0,115
BRDA:2102,248,1,98
BRDA:2107,249,0,3
BRDA:2107,249,1,1
BRDA:2115,250,0,6
BRDA:2115,250,1,1
BRDA:2123,251,0,3
BRDA:2123,251,1,1
BRDA:2131,252,0,1
BRDA:2131,252,1,1
BRDA:2153,253,0,3
BRDA:2153,253,1,3
BRDA:2153,254,0,3
BRDA:2153,254,1,0
BRDA:2153,255,0,1
BRDA:2153,255,1,0
BRDA:2153,256,0,0
BRDA:2153,256,1,1
BRDA:2155,257,0,0
BRDA:2155,257,1,32
BRDA:2189,258,0,0
BRDA:2189,258,1,0
BRDA:2189,259,0,0
BRDA:2189,259,1,0
BRDA:2189,259,2,0
BRDA:2200,260,0,0
BRDA:2200,260,1,0
BRDA:2216,261,0,0
BRDA:2216,261,1,0
BRDA:2218,262,0,0
BRDA:2218,262,1,0
BRDA:2254,263,0,1
BRDA:2254,263,1,1
BRDA:2254,264,0,1
BRDA:2254,264,1,0
BRDA:2254,265,0,1
BRDA:2254,265,1,0
BRDA:2254,266,0,0
BRDA:2254,266,1,1
BRDA:2256,267,0,0
BRDA:2256,267,1,61
BRDA:2272,268,0,67
BRDA:2272,268,1,63
BRDA:2273,269,0,67
BRDA:2273,269,1,4
BRDA:2273,269,2,3
BRDA:2273,269,3,2
BRDA:2292,270,0,4
BRDA:2292,270,1,4
BRDA:2292,271,0,4
BRDA:2292,271,1,0
BRDA:2292,272,0,1
BRDA:2292,272,1,0
BRDA:2292,273,0,0
BRDA:2292,273,1,1
BRDA:2294,274,0,0
BRDA:2294,274,1,5
BRDA:2312,275,0,8
BRDA:2312,275,1,0
BRDA:2314,276,0,4
BRDA:2314,276,1,4
BRDA:2323,277,0,3
BRDA:2323,277,1,0
BRDA:2331,278,0,1
BRDA:2331,278,1,0
BRDA:2339,279,0,1
BRDA:2339,279,1,0
BRDA:2360,280,0,0
BRDA:2360,280,1,0
BRDA:2372,281,0,0
BRDA:2372,281,1,0
BRDA:2374,282,0,0
BRDA:2374,282,1,0
BRDA:2376,283,0,0
BRDA:2376,283,1,0
BRDA:2376,284,0,0
BRDA:2376,284,1,0
BRDA:2378,285,0,0
BRDA:2378,285,1,0
BRDA:2378,286,0,0
BRDA:2378,286,1,0
BRDA:2385,287,0,0
BRDA:2385,287,1,0
BRDA:2385,287,2,0
BRDA:2385,287,3,0
BRDA:2385,287,4,0
BRDA:2385,287,5,0
BRDA:2427,288,0,0
BRDA:2427,288,1,0
BRDA:2433,289,0,0
BRDA:2433,289,1,0
BRDA:2433,290,0,0
BRDA:2433,290,1,0
BRDA:2439,291,0,0
BRDA:2439,291,1,0
BRDA:2440,292,0,0
BRDA:2440,292,1,0
BRDA:2442,293,0,0
BRDA:2442,293,1,0
BRDA:2444,294,0,0
BRDA:2444,294,1,0
BRDA:2468,295,0,0
BRDA:2468,295,1,0
BRDA:2469,296,0,0
BRDA:2469,296,1,0
BRDA:3368,297,0,1
BRDA:3368,297,1,0
BRDA:3369,298,0,1
BRDA:3369,298,1,0
BRF:613
BRH:333
end_of_record
